Analysis & Synthesis report for Hex_Keypad_Grayhill_072
Fri Apr 21 08:10:56 2023
Quartus Prime Version 22.1std.1 Build 917 02/14/2023 SC Lite Edition


---------------------
; Table of Contents ;
---------------------
  1. Legal Notice
  2. Analysis & Synthesis Summary
  3. Analysis & Synthesis Settings
  4. Parallel Compilation
  5. Analysis & Synthesis Source Files Read
  6. Analysis & Synthesis Resource Usage Summary
  7. Analysis & Synthesis Resource Utilization by Entity
  8. State Machine - |Hex_Keypad_Grayhill_072|state
  9. User-Specified and Inferred Latches
 10. Registers Removed During Synthesis
 11. General Register Statistics
 12. Parameter Settings for User Entity Instance: Top-level Entity: |Hex_Keypad_Grayhill_072
 13. Parameter Settings for User Entity Instance: regn:r1
 14. Port Connectivity Checks: "regn:r1"
 15. Post-Synthesis Netlist Statistics for Top Partition
 16. Elapsed Time Per Partition
 17. Analysis & Synthesis Messages



----------------
; Legal Notice ;
----------------
Copyright (C) 2023  Intel Corporation. All rights reserved.
Your use of Intel Corporation's design tools, logic functions 
and other software and tools, and any partner logic 
functions, and any output files from any of the foregoing 
(including device programming or simulation files), and any 
associated documentation or information are expressly subject 
to the terms and conditions of the Intel Program License 
Subscription Agreement, the Intel Quartus Prime License Agreement,
the Intel FPGA IP License Agreement, or other applicable license
agreement, including, without limitation, that your use is for
the sole purpose of programming logic devices manufactured by
Intel and sold by Intel or its authorized distributors.  Please
refer to the applicable agreement for further details, at
https://fpgasoftware.intel.com/eula.



+-------------------------------------------------------------------------------------+
; Analysis & Synthesis Summary                                                        ;
+------------------------------------+------------------------------------------------+
; Analysis & Synthesis Status        ; Successful - Fri Apr 21 08:10:56 2023          ;
; Quartus Prime Version              ; 22.1std.1 Build 917 02/14/2023 SC Lite Edition ;
; Revision Name                      ; Hex_Keypad_Grayhill_072                        ;
; Top-level Entity Name              ; Hex_Keypad_Grayhill_072                        ;
; Family                             ; MAX 10                                         ;
; Total logic elements               ; 66                                             ;
;     Total combinational functions  ; 66                                             ;
;     Dedicated logic registers      ; 11                                             ;
; Total registers                    ; 11                                             ;
; Total pins                         ; 18                                             ;
; Total virtual pins                 ; 0                                              ;
; Total memory bits                  ; 0                                              ;
; Embedded Multiplier 9-bit elements ; 0                                              ;
; Total PLLs                         ; 0                                              ;
; UFM blocks                         ; 0                                              ;
; ADC blocks                         ; 0                                              ;
+------------------------------------+------------------------------------------------+


+----------------------------------------------------------------------------------------------------------------------+
; Analysis & Synthesis Settings                                                                                        ;
+------------------------------------------------------------------+-------------------------+-------------------------+
; Option                                                           ; Setting                 ; Default Value           ;
+------------------------------------------------------------------+-------------------------+-------------------------+
; Device                                                           ; 10M50DAF484C7G          ;                         ;
; Top-level entity name                                            ; Hex_Keypad_Grayhill_072 ; Hex_Keypad_Grayhill_072 ;
; Family name                                                      ; MAX 10                  ; Cyclone V               ;
; Use smart compilation                                            ; Off                     ; Off                     ;
; Enable parallel Assembler and Timing Analyzer during compilation ; On                      ; On                      ;
; Enable compact report table                                      ; Off                     ; Off                     ;
; Restructure Multiplexers                                         ; Auto                    ; Auto                    ;
; Create Debugging Nodes for IP Cores                              ; Off                     ; Off                     ;
; Preserve fewer node names                                        ; On                      ; On                      ;
; Intel FPGA IP Evaluation Mode                                    ; Enable                  ; Enable                  ;
; Verilog Version                                                  ; Verilog_2001            ; Verilog_2001            ;
; VHDL Version                                                     ; VHDL_1993               ; VHDL_1993               ;
; State Machine Processing                                         ; Auto                    ; Auto                    ;
; Safe State Machine                                               ; Off                     ; Off                     ;
; Extract Verilog State Machines                                   ; On                      ; On                      ;
; Extract VHDL State Machines                                      ; On                      ; On                      ;
; Ignore Verilog initial constructs                                ; Off                     ; Off                     ;
; Iteration limit for constant Verilog loops                       ; 5000                    ; 5000                    ;
; Iteration limit for non-constant Verilog loops                   ; 250                     ; 250                     ;
; Add Pass-Through Logic to Inferred RAMs                          ; On                      ; On                      ;
; Infer RAMs from Raw Logic                                        ; On                      ; On                      ;
; Parallel Synthesis                                               ; On                      ; On                      ;
; DSP Block Balancing                                              ; Auto                    ; Auto                    ;
; NOT Gate Push-Back                                               ; On                      ; On                      ;
; Power-Up Don't Care                                              ; On                      ; On                      ;
; Remove Redundant Logic Cells                                     ; Off                     ; Off                     ;
; Remove Duplicate Registers                                       ; On                      ; On                      ;
; Ignore CARRY Buffers                                             ; Off                     ; Off                     ;
; Ignore CASCADE Buffers                                           ; Off                     ; Off                     ;
; Ignore GLOBAL Buffers                                            ; Off                     ; Off                     ;
; Ignore ROW GLOBAL Buffers                                        ; Off                     ; Off                     ;
; Ignore LCELL Buffers                                             ; Off                     ; Off                     ;
; Ignore SOFT Buffers                                              ; On                      ; On                      ;
; Limit AHDL Integers to 32 Bits                                   ; Off                     ; Off                     ;
; Optimization Technique                                           ; Balanced                ; Balanced                ;
; Carry Chain Length                                               ; 70                      ; 70                      ;
; Auto Carry Chains                                                ; On                      ; On                      ;
; Auto Open-Drain Pins                                             ; On                      ; On                      ;
; Perform WYSIWYG Primitive Resynthesis                            ; Off                     ; Off                     ;
; Auto ROM Replacement                                             ; On                      ; On                      ;
; Auto RAM Replacement                                             ; On                      ; On                      ;
; Auto DSP Block Replacement                                       ; On                      ; On                      ;
; Auto Shift Register Replacement                                  ; Auto                    ; Auto                    ;
; Allow Shift Register Merging across Hierarchies                  ; Auto                    ; Auto                    ;
; Auto Clock Enable Replacement                                    ; On                      ; On                      ;
; Strict RAM Replacement                                           ; Off                     ; Off                     ;
; Allow Synchronous Control Signals                                ; On                      ; On                      ;
; Force Use of Synchronous Clear Signals                           ; Off                     ; Off                     ;
; Auto RAM Block Balancing                                         ; On                      ; On                      ;
; Auto RAM to Logic Cell Conversion                                ; Off                     ; Off                     ;
; Auto Resource Sharing                                            ; Off                     ; Off                     ;
; Allow Any RAM Size For Recognition                               ; Off                     ; Off                     ;
; Allow Any ROM Size For Recognition                               ; Off                     ; Off                     ;
; Allow Any Shift Register Size For Recognition                    ; Off                     ; Off                     ;
; Use LogicLock Constraints during Resource Balancing              ; On                      ; On                      ;
; Ignore translate_off and synthesis_off directives                ; Off                     ; Off                     ;
; Timing-Driven Synthesis                                          ; On                      ; On                      ;
; Report Parameter Settings                                        ; On                      ; On                      ;
; Report Source Assignments                                        ; On                      ; On                      ;
; Report Connectivity Checks                                       ; On                      ; On                      ;
; Ignore Maximum Fan-Out Assignments                               ; Off                     ; Off                     ;
; Synchronization Register Chain Length                            ; 2                       ; 2                       ;
; Power Optimization During Synthesis                              ; Normal compilation      ; Normal compilation      ;
; HDL message level                                                ; Level2                  ; Level2                  ;
; Suppress Register Optimization Related Messages                  ; Off                     ; Off                     ;
; Number of Removed Registers Reported in Synthesis Report         ; 5000                    ; 5000                    ;
; Number of Swept Nodes Reported in Synthesis Report               ; 5000                    ; 5000                    ;
; Number of Inverted Registers Reported in Synthesis Report        ; 100                     ; 100                     ;
; Clock MUX Protection                                             ; On                      ; On                      ;
; Auto Gated Clock Conversion                                      ; Off                     ; Off                     ;
; Block Design Naming                                              ; Auto                    ; Auto                    ;
; SDC constraint protection                                        ; Off                     ; Off                     ;
; Synthesis Effort                                                 ; Auto                    ; Auto                    ;
; Shift Register Replacement - Allow Asynchronous Clear Signal     ; On                      ; On                      ;
; Pre-Mapping Resynthesis Optimization                             ; Off                     ; Off                     ;
; Analysis & Synthesis Message Level                               ; Medium                  ; Medium                  ;
; Disable Register Merging Across Hierarchies                      ; Auto                    ; Auto                    ;
; Resource Aware Inference For Block RAM                           ; On                      ; On                      ;
+------------------------------------------------------------------+-------------------------+-------------------------+


+------------------------------------------+
; Parallel Compilation                     ;
+----------------------------+-------------+
; Processors                 ; Number      ;
+----------------------------+-------------+
; Number detected on machine ; 12          ;
; Maximum allowed            ; 6           ;
;                            ;             ;
; Average used               ; 1.00        ;
; Maximum used               ; 6           ;
;                            ;             ;
; Usage by Processor         ; % Time Used ;
;     Processor 1            ; 100.0%      ;
;     Processors 2-6         ;   0.0%      ;
+----------------------------+-------------+


+----------------------------------------------------------------------------------------------------------------------------------------------------------------------------------------------+
; Analysis & Synthesis Source Files Read                                                                                                                                                       ;
+----------------------------------+-----------------+------------------------+------------------------------------------------------------------------------------------------------+---------+
; File Name with User-Entered Path ; Used in Netlist ; File Type              ; File Name with Absolute Path                                                                         ; Library ;
+----------------------------------+-----------------+------------------------+------------------------------------------------------------------------------------------------------+---------+
; Hex_Keypad_Grayhill_072.v        ; yes             ; User Verilog HDL File  ; C:/Users/oars0/Documents/School/Design_and_synthesis/FinalProject/Grayhill/Hex_Keypad_Grayhill_072.v ;         ;
+----------------------------------+-----------------+------------------------+------------------------------------------------------------------------------------------------------+---------+


+-------------------------------------------------------------------+
; Analysis & Synthesis Resource Usage Summary                       ;
+---------------------------------------------+---------------------+
; Resource                                    ; Usage               ;
+---------------------------------------------+---------------------+
; Estimated Total logic elements              ; 66                  ;
;                                             ;                     ;
; Total combinational functions               ; 66                  ;
; Logic element usage by number of LUT inputs ;                     ;
;     -- 4 input functions                    ; 38                  ;
;     -- 3 input functions                    ; 13                  ;
;     -- <=2 input functions                  ; 15                  ;
;                                             ;                     ;
; Logic elements by mode                      ;                     ;
;     -- normal mode                          ; 66                  ;
;     -- arithmetic mode                      ; 0                   ;
;                                             ;                     ;
; Total registers                             ; 11                  ;
;     -- Dedicated logic registers            ; 11                  ;
;     -- I/O registers                        ; 0                   ;
;                                             ;                     ;
; I/O pins                                    ; 18                  ;
;                                             ;                     ;
; Embedded Multiplier 9-bit elements          ; 0                   ;
;                                             ;                     ;
; Maximum fan-out node                        ; Arduino_IO[4]~input ;
; Maximum fan-out                             ; 12                  ;
; Total fan-out                               ; 281                 ;
; Average fan-out                             ; 2.32                ;
+---------------------------------------------+---------------------+


+----------------------------------------------------------------------------------------------------------------------------------------------------------------------------------------------------------------------------------------------------------------+
; Analysis & Synthesis Resource Utilization by Entity                                                                                                                                                                                                            ;
+----------------------------+---------------------+---------------------------+-------------+------------+--------------+---------+-----------+------+--------------+------------+-------------------------------------+-------------------------+--------------+
; Compilation Hierarchy Node ; Combinational ALUTs ; Dedicated Logic Registers ; Memory Bits ; UFM Blocks ; DSP Elements ; DSP 9x9 ; DSP 18x18 ; Pins ; Virtual Pins ; ADC blocks ; Full Hierarchy Name                 ; Entity Name             ; Library Name ;
+----------------------------+---------------------+---------------------------+-------------+------------+--------------+---------+-----------+------+--------------+------------+-------------------------------------+-------------------------+--------------+
; |Hex_Keypad_Grayhill_072   ; 66 (59)             ; 11 (7)                    ; 0           ; 0          ; 0            ; 0       ; 0         ; 18   ; 0            ; 0          ; |Hex_Keypad_Grayhill_072            ; Hex_Keypad_Grayhill_072 ; work         ;
;    |hex7seg:h1|            ; 7 (7)               ; 0 (0)                     ; 0           ; 0          ; 0            ; 0       ; 0         ; 0    ; 0            ; 0          ; |Hex_Keypad_Grayhill_072|hex7seg:h1 ; hex7seg                 ; work         ;
;    |regn:r1|               ; 0 (0)               ; 4 (4)                     ; 0           ; 0          ; 0            ; 0       ; 0         ; 0    ; 0            ; 0          ; |Hex_Keypad_Grayhill_072|regn:r1    ; regn                    ; work         ;
+----------------------------+---------------------+---------------------------+-------------+------------+--------------+---------+-----------+------+--------------+------------+-------------------------------------+-------------------------+--------------+
Note: For table entries with two numbers listed, the numbers in parentheses indicate the number of resources of the given type used by the specific entity alone. The numbers listed outside of parentheses indicate the total resources of the given type used by the specific entity and all of its sub-entities in the hierarchy.


Encoding Type:  One-Hot
+-------------------------------------------------------------------------------------------------+
; State Machine - |Hex_Keypad_Grayhill_072|state                                                  ;
+------------+------------+-----------+-----------+-----------+-----------+-----------+-----------+
; Name       ; state.S_00 ; state.S_1 ; state.S_0 ; state.S_5 ; state.S_4 ; state.S_3 ; state.S_2 ;
+------------+------------+-----------+-----------+-----------+-----------+-----------+-----------+
; state.S_0  ; 0          ; 0         ; 0         ; 0         ; 0         ; 0         ; 0         ;
; state.S_1  ; 0          ; 1         ; 1         ; 0         ; 0         ; 0         ; 0         ;
; state.S_00 ; 1          ; 0         ; 1         ; 0         ; 0         ; 0         ; 0         ;
; state.S_2  ; 0          ; 0         ; 1         ; 0         ; 0         ; 0         ; 1         ;
; state.S_3  ; 0          ; 0         ; 1         ; 0         ; 0         ; 1         ; 0         ;
; state.S_4  ; 0          ; 0         ; 1         ; 0         ; 1         ; 0         ; 0         ;
; state.S_5  ; 0          ; 0         ; 1         ; 1         ; 0         ; 0         ; 0         ;
+------------+------------+-----------+-----------+-----------+-----------+-----------+-----------+


+---------------------------------------------------------------------------------------------------+
; User-Specified and Inferred Latches                                                               ;
+----------------------------------------------------+---------------------+------------------------+
; Latch Name                                         ; Latch Enable Signal ; Free of Timing Hazards ;
+----------------------------------------------------+---------------------+------------------------+
; next_state.S_5_156                                 ; Selector0           ; yes                    ;
; next_state.S_0_207                                 ; Selector0           ; yes                    ;
; next_state.S_1_198                                 ; Selector0           ; yes                    ;
; next_state.S_2_183                                 ; Selector0           ; yes                    ;
; next_state.S_3_174                                 ; Selector0           ; yes                    ;
; next_state.S_4_165                                 ; Selector0           ; yes                    ;
; next_state.S_00_189                                ; GND                 ; yes                    ;
; Number of user-specified and inferred latches = 7  ;                     ;                        ;
+----------------------------------------------------+---------------------+------------------------+
Note: All latches listed above may not be present at the end of synthesis due to various synthesis optimizations.


+------------------------------------------------------------+
; Registers Removed During Synthesis                         ;
+---------------------------------------+--------------------+
; Register name                         ; Reason for Removal ;
+---------------------------------------+--------------------+
; state~2                               ; Lost fanout        ;
; state~3                               ; Lost fanout        ;
; Total Number of Removed Registers = 2 ;                    ;
+---------------------------------------+--------------------+


+------------------------------------------------------+
; General Register Statistics                          ;
+----------------------------------------------+-------+
; Statistic                                    ; Value ;
+----------------------------------------------+-------+
; Total registers                              ; 11    ;
; Number of registers using Synchronous Clear  ; 1     ;
; Number of registers using Synchronous Load   ; 0     ;
; Number of registers using Asynchronous Clear ; 0     ;
; Number of registers using Asynchronous Load  ; 0     ;
; Number of registers using Clock Enable       ; 0     ;
; Number of registers using Preset             ; 0     ;
+----------------------------------------------+-------+


+-----------------------------------------------------------------------------------------+
; Parameter Settings for User Entity Instance: Top-level Entity: |Hex_Keypad_Grayhill_072 ;
+----------------+--------+---------------------------------------------------------------+
; Parameter Name ; Value  ; Type                                                          ;
+----------------+--------+---------------------------------------------------------------+
; S_0            ; 000001 ; Unsigned Binary                                               ;
; S_00           ; 000011 ; Unsigned Binary                                               ;
; S_1            ; 000010 ; Unsigned Binary                                               ;
; S_2            ; 000100 ; Unsigned Binary                                               ;
; S_3            ; 001000 ; Unsigned Binary                                               ;
; S_4            ; 010000 ; Unsigned Binary                                               ;
; S_5            ; 100000 ; Unsigned Binary                                               ;
+----------------+--------+---------------------------------------------------------------+
Note: In order to hide this table in the UI and the text report file, please set the "Show Parameter Settings in Synthesis Report" option in "Analysis and Synthesis Settings -> More Settings" to "Off".


+------------------------------------------------------+
; Parameter Settings for User Entity Instance: regn:r1 ;
+----------------+-------+-----------------------------+
; Parameter Name ; Value ; Type                        ;
+----------------+-------+-----------------------------+
; n              ; 4     ; Signed Integer              ;
+----------------+-------+-----------------------------+
Note: In order to hide this table in the UI and the text report file, please set the "Show Parameter Settings in Synthesis Report" option in "Analysis and Synthesis Settings -> More Settings" to "Off".


+----------------------------------------+
; Port Connectivity Checks: "regn:r1"    ;
+------+-------+----------+--------------+
; Port ; Type  ; Severity ; Details      ;
+------+-------+----------+--------------+
; Rin  ; Input ; Info     ; Stuck at VCC ;
+------+-------+----------+--------------+


+-----------------------------------------------------+
; Post-Synthesis Netlist Statistics for Top Partition ;
+-----------------------+-----------------------------+
; Type                  ; Count                       ;
+-----------------------+-----------------------------+
; boundary_port         ; 18                          ;
; cycloneiii_ff         ; 11                          ;
;     SCLR              ; 1                           ;
;     plain             ; 10                          ;
; cycloneiii_io_obuf    ; 8                           ;
; cycloneiii_lcell_comb ; 67                          ;
;     normal            ; 67                          ;
;         1 data inputs ; 1                           ;
;         2 data inputs ; 15                          ;
;         3 data inputs ; 13                          ;
;         4 data inputs ; 38                          ;
;                       ;                             ;
; Max LUT depth         ; 5.00                        ;
; Average LUT depth     ; 2.67                        ;
+-----------------------+-----------------------------+


+-------------------------------+
; Elapsed Time Per Partition    ;
+----------------+--------------+
; Partition Name ; Elapsed Time ;
+----------------+--------------+
; Top            ; 00:00:00     ;
+----------------+--------------+


+-------------------------------+
; Analysis & Synthesis Messages ;
+-------------------------------+
Info: *******************************************************************
Info: Running Quartus Prime Analysis & Synthesis
    Info: Version 22.1std.1 Build 917 02/14/2023 SC Lite Edition
    Info: Processing started: Fri Apr 21 08:10:47 2023
Info: Command: quartus_map --read_settings_files=on --write_settings_files=off Ciletti_decoder -c Hex_Keypad_Grayhill_072
Warning (18236): Number of processors has not been specified which may cause overloading on shared machines.  Set the global assignment NUM_PARALLEL_PROCESSORS in your QSF to an appropriate value for best performance.
Info (20030): Parallel compilation is enabled and will use 6 of the 6 processors detected
Info (12021): Found 3 design units, including 3 entities, in source file hex_keypad_grayhill_072.v
    Info (12023): Found entity 1: Hex_Keypad_Grayhill_072 File: C:/Users/oars0/Documents/School/Design_and_synthesis/FinalProject/Grayhill/Hex_Keypad_Grayhill_072.v Line: 1
    Info (12023): Found entity 2: regn File: C:/Users/oars0/Documents/School/Design_and_synthesis/FinalProject/Grayhill/Hex_Keypad_Grayhill_072.v Line: 92
    Info (12023): Found entity 3: hex7seg File: C:/Users/oars0/Documents/School/Design_and_synthesis/FinalProject/Grayhill/Hex_Keypad_Grayhill_072.v Line: 104
Warning (10037): Verilog HDL or VHDL warning at Hex_Keypad_Grayhill_072.v(112): conditional expression evaluates to a constant File: C:/Users/oars0/Documents/School/Design_and_synthesis/FinalProject/Grayhill/Hex_Keypad_Grayhill_072.v Line: 112
Info (12127): Elaborating entity "Hex_Keypad_Grayhill_072" for the top level hierarchy
Warning (10240): Verilog HDL Always Construct warning at Hex_Keypad_Grayhill_072.v(60): inferring latch(es) for variable "next_state", which holds its previous value in one or more paths through the always construct File: C:/Users/oars0/Documents/School/Design_and_synthesis/FinalProject/Grayhill/Hex_Keypad_Grayhill_072.v Line: 60
Info (10041): Inferred latch for "next_state.S_5" at Hex_Keypad_Grayhill_072.v(60) File: C:/Users/oars0/Documents/School/Design_and_synthesis/FinalProject/Grayhill/Hex_Keypad_Grayhill_072.v Line: 60
Info (10041): Inferred latch for "next_state.S_4" at Hex_Keypad_Grayhill_072.v(60) File: C:/Users/oars0/Documents/School/Design_and_synthesis/FinalProject/Grayhill/Hex_Keypad_Grayhill_072.v Line: 60
Info (10041): Inferred latch for "next_state.S_3" at Hex_Keypad_Grayhill_072.v(60) File: C:/Users/oars0/Documents/School/Design_and_synthesis/FinalProject/Grayhill/Hex_Keypad_Grayhill_072.v Line: 60
Info (10041): Inferred latch for "next_state.S_2" at Hex_Keypad_Grayhill_072.v(60) File: C:/Users/oars0/Documents/School/Design_and_synthesis/FinalProject/Grayhill/Hex_Keypad_Grayhill_072.v Line: 60
Info (10041): Inferred latch for "next_state.S_00" at Hex_Keypad_Grayhill_072.v(60) File: C:/Users/oars0/Documents/School/Design_and_synthesis/FinalProject/Grayhill/Hex_Keypad_Grayhill_072.v Line: 60
Info (10041): Inferred latch for "next_state.S_1" at Hex_Keypad_Grayhill_072.v(60) File: C:/Users/oars0/Documents/School/Design_and_synthesis/FinalProject/Grayhill/Hex_Keypad_Grayhill_072.v Line: 60
Info (10041): Inferred latch for "next_state.S_0" at Hex_Keypad_Grayhill_072.v(60) File: C:/Users/oars0/Documents/School/Design_and_synthesis/FinalProject/Grayhill/Hex_Keypad_Grayhill_072.v Line: 60
Info (12128): Elaborating entity "regn" for hierarchy "regn:r1" File: C:/Users/oars0/Documents/School/Design_and_synthesis/FinalProject/Grayhill/Hex_Keypad_Grayhill_072.v Line: 81
Info (12128): Elaborating entity "hex7seg" for hierarchy "hex7seg:h1" File: C:/Users/oars0/Documents/School/Design_and_synthesis/FinalProject/Grayhill/Hex_Keypad_Grayhill_072.v Line: 83
Warning (13034): The following nodes have both tri-state and non-tri-state drivers
    Warning (13035): Inserted always-enabled tri-state buffer between "Arduino_IO[0]" and its non-tri-state driver. File: C:/Users/oars0/Documents/School/Design_and_synthesis/FinalProject/Grayhill/Hex_Keypad_Grayhill_072.v Line: 4
    Warning (13035): Inserted always-enabled tri-state buffer between "Arduino_IO[1]" and its non-tri-state driver. File: C:/Users/oars0/Documents/School/Design_and_synthesis/FinalProject/Grayhill/Hex_Keypad_Grayhill_072.v Line: 4
    Warning (13035): Inserted always-enabled tri-state buffer between "Arduino_IO[2]" and its non-tri-state driver. File: C:/Users/oars0/Documents/School/Design_and_synthesis/FinalProject/Grayhill/Hex_Keypad_Grayhill_072.v Line: 4
    Warning (13035): Inserted always-enabled tri-state buffer between "Arduino_IO[3]" and its non-tri-state driver. File: C:/Users/oars0/Documents/School/Design_and_synthesis/FinalProject/Grayhill/Hex_Keypad_Grayhill_072.v Line: 4
Warning (13039): The following bidirectional pins have no drivers
    Warning (13040): bidirectional pin "Arduino_IO[4]" has no driver File: C:/Users/oars0/Documents/School/Design_and_synthesis/FinalProject/Grayhill/Hex_Keypad_Grayhill_072.v Line: 4
    Warning (13040): bidirectional pin "Arduino_IO[5]" has no driver File: C:/Users/oars0/Documents/School/Design_and_synthesis/FinalProject/Grayhill/Hex_Keypad_Grayhill_072.v Line: 4
    Warning (13040): bidirectional pin "Arduino_IO[6]" has no driver File: C:/Users/oars0/Documents/School/Design_and_synthesis/FinalProject/Grayhill/Hex_Keypad_Grayhill_072.v Line: 4
    Warning (13040): bidirectional pin "Arduino_IO[7]" has no driver File: C:/Users/oars0/Documents/School/Design_and_synthesis/FinalProject/Grayhill/Hex_Keypad_Grayhill_072.v Line: 4
Warning (13012): Latch next_state.S_5_156 has unsafe behavior File: C:/Users/oars0/Documents/School/Design_and_synthesis/FinalProject/Grayhill/Hex_Keypad_Grayhill_072.v Line: 60
    Warning (13013): Ports D and ENA on the latch are fed by the same signal S_Row~synth File: C:/Users/oars0/Documents/School/Design_and_synthesis/FinalProject/Grayhill/Hex_Keypad_Grayhill_072.v Line: 12
Warning (13012): Latch next_state.S_0_207 has unsafe behavior File: C:/Users/oars0/Documents/School/Design_and_synthesis/FinalProject/Grayhill/Hex_Keypad_Grayhill_072.v Line: 60
    Warning (13013): Ports D and ENA on the latch are fed by the same signal S_Row~synth File: C:/Users/oars0/Documents/School/Design_and_synthesis/FinalProject/Grayhill/Hex_Keypad_Grayhill_072.v Line: 12
Warning (13012): Latch next_state.S_1_198 has unsafe behavior File: C:/Users/oars0/Documents/School/Design_and_synthesis/FinalProject/Grayhill/Hex_Keypad_Grayhill_072.v Line: 60
    Warning (13013): Ports D and ENA on the latch are fed by the same signal Arduino_IO[7]~synth File: C:/Users/oars0/Documents/School/Design_and_synthesis/FinalProject/Grayhill/Hex_Keypad_Grayhill_072.v Line: 4
Warning (13012): Latch next_state.S_2_183 has unsafe behavior File: C:/Users/oars0/Documents/School/Design_and_synthesis/FinalProject/Grayhill/Hex_Keypad_Grayhill_072.v Line: 60
    Warning (13013): Ports D and ENA on the latch are fed by the same signal Arduino_IO[7]~synth File: C:/Users/oars0/Documents/School/Design_and_synthesis/FinalProject/Grayhill/Hex_Keypad_Grayhill_072.v Line: 4
Warning (13012): Latch next_state.S_3_174 has unsafe behavior File: C:/Users/oars0/Documents/School/Design_and_synthesis/FinalProject/Grayhill/Hex_Keypad_Grayhill_072.v Line: 60
    Warning (13013): Ports D and ENA on the latch are fed by the same signal Arduino_IO[7]~synth File: C:/Users/oars0/Documents/School/Design_and_synthesis/FinalProject/Grayhill/Hex_Keypad_Grayhill_072.v Line: 4
Warning (13012): Latch next_state.S_4_165 has unsafe behavior File: C:/Users/oars0/Documents/School/Design_and_synthesis/FinalProject/Grayhill/Hex_Keypad_Grayhill_072.v Line: 60
    Warning (13013): Ports D and ENA on the latch are fed by the same signal Arduino_IO[7]~synth File: C:/Users/oars0/Documents/School/Design_and_synthesis/FinalProject/Grayhill/Hex_Keypad_Grayhill_072.v Line: 4
Warning (13009): TRI or OPNDRN buffers permanently enabled
    Warning (13010): Node "Arduino_IO[0]~synth" File: C:/Users/oars0/Documents/School/Design_and_synthesis/FinalProject/Grayhill/Hex_Keypad_Grayhill_072.v Line: 4
    Warning (13010): Node "Arduino_IO[1]~synth" File: C:/Users/oars0/Documents/School/Design_and_synthesis/FinalProject/Grayhill/Hex_Keypad_Grayhill_072.v Line: 4
    Warning (13010): Node "Arduino_IO[2]~synth" File: C:/Users/oars0/Documents/School/Design_and_synthesis/FinalProject/Grayhill/Hex_Keypad_Grayhill_072.v Line: 4
    Warning (13010): Node "Arduino_IO[3]~synth" File: C:/Users/oars0/Documents/School/Design_and_synthesis/FinalProject/Grayhill/Hex_Keypad_Grayhill_072.v Line: 4
Info (286030): Timing-Driven Synthesis is running
Info (17049): 2 registers lost all their fanouts during netlist optimizations.
Info (16010): Generating hard_block partition "hard_block:auto_generated_inst"
    Info (16011): Adding 0 node(s), including 0 DDIO, 0 PLL, 0 transceiver and 0 LCELL
Warning (21074): Design contains 1 input pin(s) that do not drive logic
    Warning (15610): No output dependent on input pin "KEY0" File: C:/Users/oars0/Documents/School/Design_and_synthesis/FinalProject/Grayhill/Hex_Keypad_Grayhill_072.v Line: 5
Info (21057): Implemented 84 device resources after synthesis - the final resource count might be different
    Info (21058): Implemented 3 input pins
    Info (21059): Implemented 7 output pins
    Info (21060): Implemented 8 bidirectional pins
    Info (21061): Implemented 66 logic cells
Info: Quartus Prime Analysis & Synthesis was successful. 0 errors, 32 warnings
    Info: Peak virtual memory: 4806 megabytes
    Info: Processing ended: Fri Apr 21 08:10:56 2023
    Info: Elapsed time: 00:00:09
    Info: Total CPU time (on all processors): 00:00:09


