Analysis & Synthesis report for Lab6
Thu Apr 20 09:23:27 2023
Quartus Prime Version 22.1std.1 Build 917 02/14/2023 SC Lite Edition


---------------------
; Table of Contents ;
---------------------
  1. Legal Notice
  2. Analysis & Synthesis Summary
  3. Analysis & Synthesis Settings
  4. Parallel Compilation
  5. Analysis & Synthesis Source Files Read
  6. Analysis & Synthesis Resource Usage Summary
  7. Analysis & Synthesis Resource Utilization by Entity
  8. State Machine - |Lab6|proc:processor|Tstep_Q
  9. Registers Removed During Synthesis
 10. Removed Registers Triggering Further Register Optimizations
 11. General Register Statistics
 12. Multiplexer Restructuring Statistics (Restructuring Performed)
 13. Parameter Settings for User Entity Instance: proc:processor
 14. Parameter Settings for User Entity Instance: proc:processor|regn:reg_0
 15. Parameter Settings for User Entity Instance: proc:processor|regn:reg_1
 16. Parameter Settings for User Entity Instance: proc:processor|regn:reg_2
 17. Parameter Settings for User Entity Instance: proc:processor|regn:reg_3
 18. Parameter Settings for User Entity Instance: proc:processor|regn:reg_4
 19. Parameter Settings for User Entity Instance: proc:processor|regn:reg_5
 20. Parameter Settings for User Entity Instance: proc:processor|regn:reg_6
 21. Parameter Settings for User Entity Instance: proc:processor|regn:reg_7
 22. Parameter Settings for User Entity Instance: proc:processor|regn:reg_A
 23. Parameter Settings for User Entity Instance: proc:processor|regn:reg_G
 24. Parameter Settings for User Entity Instance: proc:processor|regn:reg_IR
 25. Port Connectivity Checks: "proc:processor|dec3to8:decY"
 26. Port Connectivity Checks: "proc:processor|dec3to8:decX"
 27. Port Connectivity Checks: "proc:processor"
 28. Post-Synthesis Netlist Statistics for Top Partition
 29. Elapsed Time Per Partition
 30. Analysis & Synthesis Messages



----------------
; Legal Notice ;
----------------
Copyright (C) 2023  Intel Corporation. All rights reserved.
Your use of Intel Corporation's design tools, logic functions 
and other software and tools, and any partner logic 
functions, and any output files from any of the foregoing 
(including device programming or simulation files), and any 
associated documentation or information are expressly subject 
to the terms and conditions of the Intel Program License 
Subscription Agreement, the Intel Quartus Prime License Agreement,
the Intel FPGA IP License Agreement, or other applicable license
agreement, including, without limitation, that your use is for
the sole purpose of programming logic devices manufactured by
Intel and sold by Intel or its authorized distributors.  Please
refer to the applicable agreement for further details, at
https://fpgasoftware.intel.com/eula.



+-------------------------------------------------------------------------------------+
; Analysis & Synthesis Summary                                                        ;
+------------------------------------+------------------------------------------------+
; Analysis & Synthesis Status        ; Successful - Thu Apr 20 09:23:27 2023          ;
; Quartus Prime Version              ; 22.1std.1 Build 917 02/14/2023 SC Lite Edition ;
; Revision Name                      ; Lab6                                           ;
; Top-level Entity Name              ; Lab6                                           ;
; Family                             ; MAX 10                                         ;
; Total logic elements               ; 188                                            ;
;     Total combinational functions  ; 116                                            ;
;     Dedicated logic registers      ; 83                                             ;
; Total registers                    ; 83                                             ;
; Total pins                         ; 22                                             ;
; Total virtual pins                 ; 0                                              ;
; Total memory bits                  ; 0                                              ;
; Embedded Multiplier 9-bit elements ; 0                                              ;
; Total PLLs                         ; 0                                              ;
; UFM blocks                         ; 0                                              ;
; ADC blocks                         ; 0                                              ;
+------------------------------------+------------------------------------------------+


+------------------------------------------------------------------------------------------------------------+
; Analysis & Synthesis Settings                                                                              ;
+------------------------------------------------------------------+--------------------+--------------------+
; Option                                                           ; Setting            ; Default Value      ;
+------------------------------------------------------------------+--------------------+--------------------+
; Device                                                           ; 10M50DAF484C7G     ;                    ;
; Top-level entity name                                            ; Lab6               ; Lab6               ;
; Family name                                                      ; MAX 10             ; Cyclone V          ;
; Use smart compilation                                            ; Off                ; Off                ;
; Enable parallel Assembler and Timing Analyzer during compilation ; On                 ; On                 ;
; Enable compact report table                                      ; Off                ; Off                ;
; Restructure Multiplexers                                         ; Auto               ; Auto               ;
; Create Debugging Nodes for IP Cores                              ; Off                ; Off                ;
; Preserve fewer node names                                        ; On                 ; On                 ;
; Intel FPGA IP Evaluation Mode                                    ; Enable             ; Enable             ;
; Verilog Version                                                  ; Verilog_2001       ; Verilog_2001       ;
; VHDL Version                                                     ; VHDL_1993          ; VHDL_1993          ;
; State Machine Processing                                         ; Auto               ; Auto               ;
; Safe State Machine                                               ; Off                ; Off                ;
; Extract Verilog State Machines                                   ; On                 ; On                 ;
; Extract VHDL State Machines                                      ; On                 ; On                 ;
; Ignore Verilog initial constructs                                ; Off                ; Off                ;
; Iteration limit for constant Verilog loops                       ; 5000               ; 5000               ;
; Iteration limit for non-constant Verilog loops                   ; 250                ; 250                ;
; Add Pass-Through Logic to Inferred RAMs                          ; On                 ; On                 ;
; Infer RAMs from Raw Logic                                        ; On                 ; On                 ;
; Parallel Synthesis                                               ; On                 ; On                 ;
; DSP Block Balancing                                              ; Auto               ; Auto               ;
; NOT Gate Push-Back                                               ; On                 ; On                 ;
; Power-Up Don't Care                                              ; On                 ; On                 ;
; Remove Redundant Logic Cells                                     ; Off                ; Off                ;
; Remove Duplicate Registers                                       ; On                 ; On                 ;
; Ignore CARRY Buffers                                             ; Off                ; Off                ;
; Ignore CASCADE Buffers                                           ; Off                ; Off                ;
; Ignore GLOBAL Buffers                                            ; Off                ; Off                ;
; Ignore ROW GLOBAL Buffers                                        ; Off                ; Off                ;
; Ignore LCELL Buffers                                             ; Off                ; Off                ;
; Ignore SOFT Buffers                                              ; On                 ; On                 ;
; Limit AHDL Integers to 32 Bits                                   ; Off                ; Off                ;
; Optimization Technique                                           ; Balanced           ; Balanced           ;
; Carry Chain Length                                               ; 70                 ; 70                 ;
; Auto Carry Chains                                                ; On                 ; On                 ;
; Auto Open-Drain Pins                                             ; On                 ; On                 ;
; Perform WYSIWYG Primitive Resynthesis                            ; Off                ; Off                ;
; Auto ROM Replacement                                             ; On                 ; On                 ;
; Auto RAM Replacement                                             ; On                 ; On                 ;
; Auto DSP Block Replacement                                       ; On                 ; On                 ;
; Auto Shift Register Replacement                                  ; Auto               ; Auto               ;
; Allow Shift Register Merging across Hierarchies                  ; Auto               ; Auto               ;
; Auto Clock Enable Replacement                                    ; On                 ; On                 ;
; Strict RAM Replacement                                           ; Off                ; Off                ;
; Allow Synchronous Control Signals                                ; On                 ; On                 ;
; Force Use of Synchronous Clear Signals                           ; Off                ; Off                ;
; Auto RAM Block Balancing                                         ; On                 ; On                 ;
; Auto RAM to Logic Cell Conversion                                ; Off                ; Off                ;
; Auto Resource Sharing                                            ; Off                ; Off                ;
; Allow Any RAM Size For Recognition                               ; Off                ; Off                ;
; Allow Any ROM Size For Recognition                               ; Off                ; Off                ;
; Allow Any Shift Register Size For Recognition                    ; Off                ; Off                ;
; Use LogicLock Constraints during Resource Balancing              ; On                 ; On                 ;
; Ignore translate_off and synthesis_off directives                ; Off                ; Off                ;
; Timing-Driven Synthesis                                          ; On                 ; On                 ;
; Report Parameter Settings                                        ; On                 ; On                 ;
; Report Source Assignments                                        ; On                 ; On                 ;
; Report Connectivity Checks                                       ; On                 ; On                 ;
; Ignore Maximum Fan-Out Assignments                               ; Off                ; Off                ;
; Synchronization Register Chain Length                            ; 2                  ; 2                  ;
; Power Optimization During Synthesis                              ; Normal compilation ; Normal compilation ;
; HDL message level                                                ; Level2             ; Level2             ;
; Suppress Register Optimization Related Messages                  ; Off                ; Off                ;
; Number of Removed Registers Reported in Synthesis Report         ; 5000               ; 5000               ;
; Number of Swept Nodes Reported in Synthesis Report               ; 5000               ; 5000               ;
; Number of Inverted Registers Reported in Synthesis Report        ; 100                ; 100                ;
; Clock MUX Protection                                             ; On                 ; On                 ;
; Auto Gated Clock Conversion                                      ; Off                ; Off                ;
; Block Design Naming                                              ; Auto               ; Auto               ;
; SDC constraint protection                                        ; Off                ; Off                ;
; Synthesis Effort                                                 ; Auto               ; Auto               ;
; Shift Register Replacement - Allow Asynchronous Clear Signal     ; On                 ; On                 ;
; Pre-Mapping Resynthesis Optimization                             ; Off                ; Off                ;
; Analysis & Synthesis Message Level                               ; Medium             ; Medium             ;
; Disable Register Merging Across Hierarchies                      ; Auto               ; Auto               ;
; Resource Aware Inference For Block RAM                           ; On                 ; On                 ;
+------------------------------------------------------------------+--------------------+--------------------+


+------------------------------------------+
; Parallel Compilation                     ;
+----------------------------+-------------+
; Processors                 ; Number      ;
+----------------------------+-------------+
; Number detected on machine ; 12          ;
; Maximum allowed            ; 6           ;
;                            ;             ;
; Average used               ; 1.00        ;
; Maximum used               ; 6           ;
;                            ;             ;
; Usage by Processor         ; % Time Used ;
;     Processor 1            ; 100.0%      ;
;     Processors 2-6         ;   0.0%      ;
+----------------------------+-------------+


+----------------------------------------------------------------------------------------------------------------------------------------------------------------+
; Analysis & Synthesis Source Files Read                                                                                                                         ;
+----------------------------------+-----------------+------------------------------+------------------------------------------------------------------+---------+
; File Name with User-Entered Path ; Used in Netlist ; File Type                    ; File Name with Absolute Path                                     ; Library ;
+----------------------------------+-----------------+------------------------------+------------------------------------------------------------------+---------+
; Lab6.v                           ; yes             ; User Verilog HDL File        ; C:/Users/oars0/Documents/School/Design_and_synthesis/Lab6/Lab6.v ;         ;
; proc.v                           ; yes             ; Auto-Found Verilog HDL File  ; C:/Users/oars0/Documents/School/Design_and_synthesis/Lab6/proc.v ;         ;
+----------------------------------+-----------------+------------------------------+------------------------------------------------------------------+---------+


+----------------------------------------------------------+
; Analysis & Synthesis Resource Usage Summary              ;
+---------------------------------------------+------------+
; Resource                                    ; Usage      ;
+---------------------------------------------+------------+
; Estimated Total logic elements              ; 188        ;
;                                             ;            ;
; Total combinational functions               ; 116        ;
; Logic element usage by number of LUT inputs ;            ;
;     -- 4 input functions                    ; 93         ;
;     -- 3 input functions                    ; 15         ;
;     -- <=2 input functions                  ; 8          ;
;                                             ;            ;
; Logic elements by mode                      ;            ;
;     -- normal mode                          ; 116        ;
;     -- arithmetic mode                      ; 0          ;
;                                             ;            ;
; Total registers                             ; 83         ;
;     -- Dedicated logic registers            ; 83         ;
;     -- I/O registers                        ; 0          ;
;                                             ;            ;
; I/O pins                                    ; 22         ;
;                                             ;            ;
; Embedded Multiplier 9-bit elements          ; 0          ;
;                                             ;            ;
; Maximum fan-out node                        ; KEY1~input ;
; Maximum fan-out                             ; 83         ;
; Total fan-out                               ; 714        ;
; Average fan-out                             ; 2.94       ;
+---------------------------------------------+------------+


+-------------------------------------------------------------------------------------------------------------------------------------------------------------------------------------------------------------------------------------------------+
; Analysis & Synthesis Resource Utilization by Entity                                                                                                                                                                                             ;
+----------------------------+---------------------+---------------------------+-------------+------------+--------------+---------+-----------+------+--------------+------------+----------------------------------+-------------+--------------+
; Compilation Hierarchy Node ; Combinational ALUTs ; Dedicated Logic Registers ; Memory Bits ; UFM Blocks ; DSP Elements ; DSP 9x9 ; DSP 18x18 ; Pins ; Virtual Pins ; ADC blocks ; Full Hierarchy Name              ; Entity Name ; Library Name ;
+----------------------------+---------------------+---------------------------+-------------+------------+--------------+---------+-----------+------+--------------+------------+----------------------------------+-------------+--------------+
; |Lab6                      ; 116 (0)             ; 83 (0)                    ; 0           ; 0          ; 0            ; 0       ; 0         ; 22   ; 0            ; 0          ; |Lab6                            ; Lab6        ; work         ;
;    |proc:processor|        ; 116 (116)           ; 83 (2)                    ; 0           ; 0          ; 0            ; 0       ; 0         ; 0    ; 0            ; 0          ; |Lab6|proc:processor             ; proc        ; work         ;
;       |regn:reg_0|         ; 0 (0)               ; 9 (9)                     ; 0           ; 0          ; 0            ; 0       ; 0         ; 0    ; 0            ; 0          ; |Lab6|proc:processor|regn:reg_0  ; regn        ; work         ;
;       |regn:reg_1|         ; 0 (0)               ; 9 (9)                     ; 0           ; 0          ; 0            ; 0       ; 0         ; 0    ; 0            ; 0          ; |Lab6|proc:processor|regn:reg_1  ; regn        ; work         ;
;       |regn:reg_2|         ; 0 (0)               ; 9 (9)                     ; 0           ; 0          ; 0            ; 0       ; 0         ; 0    ; 0            ; 0          ; |Lab6|proc:processor|regn:reg_2  ; regn        ; work         ;
;       |regn:reg_3|         ; 0 (0)               ; 9 (9)                     ; 0           ; 0          ; 0            ; 0       ; 0         ; 0    ; 0            ; 0          ; |Lab6|proc:processor|regn:reg_3  ; regn        ; work         ;
;       |regn:reg_4|         ; 0 (0)               ; 9 (9)                     ; 0           ; 0          ; 0            ; 0       ; 0         ; 0    ; 0            ; 0          ; |Lab6|proc:processor|regn:reg_4  ; regn        ; work         ;
;       |regn:reg_5|         ; 0 (0)               ; 9 (9)                     ; 0           ; 0          ; 0            ; 0       ; 0         ; 0    ; 0            ; 0          ; |Lab6|proc:processor|regn:reg_5  ; regn        ; work         ;
;       |regn:reg_6|         ; 0 (0)               ; 9 (9)                     ; 0           ; 0          ; 0            ; 0       ; 0         ; 0    ; 0            ; 0          ; |Lab6|proc:processor|regn:reg_6  ; regn        ; work         ;
;       |regn:reg_7|         ; 0 (0)               ; 9 (9)                     ; 0           ; 0          ; 0            ; 0       ; 0         ; 0    ; 0            ; 0          ; |Lab6|proc:processor|regn:reg_7  ; regn        ; work         ;
;       |regn:reg_IR|        ; 0 (0)               ; 9 (9)                     ; 0           ; 0          ; 0            ; 0       ; 0         ; 0    ; 0            ; 0          ; |Lab6|proc:processor|regn:reg_IR ; regn        ; work         ;
+----------------------------+---------------------+---------------------------+-------------+------------+--------------+---------+-----------+------+--------------+------------+----------------------------------+-------------+--------------+
Note: For table entries with two numbers listed, the numbers in parentheses indicate the number of resources of the given type used by the specific entity alone. The numbers listed outside of parentheses indicate the total resources of the given type used by the specific entity and all of its sub-entities in the hierarchy.


Encoding Type:  One-Hot
+----------------------------------------------------------------+
; State Machine - |Lab6|proc:processor|Tstep_Q                   ;
+------------+------------+------------+------------+------------+
; Name       ; Tstep_Q.T3 ; Tstep_Q.T2 ; Tstep_Q.T1 ; Tstep_Q.T0 ;
+------------+------------+------------+------------+------------+
; Tstep_Q.T0 ; 0          ; 0          ; 0          ; 0          ;
; Tstep_Q.T1 ; 0          ; 0          ; 1          ; 1          ;
; Tstep_Q.T2 ; 0          ; 1          ; 0          ; 1          ;
; Tstep_Q.T3 ; 1          ; 0          ; 0          ; 1          ;
+------------+------------+------------+------------+------------+


+--------------------------------------------------------------------------------------+
; Registers Removed During Synthesis                                                   ;
+----------------------------------------+---------------------------------------------+
; Register name                          ; Reason for Removal                          ;
+----------------------------------------+---------------------------------------------+
; proc:processor|Tstep_Q~4               ; Lost fanout                                 ;
; proc:processor|Tstep_Q~5               ; Lost fanout                                 ;
; proc:processor|Tstep_Q.T2              ; Stuck at GND due to stuck port data_in      ;
; proc:processor|Tstep_Q.T3              ; Stuck at GND due to stuck port data_in      ;
; proc:processor|regn:reg_G|Q[0..8]      ; Stuck at GND due to stuck port clock_enable ;
; proc:processor|regn:reg_A|Q[0..8]      ; Lost fanout                                 ;
; Total Number of Removed Registers = 22 ;                                             ;
+----------------------------------------+---------------------------------------------+


+-------------------------------------------------------------------------------------------------------------------------+
; Removed Registers Triggering Further Register Optimizations                                                             ;
+---------------------------+---------------------------+-----------------------------------------------------------------+
; Register name             ; Reason for Removal        ; Registers Removed due to This Register                          ;
+---------------------------+---------------------------+-----------------------------------------------------------------+
; proc:processor|Tstep_Q.T2 ; Stuck at GND              ; proc:processor|Tstep_Q.T3, proc:processor|regn:reg_G|Q[0],      ;
;                           ; due to stuck port data_in ; proc:processor|regn:reg_G|Q[1], proc:processor|regn:reg_G|Q[2], ;
;                           ;                           ; proc:processor|regn:reg_G|Q[3], proc:processor|regn:reg_G|Q[4], ;
;                           ;                           ; proc:processor|regn:reg_G|Q[5], proc:processor|regn:reg_G|Q[6], ;
;                           ;                           ; proc:processor|regn:reg_G|Q[7], proc:processor|regn:reg_G|Q[8]  ;
+---------------------------+---------------------------+-----------------------------------------------------------------+


+------------------------------------------------------+
; General Register Statistics                          ;
+----------------------------------------------+-------+
; Statistic                                    ; Value ;
+----------------------------------------------+-------+
; Total registers                              ; 83    ;
; Number of registers using Synchronous Clear  ; 0     ;
; Number of registers using Synchronous Load   ; 0     ;
; Number of registers using Asynchronous Clear ; 2     ;
; Number of registers using Asynchronous Load  ; 0     ;
; Number of registers using Clock Enable       ; 81    ;
; Number of registers using Preset             ; 0     ;
+----------------------------------------------+-------+


+-----------------------------------------------------------------------------------------------------------------------------------------------+
; Multiplexer Restructuring Statistics (Restructuring Performed)                                                                                ;
+--------------------+-----------+---------------+----------------------+------------------------+------------+---------------------------------+
; Multiplexer Inputs ; Bus Width ; Baseline Area ; Area if Restructured ; Saving if Restructured ; Registered ; Example Multiplexer Output      ;
+--------------------+-----------+---------------+----------------------+------------------------+------------+---------------------------------+
; 8:1                ; 8 bits    ; 40 LEs        ; 16 LEs               ; 24 LEs                 ; No         ; |Lab6|proc:processor|Mux0       ;
; 11:1               ; 9 bits    ; 63 LEs        ; 63 LEs               ; 0 LEs                  ; No         ; |Lab6|proc:processor|Selector27 ;
+--------------------+-----------+---------------+----------------------+------------------------+------------+---------------------------------+


+-------------------------------------------------------------+
; Parameter Settings for User Entity Instance: proc:processor ;
+----------------+-------+------------------------------------+
; Parameter Name ; Value ; Type                               ;
+----------------+-------+------------------------------------+
; T0             ; 00    ; Unsigned Binary                    ;
; T1             ; 01    ; Unsigned Binary                    ;
; T2             ; 10    ; Unsigned Binary                    ;
; T3             ; 11    ; Unsigned Binary                    ;
; mv             ; 000   ; Unsigned Binary                    ;
; mvi            ; 001   ; Unsigned Binary                    ;
; add            ; 010   ; Unsigned Binary                    ;
; sub            ; 011   ; Unsigned Binary                    ;
+----------------+-------+------------------------------------+
Note: In order to hide this table in the UI and the text report file, please set the "Show Parameter Settings in Synthesis Report" option in "Analysis and Synthesis Settings -> More Settings" to "Off".


+------------------------------------------------------------------------+
; Parameter Settings for User Entity Instance: proc:processor|regn:reg_0 ;
+----------------+-------+-----------------------------------------------+
; Parameter Name ; Value ; Type                                          ;
+----------------+-------+-----------------------------------------------+
; n              ; 9     ; Signed Integer                                ;
+----------------+-------+-----------------------------------------------+
Note: In order to hide this table in the UI and the text report file, please set the "Show Parameter Settings in Synthesis Report" option in "Analysis and Synthesis Settings -> More Settings" to "Off".


+------------------------------------------------------------------------+
; Parameter Settings for User Entity Instance: proc:processor|regn:reg_1 ;
+----------------+-------+-----------------------------------------------+
; Parameter Name ; Value ; Type                                          ;
+----------------+-------+-----------------------------------------------+
; n              ; 9     ; Signed Integer                                ;
+----------------+-------+-----------------------------------------------+
Note: In order to hide this table in the UI and the text report file, please set the "Show Parameter Settings in Synthesis Report" option in "Analysis and Synthesis Settings -> More Settings" to "Off".


+------------------------------------------------------------------------+
; Parameter Settings for User Entity Instance: proc:processor|regn:reg_2 ;
+----------------+-------+-----------------------------------------------+
; Parameter Name ; Value ; Type                                          ;
+----------------+-------+-----------------------------------------------+
; n              ; 9     ; Signed Integer                                ;
+----------------+-------+-----------------------------------------------+
Note: In order to hide this table in the UI and the text report file, please set the "Show Parameter Settings in Synthesis Report" option in "Analysis and Synthesis Settings -> More Settings" to "Off".


+------------------------------------------------------------------------+
; Parameter Settings for User Entity Instance: proc:processor|regn:reg_3 ;
+----------------+-------+-----------------------------------------------+
; Parameter Name ; Value ; Type                                          ;
+----------------+-------+-----------------------------------------------+
; n              ; 9     ; Signed Integer                                ;
+----------------+-------+-----------------------------------------------+
Note: In order to hide this table in the UI and the text report file, please set the "Show Parameter Settings in Synthesis Report" option in "Analysis and Synthesis Settings -> More Settings" to "Off".


+------------------------------------------------------------------------+
; Parameter Settings for User Entity Instance: proc:processor|regn:reg_4 ;
+----------------+-------+-----------------------------------------------+
; Parameter Name ; Value ; Type                                          ;
+----------------+-------+-----------------------------------------------+
; n              ; 9     ; Signed Integer                                ;
+----------------+-------+-----------------------------------------------+
Note: In order to hide this table in the UI and the text report file, please set the "Show Parameter Settings in Synthesis Report" option in "Analysis and Synthesis Settings -> More Settings" to "Off".


+------------------------------------------------------------------------+
; Parameter Settings for User Entity Instance: proc:processor|regn:reg_5 ;
+----------------+-------+-----------------------------------------------+
; Parameter Name ; Value ; Type                                          ;
+----------------+-------+-----------------------------------------------+
; n              ; 9     ; Signed Integer                                ;
+----------------+-------+-----------------------------------------------+
Note: In order to hide this table in the UI and the text report file, please set the "Show Parameter Settings in Synthesis Report" option in "Analysis and Synthesis Settings -> More Settings" to "Off".


+------------------------------------------------------------------------+
; Parameter Settings for User Entity Instance: proc:processor|regn:reg_6 ;
+----------------+-------+-----------------------------------------------+
; Parameter Name ; Value ; Type                                          ;
+----------------+-------+-----------------------------------------------+
; n              ; 9     ; Signed Integer                                ;
+----------------+-------+-----------------------------------------------+
Note: In order to hide this table in the UI and the text report file, please set the "Show Parameter Settings in Synthesis Report" option in "Analysis and Synthesis Settings -> More Settings" to "Off".


+------------------------------------------------------------------------+
; Parameter Settings for User Entity Instance: proc:processor|regn:reg_7 ;
+----------------+-------+-----------------------------------------------+
; Parameter Name ; Value ; Type                                          ;
+----------------+-------+-----------------------------------------------+
; n              ; 9     ; Signed Integer                                ;
+----------------+-------+-----------------------------------------------+
Note: In order to hide this table in the UI and the text report file, please set the "Show Parameter Settings in Synthesis Report" option in "Analysis and Synthesis Settings -> More Settings" to "Off".


+------------------------------------------------------------------------+
; Parameter Settings for User Entity Instance: proc:processor|regn:reg_A ;
+----------------+-------+-----------------------------------------------+
; Parameter Name ; Value ; Type                                          ;
+----------------+-------+-----------------------------------------------+
; n              ; 9     ; Signed Integer                                ;
+----------------+-------+-----------------------------------------------+
Note: In order to hide this table in the UI and the text report file, please set the "Show Parameter Settings in Synthesis Report" option in "Analysis and Synthesis Settings -> More Settings" to "Off".


+------------------------------------------------------------------------+
; Parameter Settings for User Entity Instance: proc:processor|regn:reg_G ;
+----------------+-------+-----------------------------------------------+
; Parameter Name ; Value ; Type                                          ;
+----------------+-------+-----------------------------------------------+
; n              ; 9     ; Signed Integer                                ;
+----------------+-------+-----------------------------------------------+
Note: In order to hide this table in the UI and the text report file, please set the "Show Parameter Settings in Synthesis Report" option in "Analysis and Synthesis Settings -> More Settings" to "Off".


+-------------------------------------------------------------------------+
; Parameter Settings for User Entity Instance: proc:processor|regn:reg_IR ;
+----------------+-------+------------------------------------------------+
; Parameter Name ; Value ; Type                                           ;
+----------------+-------+------------------------------------------------+
; n              ; 9     ; Signed Integer                                 ;
+----------------+-------+------------------------------------------------+
Note: In order to hide this table in the UI and the text report file, please set the "Show Parameter Settings in Synthesis Report" option in "Analysis and Synthesis Settings -> More Settings" to "Off".


+---------------------------------------------------------+
; Port Connectivity Checks: "proc:processor|dec3to8:decY" ;
+------+-------+----------+-------------------------------+
; Port ; Type  ; Severity ; Details                       ;
+------+-------+----------+-------------------------------+
; En   ; Input ; Info     ; Stuck at VCC                  ;
+------+-------+----------+-------------------------------+


+---------------------------------------------------------+
; Port Connectivity Checks: "proc:processor|dec3to8:decX" ;
+------+-------+----------+-------------------------------+
; Port ; Type  ; Severity ; Details                       ;
+------+-------+----------+-------------------------------+
; En   ; Input ; Info     ; Stuck at VCC                  ;
+------+-------+----------+-------------------------------+


+------------------------------------------------------------------------------------------------------------------+
; Port Connectivity Checks: "proc:processor"                                                                       ;
+--------+--------+----------+-------------------------------------------------------------------------------------+
; Port   ; Type   ; Severity ; Details                                                                             ;
+--------+--------+----------+-------------------------------------------------------------------------------------+
; Gout   ; Output ; Info     ; Connected to dangling logic. Logic that only feeds a dangling port will be removed. ;
; DINout ; Output ; Info     ; Connected to dangling logic. Logic that only feeds a dangling port will be removed. ;
; Ain    ; Output ; Info     ; Connected to dangling logic. Logic that only feeds a dangling port will be removed. ;
; Gin    ; Output ; Info     ; Connected to dangling logic. Logic that only feeds a dangling port will be removed. ;
; IRin   ; Output ; Info     ; Connected to dangling logic. Logic that only feeds a dangling port will be removed. ;
; AddSub ; Output ; Info     ; Connected to dangling logic. Logic that only feeds a dangling port will be removed. ;
; Rout   ; Output ; Info     ; Connected to dangling logic. Logic that only feeds a dangling port will be removed. ;
; Rin    ; Output ; Info     ; Connected to dangling logic. Logic that only feeds a dangling port will be removed. ;
+--------+--------+----------+-------------------------------------------------------------------------------------+


+-----------------------------------------------------+
; Post-Synthesis Netlist Statistics for Top Partition ;
+-----------------------+-----------------------------+
; Type                  ; Count                       ;
+-----------------------+-----------------------------+
; boundary_port         ; 22                          ;
; cycloneiii_ff         ; 83                          ;
;     CLR               ; 2                           ;
;     ENA               ; 81                          ;
; cycloneiii_lcell_comb ; 116                         ;
;     normal            ; 116                         ;
;         2 data inputs ; 8                           ;
;         3 data inputs ; 15                          ;
;         4 data inputs ; 93                          ;
;                       ;                             ;
; Max LUT depth         ; 8.00                        ;
; Average LUT depth     ; 4.85                        ;
+-----------------------+-----------------------------+


+-------------------------------+
; Elapsed Time Per Partition    ;
+----------------+--------------+
; Partition Name ; Elapsed Time ;
+----------------+--------------+
; Top            ; 00:00:00     ;
+----------------+--------------+


+-------------------------------+
; Analysis & Synthesis Messages ;
+-------------------------------+
Info: *******************************************************************
Info: Running Quartus Prime Analysis & Synthesis
    Info: Version 22.1std.1 Build 917 02/14/2023 SC Lite Edition
    Info: Processing started: Thu Apr 20 09:23:19 2023
Info: Command: quartus_map --read_settings_files=on --write_settings_files=off Lab6 -c Lab6
Warning (18236): Number of processors has not been specified which may cause overloading on shared machines.  Set the global assignment NUM_PARALLEL_PROCESSORS in your QSF to an appropriate value for best performance.
Info (20030): Parallel compilation is enabled and will use 6 of the 6 processors detected
Info (12021): Found 1 design units, including 1 entities, in source file lab6.v
    Info (12023): Found entity 1: Lab6 File: C:/Users/oars0/Documents/School/Design_and_synthesis/Lab6/Lab6.v Line: 1
Info (12127): Elaborating entity "Lab6" for the top level hierarchy
Warning (12125): Using design file proc.v, which is not specified as a design file for the current project, but contains definitions for 4 design units and 4 entities in project
    Info (12023): Found entity 1: proc File: C:/Users/oars0/Documents/School/Design_and_synthesis/Lab6/proc.v Line: 1
    Info (12023): Found entity 2: AddSubALU File: C:/Users/oars0/Documents/School/Design_and_synthesis/Lab6/proc.v Line: 133
    Info (12023): Found entity 3: dec3to8 File: C:/Users/oars0/Documents/School/Design_and_synthesis/Lab6/proc.v Line: 146
    Info (12023): Found entity 4: regn File: C:/Users/oars0/Documents/School/Design_and_synthesis/Lab6/proc.v Line: 170
Info (12128): Elaborating entity "proc" for hierarchy "proc:processor" File: C:/Users/oars0/Documents/School/Design_and_synthesis/Lab6/Lab6.v Line: 18
Warning (10235): Verilog HDL Always Construct warning at proc.v(115): variable "R0" is read inside the Always Construct but isn't in the Always Construct's Event Control File: C:/Users/oars0/Documents/School/Design_and_synthesis/Lab6/proc.v Line: 115
Warning (10235): Verilog HDL Always Construct warning at proc.v(116): variable "R1" is read inside the Always Construct but isn't in the Always Construct's Event Control File: C:/Users/oars0/Documents/School/Design_and_synthesis/Lab6/proc.v Line: 116
Warning (10235): Verilog HDL Always Construct warning at proc.v(117): variable "R2" is read inside the Always Construct but isn't in the Always Construct's Event Control File: C:/Users/oars0/Documents/School/Design_and_synthesis/Lab6/proc.v Line: 117
Warning (10235): Verilog HDL Always Construct warning at proc.v(118): variable "R3" is read inside the Always Construct but isn't in the Always Construct's Event Control File: C:/Users/oars0/Documents/School/Design_and_synthesis/Lab6/proc.v Line: 118
Warning (10235): Verilog HDL Always Construct warning at proc.v(119): variable "R4" is read inside the Always Construct but isn't in the Always Construct's Event Control File: C:/Users/oars0/Documents/School/Design_and_synthesis/Lab6/proc.v Line: 119
Warning (10235): Verilog HDL Always Construct warning at proc.v(120): variable "R5" is read inside the Always Construct but isn't in the Always Construct's Event Control File: C:/Users/oars0/Documents/School/Design_and_synthesis/Lab6/proc.v Line: 120
Warning (10235): Verilog HDL Always Construct warning at proc.v(121): variable "R6" is read inside the Always Construct but isn't in the Always Construct's Event Control File: C:/Users/oars0/Documents/School/Design_and_synthesis/Lab6/proc.v Line: 121
Warning (10235): Verilog HDL Always Construct warning at proc.v(122): variable "R7" is read inside the Always Construct but isn't in the Always Construct's Event Control File: C:/Users/oars0/Documents/School/Design_and_synthesis/Lab6/proc.v Line: 122
Warning (10235): Verilog HDL Always Construct warning at proc.v(123): variable "G" is read inside the Always Construct but isn't in the Always Construct's Event Control File: C:/Users/oars0/Documents/School/Design_and_synthesis/Lab6/proc.v Line: 123
Warning (10235): Verilog HDL Always Construct warning at proc.v(124): variable "DIN" is read inside the Always Construct but isn't in the Always Construct's Event Control File: C:/Users/oars0/Documents/School/Design_and_synthesis/Lab6/proc.v Line: 124
Info (10264): Verilog HDL Case Statement information at proc.v(114): all case item expressions in this case statement are onehot File: C:/Users/oars0/Documents/School/Design_and_synthesis/Lab6/proc.v Line: 114
Info (12128): Elaborating entity "dec3to8" for hierarchy "proc:processor|dec3to8:decX" File: C:/Users/oars0/Documents/School/Design_and_synthesis/Lab6/proc.v Line: 23
Info (12128): Elaborating entity "regn" for hierarchy "proc:processor|regn:reg_0" File: C:/Users/oars0/Documents/School/Design_and_synthesis/Lab6/proc.v Line: 92
Info (12128): Elaborating entity "AddSubALU" for hierarchy "proc:processor|AddSubALU:AddOrSub" File: C:/Users/oars0/Documents/School/Design_and_synthesis/Lab6/proc.v Line: 108
Info (286030): Timing-Driven Synthesis is running
Info (17049): 11 registers lost all their fanouts during netlist optimizations.
Info (16010): Generating hard_block partition "hard_block:auto_generated_inst"
    Info (16011): Adding 0 node(s), including 0 DDIO, 0 PLL, 0 transceiver and 0 LCELL
Info (21057): Implemented 219 device resources after synthesis - the final resource count might be different
    Info (21058): Implemented 12 input pins
    Info (21059): Implemented 10 output pins
    Info (21061): Implemented 197 logic cells
Info: Quartus Prime Analysis & Synthesis was successful. 0 errors, 12 warnings
    Info: Peak virtual memory: 4806 megabytes
    Info: Processing ended: Thu Apr 20 09:23:27 2023
    Info: Elapsed time: 00:00:08
    Info: Total CPU time (on all processors): 00:00:09


