Analysis & Synthesis report for MotorDriving
Wed Apr 19 09:26:54 2023
Quartus Prime Version 22.1std.1 Build 917 02/14/2023 SC Lite Edition


---------------------
; Table of Contents ;
---------------------
  1. Legal Notice
  2. Analysis & Synthesis Summary
  3. Analysis & Synthesis Settings
  4. Parallel Compilation
  5. Analysis & Synthesis Source Files Read
  6. Analysis & Synthesis Resource Usage Summary
  7. Analysis & Synthesis Resource Utilization by Entity
  8. State Machine - |MotorDriving|pulseFSM:motor1|y_Q
  9. Registers Removed During Synthesis
 10. General Register Statistics
 11. Parameter Settings for User Entity Instance: button_debouncer:key0db
 12. Parameter Settings for User Entity Instance: timer:mpulse
 13. Parameter Settings for User Entity Instance: pulseFSM:motor1
 14. Port Connectivity Checks: "timer:mpulse"
 15. Port Connectivity Checks: "button_debouncer:key0db"
 16. Post-Synthesis Netlist Statistics for Top Partition
 17. Elapsed Time Per Partition
 18. Analysis & Synthesis Messages



----------------
; Legal Notice ;
----------------
Copyright (C) 2023  Intel Corporation. All rights reserved.
Your use of Intel Corporation's design tools, logic functions 
and other software and tools, and any partner logic 
functions, and any output files from any of the foregoing 
(including device programming or simulation files), and any 
associated documentation or information are expressly subject 
to the terms and conditions of the Intel Program License 
Subscription Agreement, the Intel Quartus Prime License Agreement,
the Intel FPGA IP License Agreement, or other applicable license
agreement, including, without limitation, that your use is for
the sole purpose of programming logic devices manufactured by
Intel and sold by Intel or its authorized distributors.  Please
refer to the applicable agreement for further details, at
https://fpgasoftware.intel.com/eula.



+-------------------------------------------------------------------------------------+
; Analysis & Synthesis Summary                                                        ;
+------------------------------------+------------------------------------------------+
; Analysis & Synthesis Status        ; Successful - Wed Apr 19 09:26:54 2023          ;
; Quartus Prime Version              ; 22.1std.1 Build 917 02/14/2023 SC Lite Edition ;
; Revision Name                      ; MotorDriving                                   ;
; Top-level Entity Name              ; MotorDriving                                   ;
; Family                             ; MAX 10                                         ;
; Total logic elements               ; 156                                            ;
;     Total combinational functions  ; 152                                            ;
;     Dedicated logic registers      ; 83                                             ;
; Total registers                    ; 83                                             ;
; Total pins                         ; 117                                            ;
; Total virtual pins                 ; 0                                              ;
; Total memory bits                  ; 0                                              ;
; Embedded Multiplier 9-bit elements ; 0                                              ;
; Total PLLs                         ; 0                                              ;
; UFM blocks                         ; 0                                              ;
; ADC blocks                         ; 0                                              ;
+------------------------------------+------------------------------------------------+


+------------------------------------------------------------------------------------------------------------+
; Analysis & Synthesis Settings                                                                              ;
+------------------------------------------------------------------+--------------------+--------------------+
; Option                                                           ; Setting            ; Default Value      ;
+------------------------------------------------------------------+--------------------+--------------------+
; Device                                                           ; 10M50DAF484C7G     ;                    ;
; Top-level entity name                                            ; MotorDriving       ; MotorDriving       ;
; Family name                                                      ; MAX 10             ; Cyclone V          ;
; Use smart compilation                                            ; Off                ; Off                ;
; Enable parallel Assembler and Timing Analyzer during compilation ; On                 ; On                 ;
; Enable compact report table                                      ; Off                ; Off                ;
; Restructure Multiplexers                                         ; Auto               ; Auto               ;
; Create Debugging Nodes for IP Cores                              ; Off                ; Off                ;
; Preserve fewer node names                                        ; On                 ; On                 ;
; Intel FPGA IP Evaluation Mode                                    ; Enable             ; Enable             ;
; Verilog Version                                                  ; Verilog_2001       ; Verilog_2001       ;
; VHDL Version                                                     ; VHDL_1993          ; VHDL_1993          ;
; State Machine Processing                                         ; Auto               ; Auto               ;
; Safe State Machine                                               ; Off                ; Off                ;
; Extract Verilog State Machines                                   ; On                 ; On                 ;
; Extract VHDL State Machines                                      ; On                 ; On                 ;
; Ignore Verilog initial constructs                                ; Off                ; Off                ;
; Iteration limit for constant Verilog loops                       ; 5000               ; 5000               ;
; Iteration limit for non-constant Verilog loops                   ; 250                ; 250                ;
; Add Pass-Through Logic to Inferred RAMs                          ; On                 ; On                 ;
; Infer RAMs from Raw Logic                                        ; On                 ; On                 ;
; Parallel Synthesis                                               ; On                 ; On                 ;
; DSP Block Balancing                                              ; Auto               ; Auto               ;
; NOT Gate Push-Back                                               ; On                 ; On                 ;
; Power-Up Don't Care                                              ; On                 ; On                 ;
; Remove Redundant Logic Cells                                     ; Off                ; Off                ;
; Remove Duplicate Registers                                       ; On                 ; On                 ;
; Ignore CARRY Buffers                                             ; Off                ; Off                ;
; Ignore CASCADE Buffers                                           ; Off                ; Off                ;
; Ignore GLOBAL Buffers                                            ; Off                ; Off                ;
; Ignore ROW GLOBAL Buffers                                        ; Off                ; Off                ;
; Ignore LCELL Buffers                                             ; Off                ; Off                ;
; Ignore SOFT Buffers                                              ; On                 ; On                 ;
; Limit AHDL Integers to 32 Bits                                   ; Off                ; Off                ;
; Optimization Technique                                           ; Balanced           ; Balanced           ;
; Carry Chain Length                                               ; 70                 ; 70                 ;
; Auto Carry Chains                                                ; On                 ; On                 ;
; Auto Open-Drain Pins                                             ; On                 ; On                 ;
; Perform WYSIWYG Primitive Resynthesis                            ; Off                ; Off                ;
; Auto ROM Replacement                                             ; On                 ; On                 ;
; Auto RAM Replacement                                             ; On                 ; On                 ;
; Auto DSP Block Replacement                                       ; On                 ; On                 ;
; Auto Shift Register Replacement                                  ; Auto               ; Auto               ;
; Allow Shift Register Merging across Hierarchies                  ; Auto               ; Auto               ;
; Auto Clock Enable Replacement                                    ; On                 ; On                 ;
; Strict RAM Replacement                                           ; Off                ; Off                ;
; Allow Synchronous Control Signals                                ; On                 ; On                 ;
; Force Use of Synchronous Clear Signals                           ; Off                ; Off                ;
; Auto RAM Block Balancing                                         ; On                 ; On                 ;
; Auto RAM to Logic Cell Conversion                                ; Off                ; Off                ;
; Auto Resource Sharing                                            ; Off                ; Off                ;
; Allow Any RAM Size For Recognition                               ; Off                ; Off                ;
; Allow Any ROM Size For Recognition                               ; Off                ; Off                ;
; Allow Any Shift Register Size For Recognition                    ; Off                ; Off                ;
; Use LogicLock Constraints during Resource Balancing              ; On                 ; On                 ;
; Ignore translate_off and synthesis_off directives                ; Off                ; Off                ;
; Timing-Driven Synthesis                                          ; On                 ; On                 ;
; Report Parameter Settings                                        ; On                 ; On                 ;
; Report Source Assignments                                        ; On                 ; On                 ;
; Report Connectivity Checks                                       ; On                 ; On                 ;
; Ignore Maximum Fan-Out Assignments                               ; Off                ; Off                ;
; Synchronization Register Chain Length                            ; 2                  ; 2                  ;
; Power Optimization During Synthesis                              ; Normal compilation ; Normal compilation ;
; HDL message level                                                ; Level2             ; Level2             ;
; Suppress Register Optimization Related Messages                  ; Off                ; Off                ;
; Number of Removed Registers Reported in Synthesis Report         ; 5000               ; 5000               ;
; Number of Swept Nodes Reported in Synthesis Report               ; 5000               ; 5000               ;
; Number of Inverted Registers Reported in Synthesis Report        ; 100                ; 100                ;
; Clock MUX Protection                                             ; On                 ; On                 ;
; Auto Gated Clock Conversion                                      ; Off                ; Off                ;
; Block Design Naming                                              ; Auto               ; Auto               ;
; SDC constraint protection                                        ; Off                ; Off                ;
; Synthesis Effort                                                 ; Auto               ; Auto               ;
; Shift Register Replacement - Allow Asynchronous Clear Signal     ; On                 ; On                 ;
; Pre-Mapping Resynthesis Optimization                             ; Off                ; Off                ;
; Analysis & Synthesis Message Level                               ; Medium             ; Medium             ;
; Disable Register Merging Across Hierarchies                      ; Auto               ; Auto               ;
; Resource Aware Inference For Block RAM                           ; On                 ; On                 ;
+------------------------------------------------------------------+--------------------+--------------------+


+------------------------------------------+
; Parallel Compilation                     ;
+----------------------------+-------------+
; Processors                 ; Number      ;
+----------------------------+-------------+
; Number detected on machine ; 12          ;
; Maximum allowed            ; 6           ;
;                            ;             ;
; Average used               ; 1.00        ;
; Maximum used               ; 6           ;
;                            ;             ;
; Usage by Processor         ; % Time Used ;
;     Processor 1            ; 100.0%      ;
;     Processors 2-6         ;   0.0%      ;
+----------------------------+-------------+


+---------------------------------------------------------------------------------------------------------------------------------------------------------------------------------------+
; Analysis & Synthesis Source Files Read                                                                                                                                                ;
+----------------------------------+-----------------+------------------------+-----------------------------------------------------------------------------------------------+---------+
; File Name with User-Entered Path ; Used in Netlist ; File Type              ; File Name with Absolute Path                                                                  ; Library ;
+----------------------------------+-----------------+------------------------+-----------------------------------------------------------------------------------------------+---------+
; MotorDriving.v                   ; yes             ; User Verilog HDL File  ; C:/Users/oars0/Documents/School/Design_and_synthesis/FinalProject/MotorDriving/MotorDriving.v ;         ;
+----------------------------------+-----------------+------------------------+-----------------------------------------------------------------------------------------------+---------+


+-------------------------------------------------------------------+
; Analysis & Synthesis Resource Usage Summary                       ;
+---------------------------------------------+---------------------+
; Resource                                    ; Usage               ;
+---------------------------------------------+---------------------+
; Estimated Total logic elements              ; 156                 ;
;                                             ;                     ;
; Total combinational functions               ; 152                 ;
; Logic element usage by number of LUT inputs ;                     ;
;     -- 4 input functions                    ; 63                  ;
;     -- 3 input functions                    ; 3                   ;
;     -- <=2 input functions                  ; 86                  ;
;                                             ;                     ;
; Logic elements by mode                      ;                     ;
;     -- normal mode                          ; 82                  ;
;     -- arithmetic mode                      ; 70                  ;
;                                             ;                     ;
; Total registers                             ; 83                  ;
;     -- Dedicated logic registers            ; 83                  ;
;     -- I/O registers                        ; 0                   ;
;                                             ;                     ;
; I/O pins                                    ; 117                 ;
;                                             ;                     ;
; Embedded Multiplier 9-bit elements          ; 0                   ;
;                                             ;                     ;
; Maximum fan-out node                        ; MAX10_CLK1_50~input ;
; Maximum fan-out                             ; 53                  ;
; Total fan-out                               ; 767                 ;
; Average fan-out                             ; 1.47                ;
+---------------------------------------------+---------------------+


+-------------------------------------------------------------------------------------------------------------------------------------------------------------------------------------------------------------------------------------------------------------+
; Analysis & Synthesis Resource Utilization by Entity                                                                                                                                                                                                         ;
+------------------------------+---------------------+---------------------------+-------------+------------+--------------+---------+-----------+------+--------------+------------+---------------------------------------+------------------+--------------+
; Compilation Hierarchy Node   ; Combinational ALUTs ; Dedicated Logic Registers ; Memory Bits ; UFM Blocks ; DSP Elements ; DSP 9x9 ; DSP 18x18 ; Pins ; Virtual Pins ; ADC blocks ; Full Hierarchy Name                   ; Entity Name      ; Library Name ;
+------------------------------+---------------------+---------------------------+-------------+------------+--------------+---------+-----------+------+--------------+------------+---------------------------------------+------------------+--------------+
; |MotorDriving                ; 152 (0)             ; 83 (0)                    ; 0           ; 0          ; 0            ; 0       ; 0         ; 117  ; 0            ; 0          ; |MotorDriving                         ; MotorDriving     ; work         ;
;    |button_debouncer:key0db| ; 45 (45)             ; 26 (26)                   ; 0           ; 0          ; 0            ; 0       ; 0         ; 0    ; 0            ; 0          ; |MotorDriving|button_debouncer:key0db ; button_debouncer ; work         ;
;    |pulseFSM:motor1|         ; 64 (64)             ; 30 (30)                   ; 0           ; 0          ; 0            ; 0       ; 0         ; 0    ; 0            ; 0          ; |MotorDriving|pulseFSM:motor1         ; pulseFSM         ; work         ;
;    |timer:mpulse|            ; 43 (43)             ; 27 (27)                   ; 0           ; 0          ; 0            ; 0       ; 0         ; 0    ; 0            ; 0          ; |MotorDriving|timer:mpulse            ; timer            ; work         ;
+------------------------------+---------------------+---------------------------+-------------+------------+--------------+---------+-----------+------+--------------+------------+---------------------------------------+------------------+--------------+
Note: For table entries with two numbers listed, the numbers in parentheses indicate the number of resources of the given type used by the specific entity alone. The numbers listed outside of parentheses indicate the total resources of the given type used by the specific entity and all of its sub-entities in the hierarchy.


Encoding Type:  One-Hot
+---------------------------------------------------+
; State Machine - |MotorDriving|pulseFSM:motor1|y_Q ;
+------------+----------+------------+--------------+
; Name       ; y_Q.Wait ; y_Q.pinOFF ; y_Q.pinON    ;
+------------+----------+------------+--------------+
; y_Q.Wait   ; 0        ; 0          ; 0            ;
; y_Q.pinON  ; 1        ; 0          ; 1            ;
; y_Q.pinOFF ; 1        ; 1          ; 0            ;
+------------+----------+------------+--------------+


+---------------------------------------------------------------------------+
; Registers Removed During Synthesis                                        ;
+---------------------------------------+-----------------------------------+
; Register name                         ; Reason for Removal                ;
+---------------------------------------+-----------------------------------+
; pulseFSM:motor1|y_Q~4                 ; Lost fanout                       ;
; pulseFSM:motor1|y_Q.pinON             ; Merged with pulseFSM:motor1|pulse ;
; Total Number of Removed Registers = 2 ;                                   ;
+---------------------------------------+-----------------------------------+


+------------------------------------------------------+
; General Register Statistics                          ;
+----------------------------------------------+-------+
; Statistic                                    ; Value ;
+----------------------------------------------+-------+
; Total registers                              ; 83    ;
; Number of registers using Synchronous Clear  ; 0     ;
; Number of registers using Synchronous Load   ; 0     ;
; Number of registers using Asynchronous Clear ; 0     ;
; Number of registers using Asynchronous Load  ; 0     ;
; Number of registers using Clock Enable       ; 0     ;
; Number of registers using Preset             ; 0     ;
+----------------------------------------------+-------+


+----------------------------------------------------------------------+
; Parameter Settings for User Entity Instance: button_debouncer:key0db ;
+----------------+--------+--------------------------------------------+
; Parameter Name ; Value  ; Type                                       ;
+----------------+--------+--------------------------------------------+
; preset_val     ; 0      ; Signed Integer                             ;
; counter_max    ; 100000 ; Signed Integer                             ;
+----------------+--------+--------------------------------------------+
Note: In order to hide this table in the UI and the text report file, please set the "Show Parameter Settings in Synthesis Report" option in "Analysis and Synthesis Settings -> More Settings" to "Off".


+-----------------------------------------------------------+
; Parameter Settings for User Entity Instance: timer:mpulse ;
+----------------+-------+----------------------------------+
; Parameter Name ; Value ; Type                             ;
+----------------+-------+----------------------------------+
; n              ; 26    ; Signed Integer                   ;
+----------------+-------+----------------------------------+
Note: In order to hide this table in the UI and the text report file, please set the "Show Parameter Settings in Synthesis Report" option in "Analysis and Synthesis Settings -> More Settings" to "Off".


+--------------------------------------------------------------+
; Parameter Settings for User Entity Instance: pulseFSM:motor1 ;
+----------------+-------+-------------------------------------+
; Parameter Name ; Value ; Type                                ;
+----------------+-------+-------------------------------------+
; Wait           ; 00    ; Unsigned Binary                     ;
; pinON          ; 01    ; Unsigned Binary                     ;
; pinOFF         ; 10    ; Unsigned Binary                     ;
; num            ; 0000  ; Unsigned Binary                     ;
+----------------+-------+-------------------------------------+
Note: In order to hide this table in the UI and the text report file, please set the "Show Parameter Settings in Synthesis Report" option in "Analysis and Synthesis Settings -> More Settings" to "Off".


+---------------------------------------------------------------------------------------------------------------------------------------------------------------------------------------------------------------------+
; Port Connectivity Checks: "timer:mpulse"                                                                                                                                                                            ;
+-------------+-------+----------+------------------------------------------------------------------------------------------------------------------------------------------------------------------------------------+
; Port        ; Type  ; Severity ; Details                                                                                                                                                                            ;
+-------------+-------+----------+------------------------------------------------------------------------------------------------------------------------------------------------------------------------------------+
; Reset_n     ; Input ; Warning  ; Input port expression (32 bits) is wider than the input port (1 bits) it drives.  The 31 most-significant bit(s) in the expression will be dangling if they have no other fanouts. ;
; Reset_n[-1] ; Input ; Info     ; Stuck at VCC                                                                                                                                                                       ;
; resume      ; Input ; Warning  ; Input port expression (32 bits) is wider than the input port (1 bits) it drives.  The 31 most-significant bit(s) in the expression will be dangling if they have no other fanouts. ;
; resume[-1]  ; Input ; Info     ; Stuck at VCC                                                                                                                                                                       ;
+-------------+-------+----------+------------------------------------------------------------------------------------------------------------------------------------------------------------------------------------+


+-----------------------------------------------------+
; Port Connectivity Checks: "button_debouncer:key0db" ;
+-------+-------+----------+--------------------------+
; Port  ; Type  ; Severity ; Details                  ;
+-------+-------+----------+--------------------------+
; rst_n ; Input ; Info     ; Stuck at VCC             ;
+-------+-------+----------+--------------------------+


+-----------------------------------------------------+
; Post-Synthesis Netlist Statistics for Top Partition ;
+-----------------------+-----------------------------+
; Type                  ; Count                       ;
+-----------------------+-----------------------------+
; boundary_port         ; 117                         ;
; cycloneiii_ff         ; 83                          ;
;     plain             ; 83                          ;
; cycloneiii_io_obuf    ; 52                          ;
; cycloneiii_lcell_comb ; 153                         ;
;     arith             ; 70                          ;
;         2 data inputs ; 70                          ;
;     normal            ; 83                          ;
;         0 data inputs ; 1                           ;
;         1 data inputs ; 5                           ;
;         2 data inputs ; 11                          ;
;         3 data inputs ; 3                           ;
;         4 data inputs ; 63                          ;
;                       ;                             ;
; Max LUT depth         ; 4.50                        ;
; Average LUT depth     ; 2.98                        ;
+-----------------------+-----------------------------+


+-------------------------------+
; Elapsed Time Per Partition    ;
+----------------+--------------+
; Partition Name ; Elapsed Time ;
+----------------+--------------+
; Top            ; 00:00:00     ;
+----------------+--------------+


+-------------------------------+
; Analysis & Synthesis Messages ;
+-------------------------------+
Info: *******************************************************************
Info: Running Quartus Prime Analysis & Synthesis
    Info: Version 22.1std.1 Build 917 02/14/2023 SC Lite Edition
    Info: Processing started: Wed Apr 19 09:26:46 2023
Info: Command: quartus_map --read_settings_files=on --write_settings_files=off MotorDriving -c MotorDriving
Warning (18236): Number of processors has not been specified which may cause overloading on shared machines.  Set the global assignment NUM_PARALLEL_PROCESSORS in your QSF to an appropriate value for best performance.
Info (20030): Parallel compilation is enabled and will use 6 of the 6 processors detected
Info (12021): Found 4 design units, including 4 entities, in source file motordriving.v
    Info (12023): Found entity 1: MotorDriving File: C:/Users/oars0/Documents/School/Design_and_synthesis/FinalProject/MotorDriving/MotorDriving.v Line: 1
    Info (12023): Found entity 2: pulseFSM File: C:/Users/oars0/Documents/School/Design_and_synthesis/FinalProject/MotorDriving/MotorDriving.v Line: 27
    Info (12023): Found entity 3: timer File: C:/Users/oars0/Documents/School/Design_and_synthesis/FinalProject/MotorDriving/MotorDriving.v Line: 77
    Info (12023): Found entity 4: button_debouncer File: C:/Users/oars0/Documents/School/Design_and_synthesis/FinalProject/MotorDriving/MotorDriving.v Line: 103
Warning (10236): Verilog HDL Implicit Net warning at MotorDriving.v(22): created implicit net for "clk" File: C:/Users/oars0/Documents/School/Design_and_synthesis/FinalProject/MotorDriving/MotorDriving.v Line: 22
Info (12127): Elaborating entity "MotorDriving" for the top level hierarchy
Warning (10034): Output port "LEDR[8..0]" at MotorDriving.v(5) has no driver File: C:/Users/oars0/Documents/School/Design_and_synthesis/FinalProject/MotorDriving/MotorDriving.v Line: 5
Warning (10034): Output port "HEX0" at MotorDriving.v(6) has no driver File: C:/Users/oars0/Documents/School/Design_and_synthesis/FinalProject/MotorDriving/MotorDriving.v Line: 6
Warning (10034): Output port "HEX1" at MotorDriving.v(6) has no driver File: C:/Users/oars0/Documents/School/Design_and_synthesis/FinalProject/MotorDriving/MotorDriving.v Line: 6
Warning (10034): Output port "HEX2" at MotorDriving.v(6) has no driver File: C:/Users/oars0/Documents/School/Design_and_synthesis/FinalProject/MotorDriving/MotorDriving.v Line: 6
Warning (10034): Output port "HEX3" at MotorDriving.v(6) has no driver File: C:/Users/oars0/Documents/School/Design_and_synthesis/FinalProject/MotorDriving/MotorDriving.v Line: 6
Warning (10034): Output port "HEX4" at MotorDriving.v(6) has no driver File: C:/Users/oars0/Documents/School/Design_and_synthesis/FinalProject/MotorDriving/MotorDriving.v Line: 6
Warning (10034): Output port "HEX5" at MotorDriving.v(6) has no driver File: C:/Users/oars0/Documents/School/Design_and_synthesis/FinalProject/MotorDriving/MotorDriving.v Line: 6
Info (12128): Elaborating entity "button_debouncer" for hierarchy "button_debouncer:key0db" File: C:/Users/oars0/Documents/School/Design_and_synthesis/FinalProject/MotorDriving/MotorDriving.v Line: 12
Warning (10230): Verilog HDL assignment warning at MotorDriving.v(138): truncated value with size 32 to match size of target (1) File: C:/Users/oars0/Documents/School/Design_and_synthesis/FinalProject/MotorDriving/MotorDriving.v Line: 138
Warning (10230): Verilog HDL assignment warning at MotorDriving.v(139): truncated value with size 32 to match size of target (21) File: C:/Users/oars0/Documents/School/Design_and_synthesis/FinalProject/MotorDriving/MotorDriving.v Line: 139
Warning (10230): Verilog HDL assignment warning at MotorDriving.v(148): truncated value with size 32 to match size of target (21) File: C:/Users/oars0/Documents/School/Design_and_synthesis/FinalProject/MotorDriving/MotorDriving.v Line: 148
Warning (10230): Verilog HDL assignment warning at MotorDriving.v(150): truncated value with size 32 to match size of target (21) File: C:/Users/oars0/Documents/School/Design_and_synthesis/FinalProject/MotorDriving/MotorDriving.v Line: 150
Info (12128): Elaborating entity "timer" for hierarchy "timer:mpulse" File: C:/Users/oars0/Documents/School/Design_and_synthesis/FinalProject/MotorDriving/MotorDriving.v Line: 22
Info (12128): Elaborating entity "pulseFSM" for hierarchy "pulseFSM:motor1" File: C:/Users/oars0/Documents/School/Design_and_synthesis/FinalProject/MotorDriving/MotorDriving.v Line: 23
Warning (10230): Verilog HDL assignment warning at MotorDriving.v(67): truncated value with size 32 to match size of target (26) File: C:/Users/oars0/Documents/School/Design_and_synthesis/FinalProject/MotorDriving/MotorDriving.v Line: 67
Warning (12241): 1 hierarchies have connectivity warnings - see the Connectivity Checks report folder
Warning (13034): The following nodes have both tri-state and non-tri-state drivers
    Warning (13035): Inserted always-enabled tri-state buffer between "GPIO_[0]" and its non-tri-state driver. File: C:/Users/oars0/Documents/School/Design_and_synthesis/FinalProject/MotorDriving/MotorDriving.v Line: 4
    Warning (13035): Inserted always-enabled tri-state buffer between "GPIO_[2]" and its non-tri-state driver. File: C:/Users/oars0/Documents/School/Design_and_synthesis/FinalProject/MotorDriving/MotorDriving.v Line: 4
    Warning (13035): Inserted always-enabled tri-state buffer between "GPIO_[3]" and its non-tri-state driver. File: C:/Users/oars0/Documents/School/Design_and_synthesis/FinalProject/MotorDriving/MotorDriving.v Line: 4
Warning (13039): The following bidirectional pins have no drivers
    Warning (13040): bidirectional pin "GPIO_[4]" has no driver File: C:/Users/oars0/Documents/School/Design_and_synthesis/FinalProject/MotorDriving/MotorDriving.v Line: 4
    Warning (13040): bidirectional pin "GPIO_[5]" has no driver File: C:/Users/oars0/Documents/School/Design_and_synthesis/FinalProject/MotorDriving/MotorDriving.v Line: 4
    Warning (13040): bidirectional pin "GPIO_[6]" has no driver File: C:/Users/oars0/Documents/School/Design_and_synthesis/FinalProject/MotorDriving/MotorDriving.v Line: 4
    Warning (13040): bidirectional pin "GPIO_[7]" has no driver File: C:/Users/oars0/Documents/School/Design_and_synthesis/FinalProject/MotorDriving/MotorDriving.v Line: 4
    Warning (13040): bidirectional pin "GPIO_[8]" has no driver File: C:/Users/oars0/Documents/School/Design_and_synthesis/FinalProject/MotorDriving/MotorDriving.v Line: 4
    Warning (13040): bidirectional pin "GPIO_[9]" has no driver File: C:/Users/oars0/Documents/School/Design_and_synthesis/FinalProject/MotorDriving/MotorDriving.v Line: 4
    Warning (13040): bidirectional pin "GPIO_[10]" has no driver File: C:/Users/oars0/Documents/School/Design_and_synthesis/FinalProject/MotorDriving/MotorDriving.v Line: 4
    Warning (13040): bidirectional pin "GPIO_[11]" has no driver File: C:/Users/oars0/Documents/School/Design_and_synthesis/FinalProject/MotorDriving/MotorDriving.v Line: 4
    Warning (13040): bidirectional pin "GPIO_[12]" has no driver File: C:/Users/oars0/Documents/School/Design_and_synthesis/FinalProject/MotorDriving/MotorDriving.v Line: 4
    Warning (13040): bidirectional pin "GPIO_[13]" has no driver File: C:/Users/oars0/Documents/School/Design_and_synthesis/FinalProject/MotorDriving/MotorDriving.v Line: 4
    Warning (13040): bidirectional pin "GPIO_[14]" has no driver File: C:/Users/oars0/Documents/School/Design_and_synthesis/FinalProject/MotorDriving/MotorDriving.v Line: 4
    Warning (13040): bidirectional pin "GPIO_[15]" has no driver File: C:/Users/oars0/Documents/School/Design_and_synthesis/FinalProject/MotorDriving/MotorDriving.v Line: 4
    Warning (13040): bidirectional pin "GPIO_[16]" has no driver File: C:/Users/oars0/Documents/School/Design_and_synthesis/FinalProject/MotorDriving/MotorDriving.v Line: 4
    Warning (13040): bidirectional pin "GPIO_[17]" has no driver File: C:/Users/oars0/Documents/School/Design_and_synthesis/FinalProject/MotorDriving/MotorDriving.v Line: 4
    Warning (13040): bidirectional pin "GPIO_[18]" has no driver File: C:/Users/oars0/Documents/School/Design_and_synthesis/FinalProject/MotorDriving/MotorDriving.v Line: 4
    Warning (13040): bidirectional pin "GPIO_[19]" has no driver File: C:/Users/oars0/Documents/School/Design_and_synthesis/FinalProject/MotorDriving/MotorDriving.v Line: 4
    Warning (13040): bidirectional pin "GPIO_[20]" has no driver File: C:/Users/oars0/Documents/School/Design_and_synthesis/FinalProject/MotorDriving/MotorDriving.v Line: 4
    Warning (13040): bidirectional pin "GPIO_[21]" has no driver File: C:/Users/oars0/Documents/School/Design_and_synthesis/FinalProject/MotorDriving/MotorDriving.v Line: 4
    Warning (13040): bidirectional pin "GPIO_[22]" has no driver File: C:/Users/oars0/Documents/School/Design_and_synthesis/FinalProject/MotorDriving/MotorDriving.v Line: 4
    Warning (13040): bidirectional pin "GPIO_[23]" has no driver File: C:/Users/oars0/Documents/School/Design_and_synthesis/FinalProject/MotorDriving/MotorDriving.v Line: 4
    Warning (13040): bidirectional pin "GPIO_[24]" has no driver File: C:/Users/oars0/Documents/School/Design_and_synthesis/FinalProject/MotorDriving/MotorDriving.v Line: 4
    Warning (13040): bidirectional pin "GPIO_[25]" has no driver File: C:/Users/oars0/Documents/School/Design_and_synthesis/FinalProject/MotorDriving/MotorDriving.v Line: 4
    Warning (13040): bidirectional pin "GPIO_[26]" has no driver File: C:/Users/oars0/Documents/School/Design_and_synthesis/FinalProject/MotorDriving/MotorDriving.v Line: 4
    Warning (13040): bidirectional pin "GPIO_[27]" has no driver File: C:/Users/oars0/Documents/School/Design_and_synthesis/FinalProject/MotorDriving/MotorDriving.v Line: 4
    Warning (13040): bidirectional pin "GPIO_[28]" has no driver File: C:/Users/oars0/Documents/School/Design_and_synthesis/FinalProject/MotorDriving/MotorDriving.v Line: 4
    Warning (13040): bidirectional pin "GPIO_[29]" has no driver File: C:/Users/oars0/Documents/School/Design_and_synthesis/FinalProject/MotorDriving/MotorDriving.v Line: 4
    Warning (13040): bidirectional pin "GPIO_[30]" has no driver File: C:/Users/oars0/Documents/School/Design_and_synthesis/FinalProject/MotorDriving/MotorDriving.v Line: 4
    Warning (13040): bidirectional pin "GPIO_[31]" has no driver File: C:/Users/oars0/Documents/School/Design_and_synthesis/FinalProject/MotorDriving/MotorDriving.v Line: 4
    Warning (13040): bidirectional pin "GPIO_[32]" has no driver File: C:/Users/oars0/Documents/School/Design_and_synthesis/FinalProject/MotorDriving/MotorDriving.v Line: 4
    Warning (13040): bidirectional pin "GPIO_[33]" has no driver File: C:/Users/oars0/Documents/School/Design_and_synthesis/FinalProject/MotorDriving/MotorDriving.v Line: 4
    Warning (13040): bidirectional pin "GPIO_[34]" has no driver File: C:/Users/oars0/Documents/School/Design_and_synthesis/FinalProject/MotorDriving/MotorDriving.v Line: 4
    Warning (13040): bidirectional pin "GPIO_[35]" has no driver File: C:/Users/oars0/Documents/School/Design_and_synthesis/FinalProject/MotorDriving/MotorDriving.v Line: 4
    Warning (13040): bidirectional pin "Arduino_IO[0]" has no driver File: C:/Users/oars0/Documents/School/Design_and_synthesis/FinalProject/MotorDriving/MotorDriving.v Line: 8
    Warning (13040): bidirectional pin "Arduino_IO[1]" has no driver File: C:/Users/oars0/Documents/School/Design_and_synthesis/FinalProject/MotorDriving/MotorDriving.v Line: 8
    Warning (13040): bidirectional pin "Arduino_IO[2]" has no driver File: C:/Users/oars0/Documents/School/Design_and_synthesis/FinalProject/MotorDriving/MotorDriving.v Line: 8
    Warning (13040): bidirectional pin "Arduino_IO[3]" has no driver File: C:/Users/oars0/Documents/School/Design_and_synthesis/FinalProject/MotorDriving/MotorDriving.v Line: 8
    Warning (13040): bidirectional pin "Arduino_IO[4]" has no driver File: C:/Users/oars0/Documents/School/Design_and_synthesis/FinalProject/MotorDriving/MotorDriving.v Line: 8
    Warning (13040): bidirectional pin "Arduino_IO[5]" has no driver File: C:/Users/oars0/Documents/School/Design_and_synthesis/FinalProject/MotorDriving/MotorDriving.v Line: 8
    Warning (13040): bidirectional pin "Arduino_IO[6]" has no driver File: C:/Users/oars0/Documents/School/Design_and_synthesis/FinalProject/MotorDriving/MotorDriving.v Line: 8
    Warning (13040): bidirectional pin "Arduino_IO[7]" has no driver File: C:/Users/oars0/Documents/School/Design_and_synthesis/FinalProject/MotorDriving/MotorDriving.v Line: 8
    Warning (13040): bidirectional pin "Arduino_IO[8]" has no driver File: C:/Users/oars0/Documents/School/Design_and_synthesis/FinalProject/MotorDriving/MotorDriving.v Line: 8
    Warning (13040): bidirectional pin "Arduino_IO[9]" has no driver File: C:/Users/oars0/Documents/School/Design_and_synthesis/FinalProject/MotorDriving/MotorDriving.v Line: 8
    Warning (13040): bidirectional pin "Arduino_IO[10]" has no driver File: C:/Users/oars0/Documents/School/Design_and_synthesis/FinalProject/MotorDriving/MotorDriving.v Line: 8
    Warning (13040): bidirectional pin "Arduino_IO[11]" has no driver File: C:/Users/oars0/Documents/School/Design_and_synthesis/FinalProject/MotorDriving/MotorDriving.v Line: 8
    Warning (13040): bidirectional pin "Arduino_IO[12]" has no driver File: C:/Users/oars0/Documents/School/Design_and_synthesis/FinalProject/MotorDriving/MotorDriving.v Line: 8
    Warning (13040): bidirectional pin "Arduino_IO[13]" has no driver File: C:/Users/oars0/Documents/School/Design_and_synthesis/FinalProject/MotorDriving/MotorDriving.v Line: 8
    Warning (13040): bidirectional pin "Arduino_IO[14]" has no driver File: C:/Users/oars0/Documents/School/Design_and_synthesis/FinalProject/MotorDriving/MotorDriving.v Line: 8
    Warning (13040): bidirectional pin "Arduino_IO[15]" has no driver File: C:/Users/oars0/Documents/School/Design_and_synthesis/FinalProject/MotorDriving/MotorDriving.v Line: 8
Warning (13032): The following tri-state nodes are fed by constants
    Warning (13033): The pin "GPIO_[1]" is fed by GND File: C:/Users/oars0/Documents/School/Design_and_synthesis/FinalProject/MotorDriving/MotorDriving.v Line: 4
Warning (13009): TRI or OPNDRN buffers permanently enabled
    Warning (13010): Node "GPIO_[0]~synth" File: C:/Users/oars0/Documents/School/Design_and_synthesis/FinalProject/MotorDriving/MotorDriving.v Line: 4
    Warning (13010): Node "GPIO_[2]~synth" File: C:/Users/oars0/Documents/School/Design_and_synthesis/FinalProject/MotorDriving/MotorDriving.v Line: 4
    Warning (13010): Node "GPIO_[3]~synth" File: C:/Users/oars0/Documents/School/Design_and_synthesis/FinalProject/MotorDriving/MotorDriving.v Line: 4
Warning (13024): Output pins are stuck at VCC or GND
    Warning (13410): Pin "LEDR[0]" is stuck at GND File: C:/Users/oars0/Documents/School/Design_and_synthesis/FinalProject/MotorDriving/MotorDriving.v Line: 5
    Warning (13410): Pin "LEDR[1]" is stuck at GND File: C:/Users/oars0/Documents/School/Design_and_synthesis/FinalProject/MotorDriving/MotorDriving.v Line: 5
    Warning (13410): Pin "LEDR[2]" is stuck at GND File: C:/Users/oars0/Documents/School/Design_and_synthesis/FinalProject/MotorDriving/MotorDriving.v Line: 5
    Warning (13410): Pin "LEDR[3]" is stuck at GND File: C:/Users/oars0/Documents/School/Design_and_synthesis/FinalProject/MotorDriving/MotorDriving.v Line: 5
    Warning (13410): Pin "LEDR[4]" is stuck at GND File: C:/Users/oars0/Documents/School/Design_and_synthesis/FinalProject/MotorDriving/MotorDriving.v Line: 5
    Warning (13410): Pin "LEDR[5]" is stuck at GND File: C:/Users/oars0/Documents/School/Design_and_synthesis/FinalProject/MotorDriving/MotorDriving.v Line: 5
    Warning (13410): Pin "LEDR[6]" is stuck at GND File: C:/Users/oars0/Documents/School/Design_and_synthesis/FinalProject/MotorDriving/MotorDriving.v Line: 5
    Warning (13410): Pin "LEDR[7]" is stuck at GND File: C:/Users/oars0/Documents/School/Design_and_synthesis/FinalProject/MotorDriving/MotorDriving.v Line: 5
    Warning (13410): Pin "LEDR[8]" is stuck at GND File: C:/Users/oars0/Documents/School/Design_and_synthesis/FinalProject/MotorDriving/MotorDriving.v Line: 5
    Warning (13410): Pin "HEX0[6]" is stuck at GND File: C:/Users/oars0/Documents/School/Design_and_synthesis/FinalProject/MotorDriving/MotorDriving.v Line: 6
    Warning (13410): Pin "HEX0[5]" is stuck at GND File: C:/Users/oars0/Documents/School/Design_and_synthesis/FinalProject/MotorDriving/MotorDriving.v Line: 6
    Warning (13410): Pin "HEX0[4]" is stuck at GND File: C:/Users/oars0/Documents/School/Design_and_synthesis/FinalProject/MotorDriving/MotorDriving.v Line: 6
    Warning (13410): Pin "HEX0[3]" is stuck at GND File: C:/Users/oars0/Documents/School/Design_and_synthesis/FinalProject/MotorDriving/MotorDriving.v Line: 6
    Warning (13410): Pin "HEX0[2]" is stuck at GND File: C:/Users/oars0/Documents/School/Design_and_synthesis/FinalProject/MotorDriving/MotorDriving.v Line: 6
    Warning (13410): Pin "HEX0[1]" is stuck at GND File: C:/Users/oars0/Documents/School/Design_and_synthesis/FinalProject/MotorDriving/MotorDriving.v Line: 6
    Warning (13410): Pin "HEX0[0]" is stuck at GND File: C:/Users/oars0/Documents/School/Design_and_synthesis/FinalProject/MotorDriving/MotorDriving.v Line: 6
    Warning (13410): Pin "HEX1[6]" is stuck at GND File: C:/Users/oars0/Documents/School/Design_and_synthesis/FinalProject/MotorDriving/MotorDriving.v Line: 6
    Warning (13410): Pin "HEX1[5]" is stuck at GND File: C:/Users/oars0/Documents/School/Design_and_synthesis/FinalProject/MotorDriving/MotorDriving.v Line: 6
    Warning (13410): Pin "HEX1[4]" is stuck at GND File: C:/Users/oars0/Documents/School/Design_and_synthesis/FinalProject/MotorDriving/MotorDriving.v Line: 6
    Warning (13410): Pin "HEX1[3]" is stuck at GND File: C:/Users/oars0/Documents/School/Design_and_synthesis/FinalProject/MotorDriving/MotorDriving.v Line: 6
    Warning (13410): Pin "HEX1[2]" is stuck at GND File: C:/Users/oars0/Documents/School/Design_and_synthesis/FinalProject/MotorDriving/MotorDriving.v Line: 6
    Warning (13410): Pin "HEX1[1]" is stuck at GND File: C:/Users/oars0/Documents/School/Design_and_synthesis/FinalProject/MotorDriving/MotorDriving.v Line: 6
    Warning (13410): Pin "HEX1[0]" is stuck at GND File: C:/Users/oars0/Documents/School/Design_and_synthesis/FinalProject/MotorDriving/MotorDriving.v Line: 6
    Warning (13410): Pin "HEX2[6]" is stuck at GND File: C:/Users/oars0/Documents/School/Design_and_synthesis/FinalProject/MotorDriving/MotorDriving.v Line: 6
    Warning (13410): Pin "HEX2[5]" is stuck at GND File: C:/Users/oars0/Documents/School/Design_and_synthesis/FinalProject/MotorDriving/MotorDriving.v Line: 6
    Warning (13410): Pin "HEX2[4]" is stuck at GND File: C:/Users/oars0/Documents/School/Design_and_synthesis/FinalProject/MotorDriving/MotorDriving.v Line: 6
    Warning (13410): Pin "HEX2[3]" is stuck at GND File: C:/Users/oars0/Documents/School/Design_and_synthesis/FinalProject/MotorDriving/MotorDriving.v Line: 6
    Warning (13410): Pin "HEX2[2]" is stuck at GND File: C:/Users/oars0/Documents/School/Design_and_synthesis/FinalProject/MotorDriving/MotorDriving.v Line: 6
    Warning (13410): Pin "HEX2[1]" is stuck at GND File: C:/Users/oars0/Documents/School/Design_and_synthesis/FinalProject/MotorDriving/MotorDriving.v Line: 6
    Warning (13410): Pin "HEX2[0]" is stuck at GND File: C:/Users/oars0/Documents/School/Design_and_synthesis/FinalProject/MotorDriving/MotorDriving.v Line: 6
    Warning (13410): Pin "HEX3[6]" is stuck at GND File: C:/Users/oars0/Documents/School/Design_and_synthesis/FinalProject/MotorDriving/MotorDriving.v Line: 6
    Warning (13410): Pin "HEX3[5]" is stuck at GND File: C:/Users/oars0/Documents/School/Design_and_synthesis/FinalProject/MotorDriving/MotorDriving.v Line: 6
    Warning (13410): Pin "HEX3[4]" is stuck at GND File: C:/Users/oars0/Documents/School/Design_and_synthesis/FinalProject/MotorDriving/MotorDriving.v Line: 6
    Warning (13410): Pin "HEX3[3]" is stuck at GND File: C:/Users/oars0/Documents/School/Design_and_synthesis/FinalProject/MotorDriving/MotorDriving.v Line: 6
    Warning (13410): Pin "HEX3[2]" is stuck at GND File: C:/Users/oars0/Documents/School/Design_and_synthesis/FinalProject/MotorDriving/MotorDriving.v Line: 6
    Warning (13410): Pin "HEX3[1]" is stuck at GND File: C:/Users/oars0/Documents/School/Design_and_synthesis/FinalProject/MotorDriving/MotorDriving.v Line: 6
    Warning (13410): Pin "HEX3[0]" is stuck at GND File: C:/Users/oars0/Documents/School/Design_and_synthesis/FinalProject/MotorDriving/MotorDriving.v Line: 6
    Warning (13410): Pin "HEX4[6]" is stuck at GND File: C:/Users/oars0/Documents/School/Design_and_synthesis/FinalProject/MotorDriving/MotorDriving.v Line: 6
    Warning (13410): Pin "HEX4[5]" is stuck at GND File: C:/Users/oars0/Documents/School/Design_and_synthesis/FinalProject/MotorDriving/MotorDriving.v Line: 6
    Warning (13410): Pin "HEX4[4]" is stuck at GND File: C:/Users/oars0/Documents/School/Design_and_synthesis/FinalProject/MotorDriving/MotorDriving.v Line: 6
    Warning (13410): Pin "HEX4[3]" is stuck at GND File: C:/Users/oars0/Documents/School/Design_and_synthesis/FinalProject/MotorDriving/MotorDriving.v Line: 6
    Warning (13410): Pin "HEX4[2]" is stuck at GND File: C:/Users/oars0/Documents/School/Design_and_synthesis/FinalProject/MotorDriving/MotorDriving.v Line: 6
    Warning (13410): Pin "HEX4[1]" is stuck at GND File: C:/Users/oars0/Documents/School/Design_and_synthesis/FinalProject/MotorDriving/MotorDriving.v Line: 6
    Warning (13410): Pin "HEX4[0]" is stuck at GND File: C:/Users/oars0/Documents/School/Design_and_synthesis/FinalProject/MotorDriving/MotorDriving.v Line: 6
    Warning (13410): Pin "HEX5[6]" is stuck at GND File: C:/Users/oars0/Documents/School/Design_and_synthesis/FinalProject/MotorDriving/MotorDriving.v Line: 6
    Warning (13410): Pin "HEX5[5]" is stuck at GND File: C:/Users/oars0/Documents/School/Design_and_synthesis/FinalProject/MotorDriving/MotorDriving.v Line: 6
    Warning (13410): Pin "HEX5[4]" is stuck at GND File: C:/Users/oars0/Documents/School/Design_and_synthesis/FinalProject/MotorDriving/MotorDriving.v Line: 6
    Warning (13410): Pin "HEX5[3]" is stuck at GND File: C:/Users/oars0/Documents/School/Design_and_synthesis/FinalProject/MotorDriving/MotorDriving.v Line: 6
    Warning (13410): Pin "HEX5[2]" is stuck at GND File: C:/Users/oars0/Documents/School/Design_and_synthesis/FinalProject/MotorDriving/MotorDriving.v Line: 6
    Warning (13410): Pin "HEX5[1]" is stuck at GND File: C:/Users/oars0/Documents/School/Design_and_synthesis/FinalProject/MotorDriving/MotorDriving.v Line: 6
    Warning (13410): Pin "HEX5[0]" is stuck at GND File: C:/Users/oars0/Documents/School/Design_and_synthesis/FinalProject/MotorDriving/MotorDriving.v Line: 6
Info (286030): Timing-Driven Synthesis is running
Info (17049): 1 registers lost all their fanouts during netlist optimizations.
Info (16010): Generating hard_block partition "hard_block:auto_generated_inst"
    Info (16011): Adding 0 node(s), including 0 DDIO, 0 PLL, 0 transceiver and 0 LCELL
Warning (21074): Design contains 9 input pin(s) that do not drive logic
    Warning (15610): No output dependent on input pin "KEY1" File: C:/Users/oars0/Documents/School/Design_and_synthesis/FinalProject/MotorDriving/MotorDriving.v Line: 2
    Warning (15610): No output dependent on input pin "SW[2]" File: C:/Users/oars0/Documents/School/Design_and_synthesis/FinalProject/MotorDriving/MotorDriving.v Line: 3
    Warning (15610): No output dependent on input pin "SW[3]" File: C:/Users/oars0/Documents/School/Design_and_synthesis/FinalProject/MotorDriving/MotorDriving.v Line: 3
    Warning (15610): No output dependent on input pin "SW[4]" File: C:/Users/oars0/Documents/School/Design_and_synthesis/FinalProject/MotorDriving/MotorDriving.v Line: 3
    Warning (15610): No output dependent on input pin "SW[5]" File: C:/Users/oars0/Documents/School/Design_and_synthesis/FinalProject/MotorDriving/MotorDriving.v Line: 3
    Warning (15610): No output dependent on input pin "SW[6]" File: C:/Users/oars0/Documents/School/Design_and_synthesis/FinalProject/MotorDriving/MotorDriving.v Line: 3
    Warning (15610): No output dependent on input pin "SW[7]" File: C:/Users/oars0/Documents/School/Design_and_synthesis/FinalProject/MotorDriving/MotorDriving.v Line: 3
    Warning (15610): No output dependent on input pin "SW[8]" File: C:/Users/oars0/Documents/School/Design_and_synthesis/FinalProject/MotorDriving/MotorDriving.v Line: 3
    Warning (15610): No output dependent on input pin "SW[9]" File: C:/Users/oars0/Documents/School/Design_and_synthesis/FinalProject/MotorDriving/MotorDriving.v Line: 3
Info (21057): Implemented 276 device resources after synthesis - the final resource count might be different
    Info (21058): Implemented 13 input pins
    Info (21059): Implemented 52 output pins
    Info (21060): Implemented 52 bidirectional pins
    Info (21061): Implemented 159 logic cells
Info: Quartus Prime Analysis & Synthesis was successful. 0 errors, 136 warnings
    Info: Peak virtual memory: 4794 megabytes
    Info: Processing ended: Wed Apr 19 09:26:54 2023
    Info: Elapsed time: 00:00:08
    Info: Total CPU time (on all processors): 00:00:09


