Analysis & Synthesis report for lab3b
Thu Feb 23 09:36:28 2023
Quartus Prime Version 21.1.1 Build 850 06/23/2022 SJ Lite Edition


---------------------
; Table of Contents ;
---------------------
  1. Legal Notice
  2. Analysis & Synthesis Summary
  3. Analysis & Synthesis Settings
  4. Parallel Compilation
  5. Analysis & Synthesis Source Files Read
  6. Analysis & Synthesis Resource Usage Summary
  7. Analysis & Synthesis Resource Utilization by Entity
  8. General Register Statistics
  9. Parameter Settings for User Entity Instance: twodigitdecoder:decoder
 10. Parameter Settings for Inferred Entity Instance: twodigitdecoder:decoder|lpm_divide:Mod0
 11. Parameter Settings for Inferred Entity Instance: twodigitdecoder:decoder|lpm_divide:Div0
 12. Post-Synthesis Netlist Statistics for Top Partition
 13. Elapsed Time Per Partition
 14. Analysis & Synthesis Messages



----------------
; Legal Notice ;
----------------
Copyright (C) 2022  Intel Corporation. All rights reserved.
Your use of Intel Corporation's design tools, logic functions 
and other software and tools, and any partner logic 
functions, and any output files from any of the foregoing 
(including device programming or simulation files), and any 
associated documentation or information are expressly subject 
to the terms and conditions of the Intel Program License 
Subscription Agreement, the Intel Quartus Prime License Agreement,
the Intel FPGA IP License Agreement, or other applicable license
agreement, including, without limitation, that your use is for
the sole purpose of programming logic devices manufactured by
Intel and sold by Intel or its authorized distributors.  Please
refer to the applicable agreement for further details, at
https://fpgasoftware.intel.com/eula.



+----------------------------------------------------------------------------------+
; Analysis & Synthesis Summary                                                     ;
+------------------------------------+---------------------------------------------+
; Analysis & Synthesis Status        ; Successful - Thu Feb 23 09:36:28 2023       ;
; Quartus Prime Version              ; 21.1.1 Build 850 06/23/2022 SJ Lite Edition ;
; Revision Name                      ; lab3b                                       ;
; Top-level Entity Name              ; lab3b                                       ;
; Family                             ; MAX 10                                      ;
; Total logic elements               ; 77                                          ;
;     Total combinational functions  ; 77                                          ;
;     Dedicated logic registers      ; 0                                           ;
; Total registers                    ; 0                                           ;
; Total pins                         ; 24                                          ;
; Total virtual pins                 ; 0                                           ;
; Total memory bits                  ; 0                                           ;
; Embedded Multiplier 9-bit elements ; 0                                           ;
; Total PLLs                         ; 0                                           ;
; UFM blocks                         ; 0                                           ;
; ADC blocks                         ; 0                                           ;
+------------------------------------+---------------------------------------------+


+------------------------------------------------------------------------------------------------------------+
; Analysis & Synthesis Settings                                                                              ;
+------------------------------------------------------------------+--------------------+--------------------+
; Option                                                           ; Setting            ; Default Value      ;
+------------------------------------------------------------------+--------------------+--------------------+
; Device                                                           ; 10M50DAF484C7G     ;                    ;
; Top-level entity name                                            ; lab3b              ; lab3b              ;
; Family name                                                      ; MAX 10             ; Cyclone V          ;
; Use smart compilation                                            ; Off                ; Off                ;
; Enable parallel Assembler and Timing Analyzer during compilation ; On                 ; On                 ;
; Enable compact report table                                      ; Off                ; Off                ;
; Restructure Multiplexers                                         ; Auto               ; Auto               ;
; Create Debugging Nodes for IP Cores                              ; Off                ; Off                ;
; Preserve fewer node names                                        ; On                 ; On                 ;
; Intel FPGA IP Evaluation Mode                                    ; Enable             ; Enable             ;
; Verilog Version                                                  ; Verilog_2001       ; Verilog_2001       ;
; VHDL Version                                                     ; VHDL_1993          ; VHDL_1993          ;
; State Machine Processing                                         ; Auto               ; Auto               ;
; Safe State Machine                                               ; Off                ; Off                ;
; Extract Verilog State Machines                                   ; On                 ; On                 ;
; Extract VHDL State Machines                                      ; On                 ; On                 ;
; Ignore Verilog initial constructs                                ; Off                ; Off                ;
; Iteration limit for constant Verilog loops                       ; 5000               ; 5000               ;
; Iteration limit for non-constant Verilog loops                   ; 250                ; 250                ;
; Add Pass-Through Logic to Inferred RAMs                          ; On                 ; On                 ;
; Infer RAMs from Raw Logic                                        ; On                 ; On                 ;
; Parallel Synthesis                                               ; On                 ; On                 ;
; DSP Block Balancing                                              ; Auto               ; Auto               ;
; NOT Gate Push-Back                                               ; On                 ; On                 ;
; Power-Up Don't Care                                              ; On                 ; On                 ;
; Remove Redundant Logic Cells                                     ; Off                ; Off                ;
; Remove Duplicate Registers                                       ; On                 ; On                 ;
; Ignore CARRY Buffers                                             ; Off                ; Off                ;
; Ignore CASCADE Buffers                                           ; Off                ; Off                ;
; Ignore GLOBAL Buffers                                            ; Off                ; Off                ;
; Ignore ROW GLOBAL Buffers                                        ; Off                ; Off                ;
; Ignore LCELL Buffers                                             ; Off                ; Off                ;
; Ignore SOFT Buffers                                              ; On                 ; On                 ;
; Limit AHDL Integers to 32 Bits                                   ; Off                ; Off                ;
; Optimization Technique                                           ; Balanced           ; Balanced           ;
; Carry Chain Length                                               ; 70                 ; 70                 ;
; Auto Carry Chains                                                ; On                 ; On                 ;
; Auto Open-Drain Pins                                             ; On                 ; On                 ;
; Perform WYSIWYG Primitive Resynthesis                            ; Off                ; Off                ;
; Auto ROM Replacement                                             ; On                 ; On                 ;
; Auto RAM Replacement                                             ; On                 ; On                 ;
; Auto DSP Block Replacement                                       ; On                 ; On                 ;
; Auto Shift Register Replacement                                  ; Auto               ; Auto               ;
; Allow Shift Register Merging across Hierarchies                  ; Auto               ; Auto               ;
; Auto Clock Enable Replacement                                    ; On                 ; On                 ;
; Strict RAM Replacement                                           ; Off                ; Off                ;
; Allow Synchronous Control Signals                                ; On                 ; On                 ;
; Force Use of Synchronous Clear Signals                           ; Off                ; Off                ;
; Auto RAM Block Balancing                                         ; On                 ; On                 ;
; Auto RAM to Logic Cell Conversion                                ; Off                ; Off                ;
; Auto Resource Sharing                                            ; Off                ; Off                ;
; Allow Any RAM Size For Recognition                               ; Off                ; Off                ;
; Allow Any ROM Size For Recognition                               ; Off                ; Off                ;
; Allow Any Shift Register Size For Recognition                    ; Off                ; Off                ;
; Use LogicLock Constraints during Resource Balancing              ; On                 ; On                 ;
; Ignore translate_off and synthesis_off directives                ; Off                ; Off                ;
; Timing-Driven Synthesis                                          ; On                 ; On                 ;
; Report Parameter Settings                                        ; On                 ; On                 ;
; Report Source Assignments                                        ; On                 ; On                 ;
; Report Connectivity Checks                                       ; On                 ; On                 ;
; Ignore Maximum Fan-Out Assignments                               ; Off                ; Off                ;
; Synchronization Register Chain Length                            ; 2                  ; 2                  ;
; Power Optimization During Synthesis                              ; Normal compilation ; Normal compilation ;
; HDL message level                                                ; Level2             ; Level2             ;
; Suppress Register Optimization Related Messages                  ; Off                ; Off                ;
; Number of Removed Registers Reported in Synthesis Report         ; 5000               ; 5000               ;
; Number of Swept Nodes Reported in Synthesis Report               ; 5000               ; 5000               ;
; Number of Inverted Registers Reported in Synthesis Report        ; 100                ; 100                ;
; Clock MUX Protection                                             ; On                 ; On                 ;
; Auto Gated Clock Conversion                                      ; Off                ; Off                ;
; Block Design Naming                                              ; Auto               ; Auto               ;
; SDC constraint protection                                        ; Off                ; Off                ;
; Synthesis Effort                                                 ; Auto               ; Auto               ;
; Shift Register Replacement - Allow Asynchronous Clear Signal     ; On                 ; On                 ;
; Pre-Mapping Resynthesis Optimization                             ; Off                ; Off                ;
; Analysis & Synthesis Message Level                               ; Medium             ; Medium             ;
; Disable Register Merging Across Hierarchies                      ; Auto               ; Auto               ;
; Resource Aware Inference For Block RAM                           ; On                 ; On                 ;
+------------------------------------------------------------------+--------------------+--------------------+


+------------------------------------------+
; Parallel Compilation                     ;
+----------------------------+-------------+
; Processors                 ; Number      ;
+----------------------------+-------------+
; Number detected on machine ; 12          ;
; Maximum allowed            ; 6           ;
;                            ;             ;
; Average used               ; 1.00        ;
; Maximum used               ; 1           ;
;                            ;             ;
; Usage by Processor         ; % Time Used ;
;     Processor 1            ; 100.0%      ;
+----------------------------+-------------+


+---------------------------------------------------------------------------------------------------------------------------------------------------------------------------------------+
; Analysis & Synthesis Source Files Read                                                                                                                                                ;
+----------------------------------+-----------------+------------------------------+-----------------------------------------------------------------------------------------+---------+
; File Name with User-Entered Path ; Used in Netlist ; File Type                    ; File Name with Absolute Path                                                            ; Library ;
+----------------------------------+-----------------+------------------------------+-----------------------------------------------------------------------------------------+---------+
; lab3b.v                          ; yes             ; User Verilog HDL File        ; C:/Users/oars0/Documents/School/Design_and_synthesis/Lab3/3b/lab3b.v                    ;         ;
; twodigitdecoder.v                ; yes             ; Auto-Found Verilog HDL File  ; C:/Users/oars0/Documents/School/Design_and_synthesis/Lab3/3b/twodigitdecoder.v          ;         ;
; hex7seg.v                        ; yes             ; Auto-Found Verilog HDL File  ; C:/Users/oars0/Documents/School/Design_and_synthesis/Lab3/3b/hex7seg.v                  ;         ;
; lpm_divide.tdf                   ; yes             ; Megafunction                 ; c:/intelfpga_lite/21.1/quartus/libraries/megafunctions/lpm_divide.tdf                   ;         ;
; abs_divider.inc                  ; yes             ; Megafunction                 ; c:/intelfpga_lite/21.1/quartus/libraries/megafunctions/abs_divider.inc                  ;         ;
; sign_div_unsign.inc              ; yes             ; Megafunction                 ; c:/intelfpga_lite/21.1/quartus/libraries/megafunctions/sign_div_unsign.inc              ;         ;
; aglobal211.inc                   ; yes             ; Megafunction                 ; c:/intelfpga_lite/21.1/quartus/libraries/megafunctions/aglobal211.inc                   ;         ;
; db/lpm_divide_akl.tdf            ; yes             ; Auto-Generated Megafunction  ; C:/Users/oars0/Documents/School/Design_and_synthesis/Lab3/3b/db/lpm_divide_akl.tdf      ;         ;
; db/sign_div_unsign_9kh.tdf       ; yes             ; Auto-Generated Megafunction  ; C:/Users/oars0/Documents/School/Design_and_synthesis/Lab3/3b/db/sign_div_unsign_9kh.tdf ;         ;
; db/alt_u_div_see.tdf             ; yes             ; Auto-Generated Megafunction  ; C:/Users/oars0/Documents/School/Design_and_synthesis/Lab3/3b/db/alt_u_div_see.tdf       ;         ;
; db/add_sub_t3c.tdf               ; yes             ; Auto-Generated Megafunction  ; C:/Users/oars0/Documents/School/Design_and_synthesis/Lab3/3b/db/add_sub_t3c.tdf         ;         ;
; db/add_sub_u3c.tdf               ; yes             ; Auto-Generated Megafunction  ; C:/Users/oars0/Documents/School/Design_and_synthesis/Lab3/3b/db/add_sub_u3c.tdf         ;         ;
; db/lpm_divide_7sl.tdf            ; yes             ; Auto-Generated Megafunction  ; C:/Users/oars0/Documents/School/Design_and_synthesis/Lab3/3b/db/lpm_divide_7sl.tdf      ;         ;
+----------------------------------+-----------------+------------------------------+-----------------------------------------------------------------------------------------+---------+


+-------------------------------------------------------------------------------------------------------------------------------------------------------------------------------------------------+
; Analysis & Synthesis Resource Usage Summary                                                                                                                                                     ;
+---------------------------------------------+---------------------------------------------------------------------------------------------------------------------------------------------------+
; Resource                                    ; Usage                                                                                                                                             ;
+---------------------------------------------+---------------------------------------------------------------------------------------------------------------------------------------------------+
; Estimated Total logic elements              ; 77                                                                                                                                                ;
;                                             ;                                                                                                                                                   ;
; Total combinational functions               ; 77                                                                                                                                                ;
; Logic element usage by number of LUT inputs ;                                                                                                                                                   ;
;     -- 4 input functions                    ; 13                                                                                                                                                ;
;     -- 3 input functions                    ; 24                                                                                                                                                ;
;     -- <=2 input functions                  ; 40                                                                                                                                                ;
;                                             ;                                                                                                                                                   ;
; Logic elements by mode                      ;                                                                                                                                                   ;
;     -- normal mode                          ; 55                                                                                                                                                ;
;     -- arithmetic mode                      ; 22                                                                                                                                                ;
;                                             ;                                                                                                                                                   ;
; Total registers                             ; 0                                                                                                                                                 ;
;     -- Dedicated logic registers            ; 0                                                                                                                                                 ;
;     -- I/O registers                        ; 0                                                                                                                                                 ;
;                                             ;                                                                                                                                                   ;
; I/O pins                                    ; 24                                                                                                                                                ;
;                                             ;                                                                                                                                                   ;
; Embedded Multiplier 9-bit elements          ; 0                                                                                                                                                 ;
;                                             ;                                                                                                                                                   ;
; Maximum fan-out node                        ; twodigitdecoder:decoder|lpm_divide:Div0|lpm_divide_7sl:auto_generated|sign_div_unsign_9kh:divider|alt_u_div_see:divider|add_sub_3_result_int[4]~6 ;
; Maximum fan-out                             ; 17                                                                                                                                                ;
; Total fan-out                               ; 230                                                                                                                                               ;
; Average fan-out                             ; 1.84                                                                                                                                              ;
+---------------------------------------------+---------------------------------------------------------------------------------------------------------------------------------------------------+


+----------------------------------------------------------------------------------------------------------------------------------------------------------------------------------------------------------------------------------------------------------------------------------------------------------------------------------------------------------------------+
; Analysis & Synthesis Resource Utilization by Entity                                                                                                                                                                                                                                                                                                                  ;
+-------------------------------------------+---------------------+---------------------------+-------------+------------+--------------+---------+-----------+------+--------------+------------+--------------------------------------------------------------------------------------------------------------------------------+---------------------+--------------+
; Compilation Hierarchy Node                ; Combinational ALUTs ; Dedicated Logic Registers ; Memory Bits ; UFM Blocks ; DSP Elements ; DSP 9x9 ; DSP 18x18 ; Pins ; Virtual Pins ; ADC blocks ; Full Hierarchy Name                                                                                                            ; Entity Name         ; Library Name ;
+-------------------------------------------+---------------------+---------------------------+-------------+------------+--------------+---------+-----------+------+--------------+------------+--------------------------------------------------------------------------------------------------------------------------------+---------------------+--------------+
; |lab3b                                    ; 77 (0)              ; 0 (0)                     ; 0           ; 0          ; 0            ; 0       ; 0         ; 24   ; 0            ; 0          ; |lab3b                                                                                                                         ; lab3b               ; work         ;
;    |hex7seg:disp0|                        ; 7 (7)               ; 0 (0)                     ; 0           ; 0          ; 0            ; 0       ; 0         ; 0    ; 0            ; 0          ; |lab3b|hex7seg:disp0                                                                                                           ; hex7seg             ; work         ;
;    |hex7seg:disp1|                        ; 7 (7)               ; 0 (0)                     ; 0           ; 0          ; 0            ; 0       ; 0         ; 0    ; 0            ; 0          ; |lab3b|hex7seg:disp1                                                                                                           ; hex7seg             ; work         ;
;    |twodigitdecoder:decoder|              ; 63 (0)              ; 0 (0)                     ; 0           ; 0          ; 0            ; 0       ; 0         ; 0    ; 0            ; 0          ; |lab3b|twodigitdecoder:decoder                                                                                                 ; twodigitdecoder     ; work         ;
;       |lpm_divide:Div0|                   ; 30 (0)              ; 0 (0)                     ; 0           ; 0          ; 0            ; 0       ; 0         ; 0    ; 0            ; 0          ; |lab3b|twodigitdecoder:decoder|lpm_divide:Div0                                                                                 ; lpm_divide          ; work         ;
;          |lpm_divide_7sl:auto_generated|  ; 30 (0)              ; 0 (0)                     ; 0           ; 0          ; 0            ; 0       ; 0         ; 0    ; 0            ; 0          ; |lab3b|twodigitdecoder:decoder|lpm_divide:Div0|lpm_divide_7sl:auto_generated                                                   ; lpm_divide_7sl      ; work         ;
;             |sign_div_unsign_9kh:divider| ; 30 (0)              ; 0 (0)                     ; 0           ; 0          ; 0            ; 0       ; 0         ; 0    ; 0            ; 0          ; |lab3b|twodigitdecoder:decoder|lpm_divide:Div0|lpm_divide_7sl:auto_generated|sign_div_unsign_9kh:divider                       ; sign_div_unsign_9kh ; work         ;
;                |alt_u_div_see:divider|    ; 30 (30)             ; 0 (0)                     ; 0           ; 0          ; 0            ; 0       ; 0         ; 0    ; 0            ; 0          ; |lab3b|twodigitdecoder:decoder|lpm_divide:Div0|lpm_divide_7sl:auto_generated|sign_div_unsign_9kh:divider|alt_u_div_see:divider ; alt_u_div_see       ; work         ;
;       |lpm_divide:Mod0|                   ; 33 (0)              ; 0 (0)                     ; 0           ; 0          ; 0            ; 0       ; 0         ; 0    ; 0            ; 0          ; |lab3b|twodigitdecoder:decoder|lpm_divide:Mod0                                                                                 ; lpm_divide          ; work         ;
;          |lpm_divide_akl:auto_generated|  ; 33 (0)              ; 0 (0)                     ; 0           ; 0          ; 0            ; 0       ; 0         ; 0    ; 0            ; 0          ; |lab3b|twodigitdecoder:decoder|lpm_divide:Mod0|lpm_divide_akl:auto_generated                                                   ; lpm_divide_akl      ; work         ;
;             |sign_div_unsign_9kh:divider| ; 33 (0)              ; 0 (0)                     ; 0           ; 0          ; 0            ; 0       ; 0         ; 0    ; 0            ; 0          ; |lab3b|twodigitdecoder:decoder|lpm_divide:Mod0|lpm_divide_akl:auto_generated|sign_div_unsign_9kh:divider                       ; sign_div_unsign_9kh ; work         ;
;                |alt_u_div_see:divider|    ; 33 (33)             ; 0 (0)                     ; 0           ; 0          ; 0            ; 0       ; 0         ; 0    ; 0            ; 0          ; |lab3b|twodigitdecoder:decoder|lpm_divide:Mod0|lpm_divide_akl:auto_generated|sign_div_unsign_9kh:divider|alt_u_div_see:divider ; alt_u_div_see       ; work         ;
+-------------------------------------------+---------------------+---------------------------+-------------+------------+--------------+---------+-----------+------+--------------+------------+--------------------------------------------------------------------------------------------------------------------------------+---------------------+--------------+
Note: For table entries with two numbers listed, the numbers in parentheses indicate the number of resources of the given type used by the specific entity alone. The numbers listed outside of parentheses indicate the total resources of the given type used by the specific entity and all of its sub-entities in the hierarchy.


+------------------------------------------------------+
; General Register Statistics                          ;
+----------------------------------------------+-------+
; Statistic                                    ; Value ;
+----------------------------------------------+-------+
; Total registers                              ; 0     ;
; Number of registers using Synchronous Clear  ; 0     ;
; Number of registers using Synchronous Load   ; 0     ;
; Number of registers using Asynchronous Clear ; 0     ;
; Number of registers using Asynchronous Load  ; 0     ;
; Number of registers using Clock Enable       ; 0     ;
; Number of registers using Preset             ; 0     ;
+----------------------------------------------+-------+


+----------------------------------------------------------------------+
; Parameter Settings for User Entity Instance: twodigitdecoder:decoder ;
+----------------+-------+---------------------------------------------+
; Parameter Name ; Value ; Type                                        ;
+----------------+-------+---------------------------------------------+
; bit            ; 6     ; Signed Integer                              ;
+----------------+-------+---------------------------------------------+
Note: In order to hide this table in the UI and the text report file, please set the "Show Parameter Settings in Synthesis Report" option in "Analysis and Synthesis Settings -> More Settings" to "Off".


+------------------------------------------------------------------------------------------+
; Parameter Settings for Inferred Entity Instance: twodigitdecoder:decoder|lpm_divide:Mod0 ;
+------------------------+----------------+------------------------------------------------+
; Parameter Name         ; Value          ; Type                                           ;
+------------------------+----------------+------------------------------------------------+
; LPM_WIDTHN             ; 6              ; Untyped                                        ;
; LPM_WIDTHD             ; 4              ; Untyped                                        ;
; LPM_NREPRESENTATION    ; UNSIGNED       ; Untyped                                        ;
; LPM_DREPRESENTATION    ; UNSIGNED       ; Untyped                                        ;
; LPM_PIPELINE           ; 0              ; Untyped                                        ;
; LPM_REMAINDERPOSITIVE  ; TRUE           ; Untyped                                        ;
; MAXIMIZE_SPEED         ; 5              ; Untyped                                        ;
; CBXI_PARAMETER         ; lpm_divide_akl ; Untyped                                        ;
; CARRY_CHAIN            ; MANUAL         ; Untyped                                        ;
; OPTIMIZE_FOR_SPEED     ; 5              ; Untyped                                        ;
; AUTO_CARRY_CHAINS      ; ON             ; AUTO_CARRY                                     ;
; IGNORE_CARRY_BUFFERS   ; OFF            ; IGNORE_CARRY                                   ;
; AUTO_CASCADE_CHAINS    ; ON             ; AUTO_CASCADE                                   ;
; IGNORE_CASCADE_BUFFERS ; OFF            ; IGNORE_CASCADE                                 ;
+------------------------+----------------+------------------------------------------------+
Note: In order to hide this table in the UI and the text report file, please set the "Show Parameter Settings in Synthesis Report" option in "Analysis and Synthesis Settings -> More Settings" to "Off".


+------------------------------------------------------------------------------------------+
; Parameter Settings for Inferred Entity Instance: twodigitdecoder:decoder|lpm_divide:Div0 ;
+------------------------+----------------+------------------------------------------------+
; Parameter Name         ; Value          ; Type                                           ;
+------------------------+----------------+------------------------------------------------+
; LPM_WIDTHN             ; 6              ; Untyped                                        ;
; LPM_WIDTHD             ; 4              ; Untyped                                        ;
; LPM_NREPRESENTATION    ; UNSIGNED       ; Untyped                                        ;
; LPM_DREPRESENTATION    ; UNSIGNED       ; Untyped                                        ;
; LPM_PIPELINE           ; 0              ; Untyped                                        ;
; LPM_REMAINDERPOSITIVE  ; TRUE           ; Untyped                                        ;
; MAXIMIZE_SPEED         ; 5              ; Untyped                                        ;
; CBXI_PARAMETER         ; lpm_divide_7sl ; Untyped                                        ;
; CARRY_CHAIN            ; MANUAL         ; Untyped                                        ;
; OPTIMIZE_FOR_SPEED     ; 5              ; Untyped                                        ;
; AUTO_CARRY_CHAINS      ; ON             ; AUTO_CARRY                                     ;
; IGNORE_CARRY_BUFFERS   ; OFF            ; IGNORE_CARRY                                   ;
; AUTO_CASCADE_CHAINS    ; ON             ; AUTO_CASCADE                                   ;
; IGNORE_CASCADE_BUFFERS ; OFF            ; IGNORE_CASCADE                                 ;
+------------------------+----------------+------------------------------------------------+
Note: In order to hide this table in the UI and the text report file, please set the "Show Parameter Settings in Synthesis Report" option in "Analysis and Synthesis Settings -> More Settings" to "Off".


+-----------------------------------------------------+
; Post-Synthesis Netlist Statistics for Top Partition ;
+-----------------------+-----------------------------+
; Type                  ; Count                       ;
+-----------------------+-----------------------------+
; boundary_port         ; 24                          ;
; cycloneiii_lcell_comb ; 79                          ;
;     arith             ; 22                          ;
;         2 data inputs ; 6                           ;
;         3 data inputs ; 16                          ;
;     normal            ; 57                          ;
;         0 data inputs ; 6                           ;
;         1 data inputs ; 2                           ;
;         2 data inputs ; 28                          ;
;         3 data inputs ; 8                           ;
;         4 data inputs ; 13                          ;
;                       ;                             ;
; Max LUT depth         ; 9.10                        ;
; Average LUT depth     ; 8.30                        ;
+-----------------------+-----------------------------+


+-------------------------------+
; Elapsed Time Per Partition    ;
+----------------+--------------+
; Partition Name ; Elapsed Time ;
+----------------+--------------+
; Top            ; 00:00:00     ;
+----------------+--------------+


+-------------------------------+
; Analysis & Synthesis Messages ;
+-------------------------------+
Info: *******************************************************************
Info: Running Quartus Prime Analysis & Synthesis
    Info: Version 21.1.1 Build 850 06/23/2022 SJ Lite Edition
    Info: Processing started: Thu Feb 23 09:36:20 2023
Info: Command: quartus_map --read_settings_files=on --write_settings_files=off lab3b -c lab3b
Warning (18236): Number of processors has not been specified which may cause overloading on shared machines.  Set the global assignment NUM_PARALLEL_PROCESSORS in your QSF to an appropriate value for best performance.
Info (20032): Parallel compilation is enabled and will use up to 6 processors
Info (12021): Found 1 design units, including 1 entities, in source file lab3b.v
    Info (12023): Found entity 1: lab3b File: C:/Users/oars0/Documents/School/Design_and_synthesis/Lab3/3b/lab3b.v Line: 8
Info (12127): Elaborating entity "lab3b" for the top level hierarchy
Warning (10463): Verilog HDL Declaration warning at twodigitdecoder.v(2): "bit" is SystemVerilog-2005 keyword File: C:/Users/oars0/Documents/School/Design_and_synthesis/Lab3/3b/twodigitdecoder.v Line: 2
Warning (12125): Using design file twodigitdecoder.v, which is not specified as a design file for the current project, but contains definitions for 1 design units and 1 entities in project
    Info (12023): Found entity 1: twodigitdecoder File: C:/Users/oars0/Documents/School/Design_and_synthesis/Lab3/3b/twodigitdecoder.v Line: 1
Info (12128): Elaborating entity "twodigitdecoder" for hierarchy "twodigitdecoder:decoder" File: C:/Users/oars0/Documents/School/Design_and_synthesis/Lab3/3b/lab3b.v Line: 15
Warning (10230): Verilog HDL assignment warning at twodigitdecoder.v(8): truncated value with size 32 to match size of target (4) File: C:/Users/oars0/Documents/School/Design_and_synthesis/Lab3/3b/twodigitdecoder.v Line: 8
Warning (10230): Verilog HDL assignment warning at twodigitdecoder.v(9): truncated value with size 32 to match size of target (4) File: C:/Users/oars0/Documents/School/Design_and_synthesis/Lab3/3b/twodigitdecoder.v Line: 9
Warning (12125): Using design file hex7seg.v, which is not specified as a design file for the current project, but contains definitions for 1 design units and 1 entities in project
    Info (12023): Found entity 1: hex7seg File: C:/Users/oars0/Documents/School/Design_and_synthesis/Lab3/3b/hex7seg.v Line: 6
Info (12128): Elaborating entity "hex7seg" for hierarchy "hex7seg:disp0" File: C:/Users/oars0/Documents/School/Design_and_synthesis/Lab3/3b/lab3b.v Line: 18
Info (278001): Inferred 2 megafunctions from design logic
    Info (278004): Inferred divider/modulo megafunction ("lpm_divide") from the following logic: "twodigitdecoder:decoder|Mod0" File: C:/Users/oars0/Documents/School/Design_and_synthesis/Lab3/3b/twodigitdecoder.v Line: 8
    Info (278004): Inferred divider/modulo megafunction ("lpm_divide") from the following logic: "twodigitdecoder:decoder|Div0" File: C:/Users/oars0/Documents/School/Design_and_synthesis/Lab3/3b/twodigitdecoder.v Line: 9
Info (12130): Elaborated megafunction instantiation "twodigitdecoder:decoder|lpm_divide:Mod0" File: C:/Users/oars0/Documents/School/Design_and_synthesis/Lab3/3b/twodigitdecoder.v Line: 8
Info (12133): Instantiated megafunction "twodigitdecoder:decoder|lpm_divide:Mod0" with the following parameter: File: C:/Users/oars0/Documents/School/Design_and_synthesis/Lab3/3b/twodigitdecoder.v Line: 8
    Info (12134): Parameter "LPM_WIDTHN" = "6"
    Info (12134): Parameter "LPM_WIDTHD" = "4"
    Info (12134): Parameter "LPM_NREPRESENTATION" = "UNSIGNED"
    Info (12134): Parameter "LPM_DREPRESENTATION" = "UNSIGNED"
Info (12021): Found 1 design units, including 1 entities, in source file db/lpm_divide_akl.tdf
    Info (12023): Found entity 1: lpm_divide_akl File: C:/Users/oars0/Documents/School/Design_and_synthesis/Lab3/3b/db/lpm_divide_akl.tdf Line: 25
Info (12021): Found 1 design units, including 1 entities, in source file db/sign_div_unsign_9kh.tdf
    Info (12023): Found entity 1: sign_div_unsign_9kh File: C:/Users/oars0/Documents/School/Design_and_synthesis/Lab3/3b/db/sign_div_unsign_9kh.tdf Line: 25
Info (12021): Found 1 design units, including 1 entities, in source file db/alt_u_div_see.tdf
    Info (12023): Found entity 1: alt_u_div_see File: C:/Users/oars0/Documents/School/Design_and_synthesis/Lab3/3b/db/alt_u_div_see.tdf Line: 27
Info (12021): Found 1 design units, including 1 entities, in source file db/add_sub_t3c.tdf
    Info (12023): Found entity 1: add_sub_t3c File: C:/Users/oars0/Documents/School/Design_and_synthesis/Lab3/3b/db/add_sub_t3c.tdf Line: 23
Info (12021): Found 1 design units, including 1 entities, in source file db/add_sub_u3c.tdf
    Info (12023): Found entity 1: add_sub_u3c File: C:/Users/oars0/Documents/School/Design_and_synthesis/Lab3/3b/db/add_sub_u3c.tdf Line: 23
Info (12130): Elaborated megafunction instantiation "twodigitdecoder:decoder|lpm_divide:Div0" File: C:/Users/oars0/Documents/School/Design_and_synthesis/Lab3/3b/twodigitdecoder.v Line: 9
Info (12133): Instantiated megafunction "twodigitdecoder:decoder|lpm_divide:Div0" with the following parameter: File: C:/Users/oars0/Documents/School/Design_and_synthesis/Lab3/3b/twodigitdecoder.v Line: 9
    Info (12134): Parameter "LPM_WIDTHN" = "6"
    Info (12134): Parameter "LPM_WIDTHD" = "4"
    Info (12134): Parameter "LPM_NREPRESENTATION" = "UNSIGNED"
    Info (12134): Parameter "LPM_DREPRESENTATION" = "UNSIGNED"
Info (12021): Found 1 design units, including 1 entities, in source file db/lpm_divide_7sl.tdf
    Info (12023): Found entity 1: lpm_divide_7sl File: C:/Users/oars0/Documents/School/Design_and_synthesis/Lab3/3b/db/lpm_divide_7sl.tdf Line: 25
Info (286030): Timing-Driven Synthesis is running
Info (16010): Generating hard_block partition "hard_block:auto_generated_inst"
    Info (16011): Adding 0 node(s), including 0 DDIO, 0 PLL, 0 transceiver and 0 LCELL
Warning (21074): Design contains 4 input pin(s) that do not drive logic
    Warning (15610): No output dependent on input pin "SW[6]" File: C:/Users/oars0/Documents/School/Design_and_synthesis/Lab3/3b/lab3b.v Line: 9
    Warning (15610): No output dependent on input pin "SW[7]" File: C:/Users/oars0/Documents/School/Design_and_synthesis/Lab3/3b/lab3b.v Line: 9
    Warning (15610): No output dependent on input pin "SW[8]" File: C:/Users/oars0/Documents/School/Design_and_synthesis/Lab3/3b/lab3b.v Line: 9
    Warning (15610): No output dependent on input pin "SW[9]" File: C:/Users/oars0/Documents/School/Design_and_synthesis/Lab3/3b/lab3b.v Line: 9
Info (21057): Implemented 101 device resources after synthesis - the final resource count might be different
    Info (21058): Implemented 10 input pins
    Info (21059): Implemented 14 output pins
    Info (21061): Implemented 77 logic cells
Info: Quartus Prime Analysis & Synthesis was successful. 0 errors, 11 warnings
    Info: Peak virtual memory: 4782 megabytes
    Info: Processing ended: Thu Feb 23 09:36:28 2023
    Info: Elapsed time: 00:00:08
    Info: Total CPU time (on all processors): 00:00:10


