Analysis & Synthesis report for lab3c
Thu Mar  2 09:38:53 2023
Quartus Prime Version 21.1.1 Build 850 06/23/2022 SJ Lite Edition


---------------------
; Table of Contents ;
---------------------
  1. Legal Notice
  2. Analysis & Synthesis Summary
  3. Analysis & Synthesis Settings
  4. Parallel Compilation
  5. Analysis & Synthesis Source Files Read
  6. Analysis & Synthesis Resource Usage Summary
  7. Analysis & Synthesis Resource Utilization by Entity
  8. User-Specified and Inferred Latches
  9. General Register Statistics
 10. Parameter Settings for User Entity Instance: twodigitdecoder:Adecoder
 11. Parameter Settings for User Entity Instance: twodigitdecoder:Bdecoder
 12. Parameter Settings for User Entity Instance: twodigitdecoder:Sdecoder
 13. Post-Synthesis Netlist Statistics for Top Partition
 14. Elapsed Time Per Partition
 15. Analysis & Synthesis Messages



----------------
; Legal Notice ;
----------------
Copyright (C) 2022  Intel Corporation. All rights reserved.
Your use of Intel Corporation's design tools, logic functions 
and other software and tools, and any partner logic 
functions, and any output files from any of the foregoing 
(including device programming or simulation files), and any 
associated documentation or information are expressly subject 
to the terms and conditions of the Intel Program License 
Subscription Agreement, the Intel Quartus Prime License Agreement,
the Intel FPGA IP License Agreement, or other applicable license
agreement, including, without limitation, that your use is for
the sole purpose of programming logic devices manufactured by
Intel and sold by Intel or its authorized distributors.  Please
refer to the applicable agreement for further details, at
https://fpgasoftware.intel.com/eula.



+----------------------------------------------------------------------------------+
; Analysis & Synthesis Summary                                                     ;
+------------------------------------+---------------------------------------------+
; Analysis & Synthesis Status        ; Successful - Thu Mar  2 09:38:53 2023       ;
; Quartus Prime Version              ; 21.1.1 Build 850 06/23/2022 SJ Lite Edition ;
; Revision Name                      ; lab3c                                       ;
; Top-level Entity Name              ; lab3c                                       ;
; Family                             ; MAX 10                                      ;
; Total logic elements               ; 82                                          ;
;     Total combinational functions  ; 82                                          ;
;     Dedicated logic registers      ; 0                                           ;
; Total registers                    ; 0                                           ;
; Total pins                         ; 64                                          ;
; Total virtual pins                 ; 0                                           ;
; Total memory bits                  ; 0                                           ;
; Embedded Multiplier 9-bit elements ; 0                                           ;
; Total PLLs                         ; 0                                           ;
; UFM blocks                         ; 0                                           ;
; ADC blocks                         ; 0                                           ;
+------------------------------------+---------------------------------------------+


+------------------------------------------------------------------------------------------------------------+
; Analysis & Synthesis Settings                                                                              ;
+------------------------------------------------------------------+--------------------+--------------------+
; Option                                                           ; Setting            ; Default Value      ;
+------------------------------------------------------------------+--------------------+--------------------+
; Device                                                           ; 10M50DAF484C7G     ;                    ;
; Top-level entity name                                            ; lab3c              ; lab3c              ;
; Family name                                                      ; MAX 10             ; Cyclone V          ;
; Use smart compilation                                            ; Off                ; Off                ;
; Enable parallel Assembler and Timing Analyzer during compilation ; On                 ; On                 ;
; Enable compact report table                                      ; Off                ; Off                ;
; Restructure Multiplexers                                         ; Auto               ; Auto               ;
; Create Debugging Nodes for IP Cores                              ; Off                ; Off                ;
; Preserve fewer node names                                        ; On                 ; On                 ;
; Intel FPGA IP Evaluation Mode                                    ; Enable             ; Enable             ;
; Verilog Version                                                  ; Verilog_2001       ; Verilog_2001       ;
; VHDL Version                                                     ; VHDL_1993          ; VHDL_1993          ;
; State Machine Processing                                         ; Auto               ; Auto               ;
; Safe State Machine                                               ; Off                ; Off                ;
; Extract Verilog State Machines                                   ; On                 ; On                 ;
; Extract VHDL State Machines                                      ; On                 ; On                 ;
; Ignore Verilog initial constructs                                ; Off                ; Off                ;
; Iteration limit for constant Verilog loops                       ; 5000               ; 5000               ;
; Iteration limit for non-constant Verilog loops                   ; 250                ; 250                ;
; Add Pass-Through Logic to Inferred RAMs                          ; On                 ; On                 ;
; Infer RAMs from Raw Logic                                        ; On                 ; On                 ;
; Parallel Synthesis                                               ; On                 ; On                 ;
; DSP Block Balancing                                              ; Auto               ; Auto               ;
; NOT Gate Push-Back                                               ; On                 ; On                 ;
; Power-Up Don't Care                                              ; On                 ; On                 ;
; Remove Redundant Logic Cells                                     ; Off                ; Off                ;
; Remove Duplicate Registers                                       ; On                 ; On                 ;
; Ignore CARRY Buffers                                             ; Off                ; Off                ;
; Ignore CASCADE Buffers                                           ; Off                ; Off                ;
; Ignore GLOBAL Buffers                                            ; Off                ; Off                ;
; Ignore ROW GLOBAL Buffers                                        ; Off                ; Off                ;
; Ignore LCELL Buffers                                             ; Off                ; Off                ;
; Ignore SOFT Buffers                                              ; On                 ; On                 ;
; Limit AHDL Integers to 32 Bits                                   ; Off                ; Off                ;
; Optimization Technique                                           ; Balanced           ; Balanced           ;
; Carry Chain Length                                               ; 70                 ; 70                 ;
; Auto Carry Chains                                                ; On                 ; On                 ;
; Auto Open-Drain Pins                                             ; On                 ; On                 ;
; Perform WYSIWYG Primitive Resynthesis                            ; Off                ; Off                ;
; Auto ROM Replacement                                             ; On                 ; On                 ;
; Auto RAM Replacement                                             ; On                 ; On                 ;
; Auto DSP Block Replacement                                       ; On                 ; On                 ;
; Auto Shift Register Replacement                                  ; Auto               ; Auto               ;
; Allow Shift Register Merging across Hierarchies                  ; Auto               ; Auto               ;
; Auto Clock Enable Replacement                                    ; On                 ; On                 ;
; Strict RAM Replacement                                           ; Off                ; Off                ;
; Allow Synchronous Control Signals                                ; On                 ; On                 ;
; Force Use of Synchronous Clear Signals                           ; Off                ; Off                ;
; Auto RAM Block Balancing                                         ; On                 ; On                 ;
; Auto RAM to Logic Cell Conversion                                ; Off                ; Off                ;
; Auto Resource Sharing                                            ; Off                ; Off                ;
; Allow Any RAM Size For Recognition                               ; Off                ; Off                ;
; Allow Any ROM Size For Recognition                               ; Off                ; Off                ;
; Allow Any Shift Register Size For Recognition                    ; Off                ; Off                ;
; Use LogicLock Constraints during Resource Balancing              ; On                 ; On                 ;
; Ignore translate_off and synthesis_off directives                ; Off                ; Off                ;
; Timing-Driven Synthesis                                          ; On                 ; On                 ;
; Report Parameter Settings                                        ; On                 ; On                 ;
; Report Source Assignments                                        ; On                 ; On                 ;
; Report Connectivity Checks                                       ; On                 ; On                 ;
; Ignore Maximum Fan-Out Assignments                               ; Off                ; Off                ;
; Synchronization Register Chain Length                            ; 2                  ; 2                  ;
; Power Optimization During Synthesis                              ; Normal compilation ; Normal compilation ;
; HDL message level                                                ; Level2             ; Level2             ;
; Suppress Register Optimization Related Messages                  ; Off                ; Off                ;
; Number of Removed Registers Reported in Synthesis Report         ; 5000               ; 5000               ;
; Number of Swept Nodes Reported in Synthesis Report               ; 5000               ; 5000               ;
; Number of Inverted Registers Reported in Synthesis Report        ; 100                ; 100                ;
; Clock MUX Protection                                             ; On                 ; On                 ;
; Auto Gated Clock Conversion                                      ; Off                ; Off                ;
; Block Design Naming                                              ; Auto               ; Auto               ;
; SDC constraint protection                                        ; Off                ; Off                ;
; Synthesis Effort                                                 ; Auto               ; Auto               ;
; Shift Register Replacement - Allow Asynchronous Clear Signal     ; On                 ; On                 ;
; Pre-Mapping Resynthesis Optimization                             ; Off                ; Off                ;
; Analysis & Synthesis Message Level                               ; Medium             ; Medium             ;
; Disable Register Merging Across Hierarchies                      ; Auto               ; Auto               ;
; Resource Aware Inference For Block RAM                           ; On                 ; On                 ;
+------------------------------------------------------------------+--------------------+--------------------+


+------------------------------------------+
; Parallel Compilation                     ;
+----------------------------+-------------+
; Processors                 ; Number      ;
+----------------------------+-------------+
; Number detected on machine ; 12          ;
; Maximum allowed            ; 6           ;
;                            ;             ;
; Average used               ; 1.00        ;
; Maximum used               ; 1           ;
;                            ;             ;
; Usage by Processor         ; % Time Used ;
;     Processor 1            ; 100.0%      ;
+----------------------------+-------------+


+------------------------------------------------------------------------------------------------------------------------------------------------------------------------------+
; Analysis & Synthesis Source Files Read                                                                                                                                       ;
+----------------------------------+-----------------+------------------------------+--------------------------------------------------------------------------------+---------+
; File Name with User-Entered Path ; Used in Netlist ; File Type                    ; File Name with Absolute Path                                                   ; Library ;
+----------------------------------+-----------------+------------------------------+--------------------------------------------------------------------------------+---------+
; lab3c.v                          ; yes             ; User Verilog HDL File        ; C:/Users/oars0/Documents/School/Design_and_synthesis/Lab3/3c/lab3c.v           ;         ;
; twodigitdecoder.v                ; yes             ; Auto-Found Verilog HDL File  ; C:/Users/oars0/Documents/School/Design_and_synthesis/Lab3/3c/twodigitdecoder.v ;         ;
; hex7seg.v                        ; yes             ; Auto-Found Verilog HDL File  ; C:/Users/oars0/Documents/School/Design_and_synthesis/Lab3/3c/hex7seg.v         ;         ;
+----------------------------------+-----------------+------------------------------+--------------------------------------------------------------------------------+---------+


+----------------------------------------------------------+
; Analysis & Synthesis Resource Usage Summary              ;
+---------------------------------------------+------------+
; Resource                                    ; Usage      ;
+---------------------------------------------+------------+
; Estimated Total logic elements              ; 82         ;
;                                             ;            ;
; Total combinational functions               ; 82         ;
; Logic element usage by number of LUT inputs ;            ;
;     -- 4 input functions                    ; 48         ;
;     -- 3 input functions                    ; 19         ;
;     -- <=2 input functions                  ; 15         ;
;                                             ;            ;
; Logic elements by mode                      ;            ;
;     -- normal mode                          ; 67         ;
;     -- arithmetic mode                      ; 15         ;
;                                             ;            ;
; Total registers                             ; 0          ;
;     -- Dedicated logic registers            ; 0          ;
;     -- I/O registers                        ; 0          ;
;                                             ;            ;
; I/O pins                                    ; 64         ;
;                                             ;            ;
; Embedded Multiplier 9-bit elements          ; 0          ;
;                                             ;            ;
; Maximum fan-out node                        ; KEY0~input ;
; Maximum fan-out                             ; 23         ;
; Total fan-out                               ; 384        ;
; Average fan-out                             ; 1.83       ;
+---------------------------------------------+------------+


+-------------------------------------------------------------------------------------------------------------------------------------------------------------------------------------------------------------------------------------+
; Analysis & Synthesis Resource Utilization by Entity                                                                                                                                                                                 ;
+----------------------------+---------------------+---------------------------+-------------+------------+--------------+---------+-----------+------+--------------+------------+----------------------+-------------+--------------+
; Compilation Hierarchy Node ; Combinational ALUTs ; Dedicated Logic Registers ; Memory Bits ; UFM Blocks ; DSP Elements ; DSP 9x9 ; DSP 18x18 ; Pins ; Virtual Pins ; ADC blocks ; Full Hierarchy Name  ; Entity Name ; Library Name ;
+----------------------------+---------------------+---------------------------+-------------+------------+--------------+---------+-----------+------+--------------+------------+----------------------+-------------+--------------+
; |lab3c                     ; 82 (26)             ; 0 (0)                     ; 0           ; 0          ; 0            ; 0       ; 0         ; 64   ; 0            ; 0          ; |lab3c               ; lab3c       ; work         ;
;    |hex7seg:disp0|         ; 7 (7)               ; 0 (0)                     ; 0           ; 0          ; 0            ; 0       ; 0         ; 0    ; 0            ; 0          ; |lab3c|hex7seg:disp0 ; hex7seg     ; work         ;
;    |hex7seg:disp1|         ; 7 (7)               ; 0 (0)                     ; 0           ; 0          ; 0            ; 0       ; 0         ; 0    ; 0            ; 0          ; |lab3c|hex7seg:disp1 ; hex7seg     ; work         ;
;    |hex7seg:disp2|         ; 7 (7)               ; 0 (0)                     ; 0           ; 0          ; 0            ; 0       ; 0         ; 0    ; 0            ; 0          ; |lab3c|hex7seg:disp2 ; hex7seg     ; work         ;
;    |hex7seg:disp3|         ; 7 (7)               ; 0 (0)                     ; 0           ; 0          ; 0            ; 0       ; 0         ; 0    ; 0            ; 0          ; |lab3c|hex7seg:disp3 ; hex7seg     ; work         ;
;    |hex7seg:disp4|         ; 14 (14)             ; 0 (0)                     ; 0           ; 0          ; 0            ; 0       ; 0         ; 0    ; 0            ; 0          ; |lab3c|hex7seg:disp4 ; hex7seg     ; work         ;
;    |hex7seg:disp5|         ; 14 (14)             ; 0 (0)                     ; 0           ; 0          ; 0            ; 0       ; 0         ; 0    ; 0            ; 0          ; |lab3c|hex7seg:disp5 ; hex7seg     ; work         ;
+----------------------------+---------------------+---------------------------+-------------+------------+--------------+---------+-----------+------+--------------+------------+----------------------+-------------+--------------+
Note: For table entries with two numbers listed, the numbers in parentheses indicate the number of resources of the given type used by the specific entity alone. The numbers listed outside of parentheses indicate the total resources of the given type used by the specific entity and all of its sub-entities in the hierarchy.


+---------------------------------------------------------------------------------------------------+
; User-Specified and Inferred Latches                                                               ;
+----------------------------------------------------+---------------------+------------------------+
; Latch Name                                         ; Latch Enable Signal ; Free of Timing Hazards ;
+----------------------------------------------------+---------------------+------------------------+
; ABinary[7]                                         ; KEY1                ; yes                    ;
; ABinary[6]                                         ; KEY1                ; yes                    ;
; ABinary[5]                                         ; KEY1                ; yes                    ;
; ABinary[4]                                         ; KEY1                ; yes                    ;
; ABinary[3]                                         ; KEY1                ; yes                    ;
; ABinary[2]                                         ; KEY1                ; yes                    ;
; ABinary[1]                                         ; KEY1                ; yes                    ;
; ABinary[0]                                         ; KEY1                ; yes                    ;
; Number of user-specified and inferred latches = 8  ;                     ;                        ;
+----------------------------------------------------+---------------------+------------------------+
Note: All latches listed above may not be present at the end of synthesis due to various synthesis optimizations.


+------------------------------------------------------+
; General Register Statistics                          ;
+----------------------------------------------+-------+
; Statistic                                    ; Value ;
+----------------------------------------------+-------+
; Total registers                              ; 0     ;
; Number of registers using Synchronous Clear  ; 0     ;
; Number of registers using Synchronous Load   ; 0     ;
; Number of registers using Asynchronous Clear ; 0     ;
; Number of registers using Asynchronous Load  ; 0     ;
; Number of registers using Clock Enable       ; 0     ;
; Number of registers using Preset             ; 0     ;
+----------------------------------------------+-------+


+-----------------------------------------------------------------------+
; Parameter Settings for User Entity Instance: twodigitdecoder:Adecoder ;
+----------------+-------+----------------------------------------------+
; Parameter Name ; Value ; Type                                         ;
+----------------+-------+----------------------------------------------+
; bit            ; 8     ; Signed Integer                               ;
+----------------+-------+----------------------------------------------+
Note: In order to hide this table in the UI and the text report file, please set the "Show Parameter Settings in Synthesis Report" option in "Analysis and Synthesis Settings -> More Settings" to "Off".


+-----------------------------------------------------------------------+
; Parameter Settings for User Entity Instance: twodigitdecoder:Bdecoder ;
+----------------+-------+----------------------------------------------+
; Parameter Name ; Value ; Type                                         ;
+----------------+-------+----------------------------------------------+
; bit            ; 8     ; Signed Integer                               ;
+----------------+-------+----------------------------------------------+
Note: In order to hide this table in the UI and the text report file, please set the "Show Parameter Settings in Synthesis Report" option in "Analysis and Synthesis Settings -> More Settings" to "Off".


+-----------------------------------------------------------------------+
; Parameter Settings for User Entity Instance: twodigitdecoder:Sdecoder ;
+----------------+-------+----------------------------------------------+
; Parameter Name ; Value ; Type                                         ;
+----------------+-------+----------------------------------------------+
; bit            ; 8     ; Signed Integer                               ;
+----------------+-------+----------------------------------------------+
Note: In order to hide this table in the UI and the text report file, please set the "Show Parameter Settings in Synthesis Report" option in "Analysis and Synthesis Settings -> More Settings" to "Off".


+-----------------------------------------------------+
; Post-Synthesis Netlist Statistics for Top Partition ;
+-----------------------+-----------------------------+
; Type                  ; Count                       ;
+-----------------------+-----------------------------+
; boundary_port         ; 64                          ;
; cycloneiii_lcell_comb ; 89                          ;
;     arith             ; 15                          ;
;         3 data inputs ; 15                          ;
;     normal            ; 74                          ;
;         0 data inputs ; 2                           ;
;         1 data inputs ; 6                           ;
;         2 data inputs ; 14                          ;
;         3 data inputs ; 4                           ;
;         4 data inputs ; 48                          ;
;                       ;                             ;
; Max LUT depth         ; 4.60                        ;
; Average LUT depth     ; 2.80                        ;
+-----------------------+-----------------------------+


+-------------------------------+
; Elapsed Time Per Partition    ;
+----------------+--------------+
; Partition Name ; Elapsed Time ;
+----------------+--------------+
; Top            ; 00:00:00     ;
+----------------+--------------+


+-------------------------------+
; Analysis & Synthesis Messages ;
+-------------------------------+
Info: *******************************************************************
Info: Running Quartus Prime Analysis & Synthesis
    Info: Version 21.1.1 Build 850 06/23/2022 SJ Lite Edition
    Info: Processing started: Thu Mar  2 09:38:45 2023
Info: Command: quartus_map --read_settings_files=on --write_settings_files=off lab3c -c lab3c
Warning (18236): Number of processors has not been specified which may cause overloading on shared machines.  Set the global assignment NUM_PARALLEL_PROCESSORS in your QSF to an appropriate value for best performance.
Info (20032): Parallel compilation is enabled and will use up to 6 processors
Info (12021): Found 1 design units, including 1 entities, in source file lab3c.v
    Info (12023): Found entity 1: lab3c File: C:/Users/oars0/Documents/School/Design_and_synthesis/Lab3/3c/lab3c.v Line: 7
Info (12127): Elaborating entity "lab3c" for the top level hierarchy
Warning (10240): Verilog HDL Always Construct warning at lab3c.v(35): inferring latch(es) for variable "ABinary", which holds its previous value in one or more paths through the always construct File: C:/Users/oars0/Documents/School/Design_and_synthesis/Lab3/3c/lab3c.v Line: 35
Info (10041): Inferred latch for "ABinary[0]" at lab3c.v(35) File: C:/Users/oars0/Documents/School/Design_and_synthesis/Lab3/3c/lab3c.v Line: 35
Info (10041): Inferred latch for "ABinary[1]" at lab3c.v(35) File: C:/Users/oars0/Documents/School/Design_and_synthesis/Lab3/3c/lab3c.v Line: 35
Info (10041): Inferred latch for "ABinary[2]" at lab3c.v(35) File: C:/Users/oars0/Documents/School/Design_and_synthesis/Lab3/3c/lab3c.v Line: 35
Info (10041): Inferred latch for "ABinary[3]" at lab3c.v(35) File: C:/Users/oars0/Documents/School/Design_and_synthesis/Lab3/3c/lab3c.v Line: 35
Info (10041): Inferred latch for "ABinary[4]" at lab3c.v(35) File: C:/Users/oars0/Documents/School/Design_and_synthesis/Lab3/3c/lab3c.v Line: 35
Info (10041): Inferred latch for "ABinary[5]" at lab3c.v(35) File: C:/Users/oars0/Documents/School/Design_and_synthesis/Lab3/3c/lab3c.v Line: 35
Info (10041): Inferred latch for "ABinary[6]" at lab3c.v(35) File: C:/Users/oars0/Documents/School/Design_and_synthesis/Lab3/3c/lab3c.v Line: 35
Info (10041): Inferred latch for "ABinary[7]" at lab3c.v(35) File: C:/Users/oars0/Documents/School/Design_and_synthesis/Lab3/3c/lab3c.v Line: 35
Warning (10463): Verilog HDL Declaration warning at twodigitdecoder.v(2): "bit" is SystemVerilog-2005 keyword File: C:/Users/oars0/Documents/School/Design_and_synthesis/Lab3/3c/twodigitdecoder.v Line: 2
Warning (12125): Using design file twodigitdecoder.v, which is not specified as a design file for the current project, but contains definitions for 1 design units and 1 entities in project
    Info (12023): Found entity 1: twodigitdecoder File: C:/Users/oars0/Documents/School/Design_and_synthesis/Lab3/3c/twodigitdecoder.v Line: 1
Info (12128): Elaborating entity "twodigitdecoder" for hierarchy "twodigitdecoder:Adecoder" File: C:/Users/oars0/Documents/School/Design_and_synthesis/Lab3/3c/lab3c.v Line: 50
Warning (12125): Using design file hex7seg.v, which is not specified as a design file for the current project, but contains definitions for 1 design units and 1 entities in project
    Info (12023): Found entity 1: hex7seg File: C:/Users/oars0/Documents/School/Design_and_synthesis/Lab3/3c/hex7seg.v Line: 6
Info (12128): Elaborating entity "hex7seg" for hierarchy "hex7seg:disp0" File: C:/Users/oars0/Documents/School/Design_and_synthesis/Lab3/3c/lab3c.v Line: 57
Warning (13024): Output pins are stuck at VCC or GND
    Warning (13410): Pin "LEDR[1]" is stuck at GND File: C:/Users/oars0/Documents/School/Design_and_synthesis/Lab3/3c/lab3c.v Line: 12
    Warning (13410): Pin "LEDR[2]" is stuck at GND File: C:/Users/oars0/Documents/School/Design_and_synthesis/Lab3/3c/lab3c.v Line: 12
    Warning (13410): Pin "LEDR[3]" is stuck at GND File: C:/Users/oars0/Documents/School/Design_and_synthesis/Lab3/3c/lab3c.v Line: 12
    Warning (13410): Pin "LEDR[4]" is stuck at GND File: C:/Users/oars0/Documents/School/Design_and_synthesis/Lab3/3c/lab3c.v Line: 12
    Warning (13410): Pin "LEDR[5]" is stuck at GND File: C:/Users/oars0/Documents/School/Design_and_synthesis/Lab3/3c/lab3c.v Line: 12
    Warning (13410): Pin "LEDR[6]" is stuck at GND File: C:/Users/oars0/Documents/School/Design_and_synthesis/Lab3/3c/lab3c.v Line: 12
    Warning (13410): Pin "LEDR[7]" is stuck at GND File: C:/Users/oars0/Documents/School/Design_and_synthesis/Lab3/3c/lab3c.v Line: 12
    Warning (13410): Pin "LEDR[8]" is stuck at GND File: C:/Users/oars0/Documents/School/Design_and_synthesis/Lab3/3c/lab3c.v Line: 12
    Warning (13410): Pin "LEDR[9]" is stuck at GND File: C:/Users/oars0/Documents/School/Design_and_synthesis/Lab3/3c/lab3c.v Line: 12
Info (286030): Timing-Driven Synthesis is running
Info (16010): Generating hard_block partition "hard_block:auto_generated_inst"
    Info (16011): Adding 0 node(s), including 0 DDIO, 0 PLL, 0 transceiver and 0 LCELL
Warning (21074): Design contains 2 input pin(s) that do not drive logic
    Warning (15610): No output dependent on input pin "SW[8]" File: C:/Users/oars0/Documents/School/Design_and_synthesis/Lab3/3c/lab3c.v Line: 9
    Warning (15610): No output dependent on input pin "SW[9]" File: C:/Users/oars0/Documents/School/Design_and_synthesis/Lab3/3c/lab3c.v Line: 9
Info (21057): Implemented 146 device resources after synthesis - the final resource count might be different
    Info (21058): Implemented 12 input pins
    Info (21059): Implemented 52 output pins
    Info (21061): Implemented 82 logic cells
Info: Quartus Prime Analysis & Synthesis was successful. 0 errors, 18 warnings
    Info: Peak virtual memory: 4770 megabytes
    Info: Processing ended: Thu Mar  2 09:38:53 2023
    Info: Elapsed time: 00:00:08
    Info: Total CPU time (on all processors): 00:00:09


