Analysis & Synthesis report for lab4b
Wed Mar  1 10:03:27 2023
Quartus Prime Version 21.1.1 Build 850 06/23/2022 SJ Lite Edition


---------------------
; Table of Contents ;
---------------------
  1. Legal Notice
  2. Analysis & Synthesis Summary
  3. Analysis & Synthesis Settings
  4. Parallel Compilation
  5. Analysis & Synthesis Source Files Read
  6. Analysis & Synthesis Resource Usage Summary
  7. Analysis & Synthesis Resource Utilization by Entity
  8. General Register Statistics
  9. Multiplexer Restructuring Statistics (Restructuring Performed)
 10. Parameter Settings for User Entity Instance: button_debouncer:K1_db
 11. Port Connectivity Checks: "button_debouncer:K1_db"
 12. Post-Synthesis Netlist Statistics for Top Partition
 13. Elapsed Time Per Partition
 14. Analysis & Synthesis Messages
 15. Analysis & Synthesis Suppressed Messages



----------------
; Legal Notice ;
----------------
Copyright (C) 2022  Intel Corporation. All rights reserved.
Your use of Intel Corporation's design tools, logic functions 
and other software and tools, and any partner logic 
functions, and any output files from any of the foregoing 
(including device programming or simulation files), and any 
associated documentation or information are expressly subject 
to the terms and conditions of the Intel Program License 
Subscription Agreement, the Intel Quartus Prime License Agreement,
the Intel FPGA IP License Agreement, or other applicable license
agreement, including, without limitation, that your use is for
the sole purpose of programming logic devices manufactured by
Intel and sold by Intel or its authorized distributors.  Please
refer to the applicable agreement for further details, at
https://fpgasoftware.intel.com/eula.



+----------------------------------------------------------------------------------+
; Analysis & Synthesis Summary                                                     ;
+------------------------------------+---------------------------------------------+
; Analysis & Synthesis Status        ; Successful - Wed Mar  1 10:03:27 2023       ;
; Quartus Prime Version              ; 21.1.1 Build 850 06/23/2022 SJ Lite Edition ;
; Revision Name                      ; lab4b                                       ;
; Top-level Entity Name              ; lab4b                                       ;
; Family                             ; MAX 10                                      ;
; Total logic elements               ; 57                                          ;
;     Total combinational functions  ; 54                                          ;
;     Dedicated logic registers      ; 34                                          ;
; Total registers                    ; 34                                          ;
; Total pins                         ; 23                                          ;
; Total virtual pins                 ; 0                                           ;
; Total memory bits                  ; 0                                           ;
; Embedded Multiplier 9-bit elements ; 0                                           ;
; Total PLLs                         ; 0                                           ;
; UFM blocks                         ; 0                                           ;
; ADC blocks                         ; 0                                           ;
+------------------------------------+---------------------------------------------+


+------------------------------------------------------------------------------------------------------------+
; Analysis & Synthesis Settings                                                                              ;
+------------------------------------------------------------------+--------------------+--------------------+
; Option                                                           ; Setting            ; Default Value      ;
+------------------------------------------------------------------+--------------------+--------------------+
; Device                                                           ; 10M50DAF484C7G     ;                    ;
; Top-level entity name                                            ; lab4b              ; lab4b              ;
; Family name                                                      ; MAX 10             ; Cyclone V          ;
; Use smart compilation                                            ; Off                ; Off                ;
; Enable parallel Assembler and Timing Analyzer during compilation ; On                 ; On                 ;
; Enable compact report table                                      ; Off                ; Off                ;
; Restructure Multiplexers                                         ; Auto               ; Auto               ;
; Create Debugging Nodes for IP Cores                              ; Off                ; Off                ;
; Preserve fewer node names                                        ; On                 ; On                 ;
; Intel FPGA IP Evaluation Mode                                    ; Enable             ; Enable             ;
; Verilog Version                                                  ; Verilog_2001       ; Verilog_2001       ;
; VHDL Version                                                     ; VHDL_1993          ; VHDL_1993          ;
; State Machine Processing                                         ; Auto               ; Auto               ;
; Safe State Machine                                               ; Off                ; Off                ;
; Extract Verilog State Machines                                   ; On                 ; On                 ;
; Extract VHDL State Machines                                      ; On                 ; On                 ;
; Ignore Verilog initial constructs                                ; Off                ; Off                ;
; Iteration limit for constant Verilog loops                       ; 5000               ; 5000               ;
; Iteration limit for non-constant Verilog loops                   ; 250                ; 250                ;
; Add Pass-Through Logic to Inferred RAMs                          ; On                 ; On                 ;
; Infer RAMs from Raw Logic                                        ; On                 ; On                 ;
; Parallel Synthesis                                               ; On                 ; On                 ;
; DSP Block Balancing                                              ; Auto               ; Auto               ;
; NOT Gate Push-Back                                               ; On                 ; On                 ;
; Power-Up Don't Care                                              ; On                 ; On                 ;
; Remove Redundant Logic Cells                                     ; Off                ; Off                ;
; Remove Duplicate Registers                                       ; On                 ; On                 ;
; Ignore CARRY Buffers                                             ; Off                ; Off                ;
; Ignore CASCADE Buffers                                           ; Off                ; Off                ;
; Ignore GLOBAL Buffers                                            ; Off                ; Off                ;
; Ignore ROW GLOBAL Buffers                                        ; Off                ; Off                ;
; Ignore LCELL Buffers                                             ; Off                ; Off                ;
; Ignore SOFT Buffers                                              ; On                 ; On                 ;
; Limit AHDL Integers to 32 Bits                                   ; Off                ; Off                ;
; Optimization Technique                                           ; Balanced           ; Balanced           ;
; Carry Chain Length                                               ; 70                 ; 70                 ;
; Auto Carry Chains                                                ; On                 ; On                 ;
; Auto Open-Drain Pins                                             ; On                 ; On                 ;
; Perform WYSIWYG Primitive Resynthesis                            ; Off                ; Off                ;
; Auto ROM Replacement                                             ; On                 ; On                 ;
; Auto RAM Replacement                                             ; On                 ; On                 ;
; Auto DSP Block Replacement                                       ; On                 ; On                 ;
; Auto Shift Register Replacement                                  ; Auto               ; Auto               ;
; Allow Shift Register Merging across Hierarchies                  ; Auto               ; Auto               ;
; Auto Clock Enable Replacement                                    ; On                 ; On                 ;
; Strict RAM Replacement                                           ; Off                ; Off                ;
; Allow Synchronous Control Signals                                ; On                 ; On                 ;
; Force Use of Synchronous Clear Signals                           ; Off                ; Off                ;
; Auto RAM Block Balancing                                         ; On                 ; On                 ;
; Auto RAM to Logic Cell Conversion                                ; Off                ; Off                ;
; Auto Resource Sharing                                            ; Off                ; Off                ;
; Allow Any RAM Size For Recognition                               ; Off                ; Off                ;
; Allow Any ROM Size For Recognition                               ; Off                ; Off                ;
; Allow Any Shift Register Size For Recognition                    ; Off                ; Off                ;
; Use LogicLock Constraints during Resource Balancing              ; On                 ; On                 ;
; Ignore translate_off and synthesis_off directives                ; Off                ; Off                ;
; Timing-Driven Synthesis                                          ; On                 ; On                 ;
; Report Parameter Settings                                        ; On                 ; On                 ;
; Report Source Assignments                                        ; On                 ; On                 ;
; Report Connectivity Checks                                       ; On                 ; On                 ;
; Ignore Maximum Fan-Out Assignments                               ; Off                ; Off                ;
; Synchronization Register Chain Length                            ; 2                  ; 2                  ;
; Power Optimization During Synthesis                              ; Normal compilation ; Normal compilation ;
; HDL message level                                                ; Level2             ; Level2             ;
; Suppress Register Optimization Related Messages                  ; Off                ; Off                ;
; Number of Removed Registers Reported in Synthesis Report         ; 5000               ; 5000               ;
; Number of Swept Nodes Reported in Synthesis Report               ; 5000               ; 5000               ;
; Number of Inverted Registers Reported in Synthesis Report        ; 100                ; 100                ;
; Clock MUX Protection                                             ; On                 ; On                 ;
; Auto Gated Clock Conversion                                      ; Off                ; Off                ;
; Block Design Naming                                              ; Auto               ; Auto               ;
; SDC constraint protection                                        ; Off                ; Off                ;
; Synthesis Effort                                                 ; Auto               ; Auto               ;
; Shift Register Replacement - Allow Asynchronous Clear Signal     ; On                 ; On                 ;
; Pre-Mapping Resynthesis Optimization                             ; Off                ; Off                ;
; Analysis & Synthesis Message Level                               ; Medium             ; Medium             ;
; Disable Register Merging Across Hierarchies                      ; Auto               ; Auto               ;
; Resource Aware Inference For Block RAM                           ; On                 ; On                 ;
+------------------------------------------------------------------+--------------------+--------------------+


+------------------------------------------+
; Parallel Compilation                     ;
+----------------------------+-------------+
; Processors                 ; Number      ;
+----------------------------+-------------+
; Number detected on machine ; 12          ;
; Maximum allowed            ; 6           ;
;                            ;             ;
; Average used               ; 1.00        ;
; Maximum used               ; 6           ;
;                            ;             ;
; Usage by Processor         ; % Time Used ;
;     Processor 1            ; 100.0%      ;
;     Processors 2-6         ;   0.0%      ;
+----------------------------+-------------+


+---------------------------------------------------------------------------------------------------------------------------------------------------------------------------------------+
; Analysis & Synthesis Source Files Read                                                                                                                                                ;
+----------------------------------+-----------------+------------------------+-----------------------------------------------------------------------------------------------+---------+
; File Name with User-Entered Path ; Used in Netlist ; File Type              ; File Name with Absolute Path                                                                  ; Library ;
+----------------------------------+-----------------+------------------------+-----------------------------------------------------------------------------------------------+---------+
; lab4b.v                          ; yes             ; User Verilog HDL File  ; C:/Users/oars0/Documents/School/Design_and_synthesis/lab4/lab4b/lab4b.v                       ;         ;
; output_files/Intel_debounce.v    ; yes             ; User Verilog HDL File  ; C:/Users/oars0/Documents/School/Design_and_synthesis/lab4/lab4b/output_files/Intel_debounce.v ;         ;
+----------------------------------+-----------------+------------------------+-----------------------------------------------------------------------------------------------+---------+


+-------------------------------------------------------------------+
; Analysis & Synthesis Resource Usage Summary                       ;
+---------------------------------------------+---------------------+
; Resource                                    ; Usage               ;
+---------------------------------------------+---------------------+
; Estimated Total logic elements              ; 57                  ;
;                                             ;                     ;
; Total combinational functions               ; 54                  ;
; Logic element usage by number of LUT inputs ;                     ;
;     -- 4 input functions                    ; 21                  ;
;     -- 3 input functions                    ; 8                   ;
;     -- <=2 input functions                  ; 25                  ;
;                                             ;                     ;
; Logic elements by mode                      ;                     ;
;     -- normal mode                          ; 34                  ;
;     -- arithmetic mode                      ; 20                  ;
;                                             ;                     ;
; Total registers                             ; 34                  ;
;     -- Dedicated logic registers            ; 34                  ;
;     -- I/O registers                        ; 0                   ;
;                                             ;                     ;
; I/O pins                                    ; 23                  ;
;                                             ;                     ;
; Embedded Multiplier 9-bit elements          ; 0                   ;
;                                             ;                     ;
; Maximum fan-out node                        ; MAX10_CLK1_50~input ;
; Maximum fan-out                             ; 26                  ;
; Total fan-out                               ; 256                 ;
; Average fan-out                             ; 1.91                ;
+---------------------------------------------+---------------------+


+----------------------------------------------------------------------------------------------------------------------------------------------------------------------------------------------------------------------------------------------------+
; Analysis & Synthesis Resource Utilization by Entity                                                                                                                                                                                                ;
+-----------------------------+---------------------+---------------------------+-------------+------------+--------------+---------+-----------+------+--------------+------------+-------------------------------+------------------+--------------+
; Compilation Hierarchy Node  ; Combinational ALUTs ; Dedicated Logic Registers ; Memory Bits ; UFM Blocks ; DSP Elements ; DSP 9x9 ; DSP 18x18 ; Pins ; Virtual Pins ; ADC blocks ; Full Hierarchy Name           ; Entity Name      ; Library Name ;
+-----------------------------+---------------------+---------------------------+-------------+------------+--------------+---------+-----------+------+--------------+------------+-------------------------------+------------------+--------------+
; |lab4b                      ; 54 (9)              ; 34 (8)                    ; 0           ; 0          ; 0            ; 0       ; 0         ; 23   ; 0            ; 0          ; |lab4b                        ; lab4b            ; work         ;
;    |button_debouncer:K1_db| ; 45 (45)             ; 26 (26)                   ; 0           ; 0          ; 0            ; 0       ; 0         ; 0    ; 0            ; 0          ; |lab4b|button_debouncer:K1_db ; button_debouncer ; work         ;
+-----------------------------+---------------------+---------------------------+-------------+------------+--------------+---------+-----------+------+--------------+------------+-------------------------------+------------------+--------------+
Note: For table entries with two numbers listed, the numbers in parentheses indicate the number of resources of the given type used by the specific entity alone. The numbers listed outside of parentheses indicate the total resources of the given type used by the specific entity and all of its sub-entities in the hierarchy.


+------------------------------------------------------+
; General Register Statistics                          ;
+----------------------------------------------+-------+
; Statistic                                    ; Value ;
+----------------------------------------------+-------+
; Total registers                              ; 34    ;
; Number of registers using Synchronous Clear  ; 0     ;
; Number of registers using Synchronous Load   ; 0     ;
; Number of registers using Asynchronous Clear ; 0     ;
; Number of registers using Asynchronous Load  ; 0     ;
; Number of registers using Clock Enable       ; 0     ;
; Number of registers using Preset             ; 0     ;
+----------------------------------------------+-------+


+------------------------------------------------------------------------------------------------------------------------------------------+
; Multiplexer Restructuring Statistics (Restructuring Performed)                                                                           ;
+--------------------+-----------+---------------+----------------------+------------------------+------------+----------------------------+
; Multiplexer Inputs ; Bus Width ; Baseline Area ; Area if Restructured ; Saving if Restructured ; Registered ; Example Multiplexer Output ;
+--------------------+-----------+---------------+----------------------+------------------------+------------+----------------------------+
; 3:1                ; 3 bits    ; 6 LEs         ; 3 LEs                ; 3 LEs                  ; Yes        ; |lab4b|reg1[1]             ;
; 3:1                ; 3 bits    ; 6 LEs         ; 3 LEs                ; 3 LEs                  ; Yes        ; |lab4b|reg2[1]             ;
+--------------------+-----------+---------------+----------------------+------------------------+------------+----------------------------+


+---------------------------------------------------------------------+
; Parameter Settings for User Entity Instance: button_debouncer:K1_db ;
+----------------+--------+-------------------------------------------+
; Parameter Name ; Value  ; Type                                      ;
+----------------+--------+-------------------------------------------+
; preset_val     ; 0      ; Signed Integer                            ;
; counter_max    ; 100000 ; Signed Integer                            ;
+----------------+--------+-------------------------------------------+
Note: In order to hide this table in the UI and the text report file, please set the "Show Parameter Settings in Synthesis Report" option in "Analysis and Synthesis Settings -> More Settings" to "Off".


+-------------------------------------------------------------------------------------------------------------------------------------------------------------------------------------------------------------------+
; Port Connectivity Checks: "button_debouncer:K1_db"                                                                                                                                                                ;
+-----------+-------+----------+------------------------------------------------------------------------------------------------------------------------------------------------------------------------------------+
; Port      ; Type  ; Severity ; Details                                                                                                                                                                            ;
+-----------+-------+----------+------------------------------------------------------------------------------------------------------------------------------------------------------------------------------------+
; rst_n     ; Input ; Warning  ; Input port expression (32 bits) is wider than the input port (1 bits) it drives.  The 31 most-significant bit(s) in the expression will be dangling if they have no other fanouts. ;
; rst_n[-1] ; Input ; Info     ; Stuck at VCC                                                                                                                                                                       ;
+-----------+-------+----------+------------------------------------------------------------------------------------------------------------------------------------------------------------------------------------+


+-----------------------------------------------------+
; Post-Synthesis Netlist Statistics for Top Partition ;
+-----------------------+-----------------------------+
; Type                  ; Count                       ;
+-----------------------+-----------------------------+
; boundary_port         ; 23                          ;
; cycloneiii_ff         ; 34                          ;
;     plain             ; 34                          ;
; cycloneiii_lcell_comb ; 55                          ;
;     arith             ; 20                          ;
;         2 data inputs ; 20                          ;
;     normal            ; 35                          ;
;         0 data inputs ; 1                           ;
;         1 data inputs ; 2                           ;
;         2 data inputs ; 3                           ;
;         3 data inputs ; 8                           ;
;         4 data inputs ; 21                          ;
;                       ;                             ;
; Max LUT depth         ; 4.00                        ;
; Average LUT depth     ; 2.86                        ;
+-----------------------+-----------------------------+


+-------------------------------+
; Elapsed Time Per Partition    ;
+----------------+--------------+
; Partition Name ; Elapsed Time ;
+----------------+--------------+
; Top            ; 00:00:00     ;
+----------------+--------------+


+-------------------------------+
; Analysis & Synthesis Messages ;
+-------------------------------+
Info: *******************************************************************
Info: Running Quartus Prime Analysis & Synthesis
    Info: Version 21.1.1 Build 850 06/23/2022 SJ Lite Edition
    Info: Processing started: Wed Mar  1 10:03:19 2023
Info: Command: quartus_map --read_settings_files=on --write_settings_files=off lab4b -c lab4b
Warning (18236): Number of processors has not been specified which may cause overloading on shared machines.  Set the global assignment NUM_PARALLEL_PROCESSORS in your QSF to an appropriate value for best performance.
Info (20032): Parallel compilation is enabled and will use up to 6 processors
Info (12021): Found 1 design units, including 1 entities, in source file lab4b.v
    Info (12023): Found entity 1: lab4b File: C:/Users/oars0/Documents/School/Design_and_synthesis/lab4/lab4b/lab4b.v Line: 6
Info (12021): Found 1 design units, including 1 entities, in source file output_files/intel_debounce.v
    Info (12023): Found entity 1: button_debouncer File: C:/Users/oars0/Documents/School/Design_and_synthesis/lab4/lab4b/output_files/Intel_debounce.v Line: 2
Info (12127): Elaborating entity "lab4b" for the top level hierarchy
Warning (10034): Output port "LEDR[8]" at lab4b.v(10) has no driver File: C:/Users/oars0/Documents/School/Design_and_synthesis/lab4/lab4b/lab4b.v Line: 10
Info (12128): Elaborating entity "button_debouncer" for hierarchy "button_debouncer:K1_db" File: C:/Users/oars0/Documents/School/Design_and_synthesis/lab4/lab4b/lab4b.v Line: 14
Warning (10230): Verilog HDL assignment warning at Intel_debounce.v(37): truncated value with size 32 to match size of target (1) File: C:/Users/oars0/Documents/School/Design_and_synthesis/lab4/lab4b/output_files/Intel_debounce.v Line: 37
Warning (10230): Verilog HDL assignment warning at Intel_debounce.v(38): truncated value with size 32 to match size of target (21) File: C:/Users/oars0/Documents/School/Design_and_synthesis/lab4/lab4b/output_files/Intel_debounce.v Line: 38
Warning (10230): Verilog HDL assignment warning at Intel_debounce.v(47): truncated value with size 32 to match size of target (21) File: C:/Users/oars0/Documents/School/Design_and_synthesis/lab4/lab4b/output_files/Intel_debounce.v Line: 47
Warning (10230): Verilog HDL assignment warning at Intel_debounce.v(49): truncated value with size 32 to match size of target (21) File: C:/Users/oars0/Documents/School/Design_and_synthesis/lab4/lab4b/output_files/Intel_debounce.v Line: 49
Warning (12241): 1 hierarchies have connectivity warnings - see the Connectivity Checks report folder
Warning (13024): Output pins are stuck at VCC or GND
    Warning (13410): Pin "LEDR[8]" is stuck at GND File: C:/Users/oars0/Documents/School/Design_and_synthesis/lab4/lab4b/lab4b.v Line: 10
Info (286030): Timing-Driven Synthesis is running
Info (144001): Generated suppressed messages file C:/Users/oars0/Documents/School/Design_and_synthesis/lab4/lab4b/output_files/lab4b.map.smsg
Info (16010): Generating hard_block partition "hard_block:auto_generated_inst"
    Info (16011): Adding 0 node(s), including 0 DDIO, 0 PLL, 0 transceiver and 0 LCELL
Warning (21074): Design contains 9 input pin(s) that do not drive logic
    Warning (15610): No output dependent on input pin "KEY0" File: C:/Users/oars0/Documents/School/Design_and_synthesis/lab4/lab4b/lab4b.v Line: 8
    Warning (15610): No output dependent on input pin "SW[2]" File: C:/Users/oars0/Documents/School/Design_and_synthesis/lab4/lab4b/lab4b.v Line: 9
    Warning (15610): No output dependent on input pin "SW[3]" File: C:/Users/oars0/Documents/School/Design_and_synthesis/lab4/lab4b/lab4b.v Line: 9
    Warning (15610): No output dependent on input pin "SW[4]" File: C:/Users/oars0/Documents/School/Design_and_synthesis/lab4/lab4b/lab4b.v Line: 9
    Warning (15610): No output dependent on input pin "SW[5]" File: C:/Users/oars0/Documents/School/Design_and_synthesis/lab4/lab4b/lab4b.v Line: 9
    Warning (15610): No output dependent on input pin "SW[6]" File: C:/Users/oars0/Documents/School/Design_and_synthesis/lab4/lab4b/lab4b.v Line: 9
    Warning (15610): No output dependent on input pin "SW[7]" File: C:/Users/oars0/Documents/School/Design_and_synthesis/lab4/lab4b/lab4b.v Line: 9
    Warning (15610): No output dependent on input pin "SW[8]" File: C:/Users/oars0/Documents/School/Design_and_synthesis/lab4/lab4b/lab4b.v Line: 9
    Warning (15610): No output dependent on input pin "SW[9]" File: C:/Users/oars0/Documents/School/Design_and_synthesis/lab4/lab4b/lab4b.v Line: 9
Info (21057): Implemented 80 device resources after synthesis - the final resource count might be different
    Info (21058): Implemented 13 input pins
    Info (21059): Implemented 10 output pins
    Info (21061): Implemented 57 logic cells
Info: Quartus Prime Analysis & Synthesis was successful. 0 errors, 19 warnings
    Info: Peak virtual memory: 4790 megabytes
    Info: Processing ended: Wed Mar  1 10:03:27 2023
    Info: Elapsed time: 00:00:08
    Info: Total CPU time (on all processors): 00:00:09


+------------------------------------------+
; Analysis & Synthesis Suppressed Messages ;
+------------------------------------------+
The suppressed messages can be found in C:/Users/oars0/Documents/School/Design_and_synthesis/lab4/lab4b/output_files/lab4b.map.smsg.


