Analysis & Synthesis report for lab4c
Wed Mar  8 11:06:11 2023
Quartus Prime Version 21.1.1 Build 850 06/23/2022 SJ Lite Edition


---------------------
; Table of Contents ;
---------------------
  1. Legal Notice
  2. Analysis & Synthesis Summary
  3. Analysis & Synthesis Settings
  4. Parallel Compilation
  5. Analysis & Synthesis Source Files Read
  6. Analysis & Synthesis Resource Usage Summary
  7. Analysis & Synthesis Resource Utilization by Entity
  8. State Machine - |lab4c|pulseFSM:test|y_Q
  9. Registers Removed During Synthesis
 10. General Register Statistics
 11. Multiplexer Restructuring Statistics (Restructuring Performed)
 12. Parameter Settings for User Entity Instance: Top-level Entity: |lab4c
 13. Parameter Settings for User Entity Instance: button_debouncer:testdb
 14. Parameter Settings for User Entity Instance: button_debouncer:testdb2
 15. Parameter Settings for User Entity Instance: timer:testtimer
 16. Parameter Settings for User Entity Instance: pulseFSM:test
 17. Port Connectivity Checks: "pulseFSM:test"
 18. Port Connectivity Checks: "timer:testtimer"
 19. Port Connectivity Checks: "button_debouncer:testdb2"
 20. Port Connectivity Checks: "button_debouncer:testdb"
 21. Post-Synthesis Netlist Statistics for Top Partition
 22. Elapsed Time Per Partition
 23. Analysis & Synthesis Messages
 24. Analysis & Synthesis Suppressed Messages



----------------
; Legal Notice ;
----------------
Copyright (C) 2022  Intel Corporation. All rights reserved.
Your use of Intel Corporation's design tools, logic functions 
and other software and tools, and any partner logic 
functions, and any output files from any of the foregoing 
(including device programming or simulation files), and any 
associated documentation or information are expressly subject 
to the terms and conditions of the Intel Program License 
Subscription Agreement, the Intel Quartus Prime License Agreement,
the Intel FPGA IP License Agreement, or other applicable license
agreement, including, without limitation, that your use is for
the sole purpose of programming logic devices manufactured by
Intel and sold by Intel or its authorized distributors.  Please
refer to the applicable agreement for further details, at
https://fpgasoftware.intel.com/eula.



+----------------------------------------------------------------------------------+
; Analysis & Synthesis Summary                                                     ;
+------------------------------------+---------------------------------------------+
; Analysis & Synthesis Status        ; Successful - Wed Mar  8 11:06:11 2023       ;
; Quartus Prime Version              ; 21.1.1 Build 850 06/23/2022 SJ Lite Edition ;
; Revision Name                      ; lab4c                                       ;
; Top-level Entity Name              ; lab4c                                       ;
; Family                             ; MAX 10                                      ;
; Total logic elements               ; 150                                         ;
;     Total combinational functions  ; 142                                         ;
;     Dedicated logic registers      ; 78                                          ;
; Total registers                    ; 78                                          ;
; Total pins                         ; 30                                          ;
; Total virtual pins                 ; 0                                           ;
; Total memory bits                  ; 0                                           ;
; Embedded Multiplier 9-bit elements ; 0                                           ;
; Total PLLs                         ; 0                                           ;
; UFM blocks                         ; 0                                           ;
; ADC blocks                         ; 0                                           ;
+------------------------------------+---------------------------------------------+


+------------------------------------------------------------------------------------------------------------+
; Analysis & Synthesis Settings                                                                              ;
+------------------------------------------------------------------+--------------------+--------------------+
; Option                                                           ; Setting            ; Default Value      ;
+------------------------------------------------------------------+--------------------+--------------------+
; Device                                                           ; 10M50DAF484C7G     ;                    ;
; Top-level entity name                                            ; lab4c              ; lab4c              ;
; Family name                                                      ; MAX 10             ; Cyclone V          ;
; Use smart compilation                                            ; Off                ; Off                ;
; Enable parallel Assembler and Timing Analyzer during compilation ; On                 ; On                 ;
; Enable compact report table                                      ; Off                ; Off                ;
; Restructure Multiplexers                                         ; Auto               ; Auto               ;
; Create Debugging Nodes for IP Cores                              ; Off                ; Off                ;
; Preserve fewer node names                                        ; On                 ; On                 ;
; Intel FPGA IP Evaluation Mode                                    ; Enable             ; Enable             ;
; Verilog Version                                                  ; Verilog_2001       ; Verilog_2001       ;
; VHDL Version                                                     ; VHDL_1993          ; VHDL_1993          ;
; State Machine Processing                                         ; Auto               ; Auto               ;
; Safe State Machine                                               ; Off                ; Off                ;
; Extract Verilog State Machines                                   ; On                 ; On                 ;
; Extract VHDL State Machines                                      ; On                 ; On                 ;
; Ignore Verilog initial constructs                                ; Off                ; Off                ;
; Iteration limit for constant Verilog loops                       ; 5000               ; 5000               ;
; Iteration limit for non-constant Verilog loops                   ; 250                ; 250                ;
; Add Pass-Through Logic to Inferred RAMs                          ; On                 ; On                 ;
; Infer RAMs from Raw Logic                                        ; On                 ; On                 ;
; Parallel Synthesis                                               ; On                 ; On                 ;
; DSP Block Balancing                                              ; Auto               ; Auto               ;
; NOT Gate Push-Back                                               ; On                 ; On                 ;
; Power-Up Don't Care                                              ; On                 ; On                 ;
; Remove Redundant Logic Cells                                     ; Off                ; Off                ;
; Remove Duplicate Registers                                       ; On                 ; On                 ;
; Ignore CARRY Buffers                                             ; Off                ; Off                ;
; Ignore CASCADE Buffers                                           ; Off                ; Off                ;
; Ignore GLOBAL Buffers                                            ; Off                ; Off                ;
; Ignore ROW GLOBAL Buffers                                        ; Off                ; Off                ;
; Ignore LCELL Buffers                                             ; Off                ; Off                ;
; Ignore SOFT Buffers                                              ; On                 ; On                 ;
; Limit AHDL Integers to 32 Bits                                   ; Off                ; Off                ;
; Optimization Technique                                           ; Balanced           ; Balanced           ;
; Carry Chain Length                                               ; 70                 ; 70                 ;
; Auto Carry Chains                                                ; On                 ; On                 ;
; Auto Open-Drain Pins                                             ; On                 ; On                 ;
; Perform WYSIWYG Primitive Resynthesis                            ; Off                ; Off                ;
; Auto ROM Replacement                                             ; On                 ; On                 ;
; Auto RAM Replacement                                             ; On                 ; On                 ;
; Auto DSP Block Replacement                                       ; On                 ; On                 ;
; Auto Shift Register Replacement                                  ; Auto               ; Auto               ;
; Allow Shift Register Merging across Hierarchies                  ; Auto               ; Auto               ;
; Auto Clock Enable Replacement                                    ; On                 ; On                 ;
; Strict RAM Replacement                                           ; Off                ; Off                ;
; Allow Synchronous Control Signals                                ; On                 ; On                 ;
; Force Use of Synchronous Clear Signals                           ; Off                ; Off                ;
; Auto RAM Block Balancing                                         ; On                 ; On                 ;
; Auto RAM to Logic Cell Conversion                                ; Off                ; Off                ;
; Auto Resource Sharing                                            ; Off                ; Off                ;
; Allow Any RAM Size For Recognition                               ; Off                ; Off                ;
; Allow Any ROM Size For Recognition                               ; Off                ; Off                ;
; Allow Any Shift Register Size For Recognition                    ; Off                ; Off                ;
; Use LogicLock Constraints during Resource Balancing              ; On                 ; On                 ;
; Ignore translate_off and synthesis_off directives                ; Off                ; Off                ;
; Timing-Driven Synthesis                                          ; On                 ; On                 ;
; Report Parameter Settings                                        ; On                 ; On                 ;
; Report Source Assignments                                        ; On                 ; On                 ;
; Report Connectivity Checks                                       ; On                 ; On                 ;
; Ignore Maximum Fan-Out Assignments                               ; Off                ; Off                ;
; Synchronization Register Chain Length                            ; 2                  ; 2                  ;
; Power Optimization During Synthesis                              ; Normal compilation ; Normal compilation ;
; HDL message level                                                ; Level2             ; Level2             ;
; Suppress Register Optimization Related Messages                  ; Off                ; Off                ;
; Number of Removed Registers Reported in Synthesis Report         ; 5000               ; 5000               ;
; Number of Swept Nodes Reported in Synthesis Report               ; 5000               ; 5000               ;
; Number of Inverted Registers Reported in Synthesis Report        ; 100                ; 100                ;
; Clock MUX Protection                                             ; On                 ; On                 ;
; Auto Gated Clock Conversion                                      ; Off                ; Off                ;
; Block Design Naming                                              ; Auto               ; Auto               ;
; SDC constraint protection                                        ; Off                ; Off                ;
; Synthesis Effort                                                 ; Auto               ; Auto               ;
; Shift Register Replacement - Allow Asynchronous Clear Signal     ; On                 ; On                 ;
; Pre-Mapping Resynthesis Optimization                             ; Off                ; Off                ;
; Analysis & Synthesis Message Level                               ; Medium             ; Medium             ;
; Disable Register Merging Across Hierarchies                      ; Auto               ; Auto               ;
; Resource Aware Inference For Block RAM                           ; On                 ; On                 ;
+------------------------------------------------------------------+--------------------+--------------------+


+------------------------------------------+
; Parallel Compilation                     ;
+----------------------------+-------------+
; Processors                 ; Number      ;
+----------------------------+-------------+
; Number detected on machine ; 12          ;
; Maximum allowed            ; 6           ;
;                            ;             ;
; Average used               ; 1.00        ;
; Maximum used               ; 6           ;
;                            ;             ;
; Usage by Processor         ; % Time Used ;
;     Processor 1            ; 100.0%      ;
;     Processors 2-6         ;   0.0%      ;
+----------------------------+-------------+


+----------------------------------------------------------------------------------------------------------------------------------------------------------------------------------+
; Analysis & Synthesis Source Files Read                                                                                                                                           ;
+----------------------------------+-----------------+------------------------------+------------------------------------------------------------------------------------+---------+
; File Name with User-Entered Path ; Used in Netlist ; File Type                    ; File Name with Absolute Path                                                       ; Library ;
+----------------------------------+-----------------+------------------------------+------------------------------------------------------------------------------------+---------+
; ../lab4a/lab4a.v                 ; yes             ; User Verilog HDL File        ; C:/Users/oars0/Documents/School/Design_and_synthesis/lab4/lab4a/lab4a.v            ;         ;
; lab4c.v                          ; yes             ; User Verilog HDL File        ; C:/Users/oars0/Documents/School/Design_and_synthesis/lab4/lab4c/lab4c.v            ;         ;
; timer.v                          ; yes             ; User Verilog HDL File        ; C:/Users/oars0/Documents/School/Design_and_synthesis/lab4/lab4c/timer.v            ;         ;
; Button_debouncer.v               ; yes             ; User Verilog HDL File        ; C:/Users/oars0/Documents/School/Design_and_synthesis/lab4/lab4c/Button_debouncer.v ;         ;
; pulsefsm.v                       ; yes             ; Auto-Found Verilog HDL File  ; C:/Users/oars0/Documents/School/Design_and_synthesis/lab4/lab4c/pulsefsm.v         ;         ;
+----------------------------------+-----------------+------------------------------+------------------------------------------------------------------------------------+---------+


+-------------------------------------------------------------------+
; Analysis & Synthesis Resource Usage Summary                       ;
+---------------------------------------------+---------------------+
; Resource                                    ; Usage               ;
+---------------------------------------------+---------------------+
; Estimated Total logic elements              ; 150                 ;
;                                             ;                     ;
; Total combinational functions               ; 142                 ;
; Logic element usage by number of LUT inputs ;                     ;
;     -- 4 input functions                    ; 55                  ;
;     -- 3 input functions                    ; 16                  ;
;     -- <=2 input functions                  ; 71                  ;
;                                             ;                     ;
; Logic elements by mode                      ;                     ;
;     -- normal mode                          ; 91                  ;
;     -- arithmetic mode                      ; 51                  ;
;                                             ;                     ;
; Total registers                             ; 78                  ;
;     -- Dedicated logic registers            ; 78                  ;
;     -- I/O registers                        ; 0                   ;
;                                             ;                     ;
; I/O pins                                    ; 30                  ;
;                                             ;                     ;
; Embedded Multiplier 9-bit elements          ; 0                   ;
;                                             ;                     ;
; Maximum fan-out node                        ; MAX10_CLK1_50~input ;
; Maximum fan-out                             ; 64                  ;
; Total fan-out                               ; 602                 ;
; Average fan-out                             ; 2.15                ;
+---------------------------------------------+---------------------+


+--------------------------------------------------------------------------------------------------------------------------------------------------------------------------------------------------------------------------------------------------------+
; Analysis & Synthesis Resource Utilization by Entity                                                                                                                                                                                                    ;
+-------------------------------+---------------------+---------------------------+-------------+------------+--------------+---------+-----------+------+--------------+------------+---------------------------------+------------------+--------------+
; Compilation Hierarchy Node    ; Combinational ALUTs ; Dedicated Logic Registers ; Memory Bits ; UFM Blocks ; DSP Elements ; DSP 9x9 ; DSP 18x18 ; Pins ; Virtual Pins ; ADC blocks ; Full Hierarchy Name             ; Entity Name      ; Library Name ;
+-------------------------------+---------------------+---------------------------+-------------+------------+--------------+---------+-----------+------+--------------+------------+---------------------------------+------------------+--------------+
; |lab4c                        ; 142 (0)             ; 78 (0)                    ; 0           ; 0          ; 0            ; 0       ; 0         ; 30   ; 0            ; 0          ; |lab4c                          ; lab4c            ; work         ;
;    |button_debouncer:testdb2| ; 44 (44)             ; 26 (26)                   ; 0           ; 0          ; 0            ; 0       ; 0         ; 0    ; 0            ; 0          ; |lab4c|button_debouncer:testdb2 ; button_debouncer ; work         ;
;    |button_debouncer:testdb|  ; 1 (1)               ; 5 (5)                     ; 0           ; 0          ; 0            ; 0       ; 0         ; 0    ; 0            ; 0          ; |lab4c|button_debouncer:testdb  ; button_debouncer ; work         ;
;    |lab4a:letters|            ; 8 (8)               ; 0 (0)                     ; 0           ; 0          ; 0            ; 0       ; 0         ; 0    ; 0            ; 0          ; |lab4c|lab4a:letters            ; lab4a            ; work         ;
;    |pulseFSM:test|            ; 33 (33)             ; 14 (14)                   ; 0           ; 0          ; 0            ; 0       ; 0         ; 0    ; 0            ; 0          ; |lab4c|pulseFSM:test            ; pulseFSM         ; work         ;
;    |timer:testtimer|          ; 56 (56)             ; 33 (33)                   ; 0           ; 0          ; 0            ; 0       ; 0         ; 0    ; 0            ; 0          ; |lab4c|timer:testtimer          ; timer            ; work         ;
+-------------------------------+---------------------+---------------------------+-------------+------------+--------------+---------+-----------+------+--------------+------------+---------------------------------+------------------+--------------+
Note: For table entries with two numbers listed, the numbers in parentheses indicate the number of resources of the given type used by the specific entity alone. The numbers listed outside of parentheses indicate the total resources of the given type used by the specific entity and all of its sub-entities in the hierarchy.


Encoding Type:  One-Hot
+------------------------------------------------------------------+
; State Machine - |lab4c|pulseFSM:test|y_Q                         ;
+-----------+----------+-----------+----------+----------+---------+
; Name      ; y_Q.Long ; y_Q.Short ; y_Q.Wait ; y_Q.Init ; y_Q.End ;
+-----------+----------+-----------+----------+----------+---------+
; y_Q.Init  ; 0        ; 0         ; 0        ; 0        ; 0       ;
; y_Q.Wait  ; 0        ; 0         ; 1        ; 1        ; 0       ;
; y_Q.Short ; 0        ; 1         ; 0        ; 1        ; 0       ;
; y_Q.Long  ; 1        ; 0         ; 0        ; 1        ; 0       ;
; y_Q.End   ; 0        ; 0         ; 0        ; 1        ; 1       ;
+-----------+----------+-----------+----------+----------+---------+


+-------------------------------------------------------------------------------------------+
; Registers Removed During Synthesis                                                        ;
+----------------------------------------+--------------------------------------------------+
; Register name                          ; Reason for Removal                               ;
+----------------------------------------+--------------------------------------------------+
; button_debouncer:testdb|counter[20]    ; Merged with button_debouncer:testdb2|counter[20] ;
; button_debouncer:testdb|counter[19]    ; Merged with button_debouncer:testdb2|counter[19] ;
; button_debouncer:testdb|counter[18]    ; Merged with button_debouncer:testdb2|counter[18] ;
; button_debouncer:testdb|counter[17]    ; Merged with button_debouncer:testdb2|counter[17] ;
; button_debouncer:testdb|counter[16]    ; Merged with button_debouncer:testdb2|counter[16] ;
; button_debouncer:testdb|counter[15]    ; Merged with button_debouncer:testdb2|counter[15] ;
; button_debouncer:testdb|counter[14]    ; Merged with button_debouncer:testdb2|counter[14] ;
; button_debouncer:testdb|counter[13]    ; Merged with button_debouncer:testdb2|counter[13] ;
; button_debouncer:testdb|counter[12]    ; Merged with button_debouncer:testdb2|counter[12] ;
; button_debouncer:testdb|counter[11]    ; Merged with button_debouncer:testdb2|counter[11] ;
; button_debouncer:testdb|counter[10]    ; Merged with button_debouncer:testdb2|counter[10] ;
; button_debouncer:testdb|counter[9]     ; Merged with button_debouncer:testdb2|counter[9]  ;
; button_debouncer:testdb|counter[8]     ; Merged with button_debouncer:testdb2|counter[8]  ;
; button_debouncer:testdb|counter[7]     ; Merged with button_debouncer:testdb2|counter[7]  ;
; button_debouncer:testdb|counter[6]     ; Merged with button_debouncer:testdb2|counter[6]  ;
; button_debouncer:testdb|counter[5]     ; Merged with button_debouncer:testdb2|counter[5]  ;
; button_debouncer:testdb|counter[4]     ; Merged with button_debouncer:testdb2|counter[4]  ;
; button_debouncer:testdb|counter[3]     ; Merged with button_debouncer:testdb2|counter[3]  ;
; button_debouncer:testdb|counter[2]     ; Merged with button_debouncer:testdb2|counter[2]  ;
; button_debouncer:testdb|counter[1]     ; Merged with button_debouncer:testdb2|counter[1]  ;
; button_debouncer:testdb|counter[0]     ; Merged with button_debouncer:testdb2|counter[0]  ;
; pulseFSM:test|y_Q~2                    ; Lost fanout                                      ;
; pulseFSM:test|y_Q~3                    ; Lost fanout                                      ;
; pulseFSM:test|y_Q~5                    ; Lost fanout                                      ;
; Total Number of Removed Registers = 24 ;                                                  ;
+----------------------------------------+--------------------------------------------------+


+------------------------------------------------------+
; General Register Statistics                          ;
+----------------------------------------------+-------+
; Statistic                                    ; Value ;
+----------------------------------------------+-------+
; Total registers                              ; 78    ;
; Number of registers using Synchronous Clear  ; 0     ;
; Number of registers using Synchronous Load   ; 0     ;
; Number of registers using Asynchronous Clear ; 0     ;
; Number of registers using Asynchronous Load  ; 0     ;
; Number of registers using Clock Enable       ; 2     ;
; Number of registers using Preset             ; 0     ;
+----------------------------------------------+-------+


+------------------------------------------------------------------------------------------------------------------------------------------+
; Multiplexer Restructuring Statistics (Restructuring Performed)                                                                           ;
+--------------------+-----------+---------------+----------------------+------------------------+------------+----------------------------+
; Multiplexer Inputs ; Bus Width ; Baseline Area ; Area if Restructured ; Saving if Restructured ; Registered ; Example Multiplexer Output ;
+--------------------+-----------+---------------+----------------------+------------------------+------------+----------------------------+
; 6:1                ; 4 bits    ; 16 LEs        ; 4 LEs                ; 12 LEs                 ; Yes        ; |lab4c|pulseFSM:test|i[1]  ;
+--------------------+-----------+---------------+----------------------+------------------------+------------+----------------------------+


+-----------------------------------------------------------------------+
; Parameter Settings for User Entity Instance: Top-level Entity: |lab4c ;
+----------------+-------+----------------------------------------------+
; Parameter Name ; Value ; Type                                         ;
+----------------+-------+----------------------------------------------+
; A_SW           ; 000   ; Unsigned Binary                              ;
; A_Code         ; 0010  ; Unsigned Binary                              ;
; A_len          ; 2     ; Signed Integer                               ;
; B_SW           ; 001   ; Unsigned Binary                              ;
; B_Code         ; 0001  ; Unsigned Binary                              ;
; B_len          ; 4     ; Signed Integer                               ;
; C_SW           ; 010   ; Unsigned Binary                              ;
; C_Code         ; 0101  ; Unsigned Binary                              ;
; C_len          ; 4     ; Signed Integer                               ;
; D_SW           ; 011   ; Unsigned Binary                              ;
; D_Code         ; 0001  ; Unsigned Binary                              ;
; D_len          ; 3     ; Signed Integer                               ;
; E_SW           ; 100   ; Unsigned Binary                              ;
; E_Code         ; 0000  ; Unsigned Binary                              ;
; E_len          ; 1     ; Signed Integer                               ;
; F_SW           ; 101   ; Unsigned Binary                              ;
; F_Code         ; 0100  ; Unsigned Binary                              ;
; F_len          ; 4     ; Signed Integer                               ;
; G_SW           ; 110   ; Unsigned Binary                              ;
; G_Code         ; 0011  ; Unsigned Binary                              ;
; G_len          ; 3     ; Signed Integer                               ;
; H_SW           ; 111   ; Unsigned Binary                              ;
; H_Code         ; 0000  ; Unsigned Binary                              ;
; H_len          ; 4     ; Signed Integer                               ;
+----------------+-------+----------------------------------------------+
Note: In order to hide this table in the UI and the text report file, please set the "Show Parameter Settings in Synthesis Report" option in "Analysis and Synthesis Settings -> More Settings" to "Off".


+----------------------------------------------------------------------+
; Parameter Settings for User Entity Instance: button_debouncer:testdb ;
+----------------+--------+--------------------------------------------+
; Parameter Name ; Value  ; Type                                       ;
+----------------+--------+--------------------------------------------+
; preset_val     ; 0      ; Signed Integer                             ;
; counter_max    ; 100000 ; Signed Integer                             ;
+----------------+--------+--------------------------------------------+
Note: In order to hide this table in the UI and the text report file, please set the "Show Parameter Settings in Synthesis Report" option in "Analysis and Synthesis Settings -> More Settings" to "Off".


+-----------------------------------------------------------------------+
; Parameter Settings for User Entity Instance: button_debouncer:testdb2 ;
+----------------+--------+---------------------------------------------+
; Parameter Name ; Value  ; Type                                        ;
+----------------+--------+---------------------------------------------+
; preset_val     ; 0      ; Signed Integer                              ;
; counter_max    ; 100000 ; Signed Integer                              ;
+----------------+--------+---------------------------------------------+
Note: In order to hide this table in the UI and the text report file, please set the "Show Parameter Settings in Synthesis Report" option in "Analysis and Synthesis Settings -> More Settings" to "Off".


+--------------------------------------------------------------+
; Parameter Settings for User Entity Instance: timer:testtimer ;
+----------------+----------+----------------------------------+
; Parameter Name ; Value    ; Type                             ;
+----------------+----------+----------------------------------+
; n              ; 32       ; Signed Integer                   ;
; target         ; 12500000 ; Signed Integer                   ;
+----------------+----------+----------------------------------+
Note: In order to hide this table in the UI and the text report file, please set the "Show Parameter Settings in Synthesis Report" option in "Analysis and Synthesis Settings -> More Settings" to "Off".


+------------------------------------------------------------+
; Parameter Settings for User Entity Instance: pulseFSM:test ;
+----------------+-------+-----------------------------------+
; Parameter Name ; Value ; Type                              ;
+----------------+-------+-----------------------------------+
; Init           ; 0     ; Signed Integer                    ;
; Wait           ; 1     ; Signed Integer                    ;
; Short          ; 2     ; Signed Integer                    ;
; Long           ; 3     ; Signed Integer                    ;
; End            ; 4     ; Signed Integer                    ;
+----------------+-------+-----------------------------------+
Note: In order to hide this table in the UI and the text report file, please set the "Show Parameter Settings in Synthesis Report" option in "Analysis and Synthesis Settings -> More Settings" to "Off".


+---------------------------------------------+
; Port Connectivity Checks: "pulseFSM:test"   ;
+-----------+-------+----------+--------------+
; Port      ; Type  ; Severity ; Details      ;
+-----------+-------+----------+--------------+
; code[3]   ; Input ; Info     ; Stuck at GND ;
; length[3] ; Input ; Info     ; Stuck at GND ;
+-----------+-------+----------+--------------+


+---------------------------------------------------------------------------------------------------------------------------------------------------------------------------------------------------------------------+
; Port Connectivity Checks: "timer:testtimer"                                                                                                                                                                         ;
+-------------+-------+----------+------------------------------------------------------------------------------------------------------------------------------------------------------------------------------------+
; Port        ; Type  ; Severity ; Details                                                                                                                                                                            ;
+-------------+-------+----------+------------------------------------------------------------------------------------------------------------------------------------------------------------------------------------+
; Reset_n     ; Input ; Warning  ; Input port expression (32 bits) is wider than the input port (1 bits) it drives.  The 31 most-significant bit(s) in the expression will be dangling if they have no other fanouts. ;
; Reset_n[-1] ; Input ; Info     ; Stuck at VCC                                                                                                                                                                       ;
+-------------+-------+----------+------------------------------------------------------------------------------------------------------------------------------------------------------------------------------------+


+-------------------------------------------------------------------------------------------------------------------------------------------------------------------------------------------------------------------+
; Port Connectivity Checks: "button_debouncer:testdb2"                                                                                                                                                              ;
+-----------+-------+----------+------------------------------------------------------------------------------------------------------------------------------------------------------------------------------------+
; Port      ; Type  ; Severity ; Details                                                                                                                                                                            ;
+-----------+-------+----------+------------------------------------------------------------------------------------------------------------------------------------------------------------------------------------+
; rst_n     ; Input ; Warning  ; Input port expression (32 bits) is wider than the input port (1 bits) it drives.  The 31 most-significant bit(s) in the expression will be dangling if they have no other fanouts. ;
; rst_n[-1] ; Input ; Info     ; Stuck at VCC                                                                                                                                                                       ;
+-----------+-------+----------+------------------------------------------------------------------------------------------------------------------------------------------------------------------------------------+


+-------------------------------------------------------------------------------------------------------------------------------------------------------------------------------------------------------------------+
; Port Connectivity Checks: "button_debouncer:testdb"                                                                                                                                                               ;
+-----------+-------+----------+------------------------------------------------------------------------------------------------------------------------------------------------------------------------------------+
; Port      ; Type  ; Severity ; Details                                                                                                                                                                            ;
+-----------+-------+----------+------------------------------------------------------------------------------------------------------------------------------------------------------------------------------------+
; rst_n     ; Input ; Warning  ; Input port expression (32 bits) is wider than the input port (1 bits) it drives.  The 31 most-significant bit(s) in the expression will be dangling if they have no other fanouts. ;
; rst_n[-1] ; Input ; Info     ; Stuck at VCC                                                                                                                                                                       ;
+-----------+-------+----------+------------------------------------------------------------------------------------------------------------------------------------------------------------------------------------+


+-----------------------------------------------------+
; Post-Synthesis Netlist Statistics for Top Partition ;
+-----------------------+-----------------------------+
; Type                  ; Count                       ;
+-----------------------+-----------------------------+
; boundary_port         ; 30                          ;
; cycloneiii_ff         ; 78                          ;
;     ENA               ; 2                           ;
;     plain             ; 76                          ;
; cycloneiii_lcell_comb ; 144                         ;
;     arith             ; 51                          ;
;         2 data inputs ; 51                          ;
;     normal            ; 93                          ;
;         0 data inputs ; 1                           ;
;         1 data inputs ; 5                           ;
;         2 data inputs ; 16                          ;
;         3 data inputs ; 16                          ;
;         4 data inputs ; 55                          ;
;                       ;                             ;
; Max LUT depth         ; 5.00                        ;
; Average LUT depth     ; 3.33                        ;
+-----------------------+-----------------------------+


+-------------------------------+
; Elapsed Time Per Partition    ;
+----------------+--------------+
; Partition Name ; Elapsed Time ;
+----------------+--------------+
; Top            ; 00:00:00     ;
+----------------+--------------+


+-------------------------------+
; Analysis & Synthesis Messages ;
+-------------------------------+
Info: *******************************************************************
Info: Running Quartus Prime Analysis & Synthesis
    Info: Version 21.1.1 Build 850 06/23/2022 SJ Lite Edition
    Info: Processing started: Wed Mar  8 11:06:03 2023
Info: Command: quartus_map --read_settings_files=on --write_settings_files=off lab4c -c lab4c
Warning (18236): Number of processors has not been specified which may cause overloading on shared machines.  Set the global assignment NUM_PARALLEL_PROCESSORS in your QSF to an appropriate value for best performance.
Info (20032): Parallel compilation is enabled and will use up to 6 processors
Info (12021): Found 1 design units, including 1 entities, in source file /users/oars0/documents/school/design_and_synthesis/lab4/lab4a/lab4a.v
    Info (12023): Found entity 1: lab4a File: C:/Users/oars0/Documents/School/Design_and_synthesis/lab4/lab4a/lab4a.v Line: 6
Info (12021): Found 1 design units, including 1 entities, in source file /users/oars0/documents/school/design_and_synthesis/lab4/lab4b/lab4b.v
    Info (12023): Found entity 1: lab4b File: C:/Users/oars0/Documents/School/Design_and_synthesis/lab4/lab4b/lab4b.v Line: 8
Info (12021): Found 1 design units, including 1 entities, in source file lab4c.v
    Info (12023): Found entity 1: lab4c File: C:/Users/oars0/Documents/School/Design_and_synthesis/lab4/lab4c/lab4c.v Line: 6
Info (12021): Found 1 design units, including 1 entities, in source file timer.v
    Info (12023): Found entity 1: timer File: C:/Users/oars0/Documents/School/Design_and_synthesis/lab4/lab4c/timer.v Line: 2
Info (12021): Found 1 design units, including 1 entities, in source file counter.v
    Info (12023): Found entity 1: counter File: C:/Users/oars0/Documents/School/Design_and_synthesis/lab4/lab4c/counter.v Line: 2
Info (12021): Found 1 design units, including 1 entities, in source file button_debouncer.v
    Info (12023): Found entity 1: button_debouncer File: C:/Users/oars0/Documents/School/Design_and_synthesis/lab4/lab4c/Button_debouncer.v Line: 2
Warning (12019): Can't analyze file -- file output_files/pulseFSM.v is missing
Warning (10236): Verilog HDL Implicit Net warning at lab4c.v(40): created implicit net for "rst" File: C:/Users/oars0/Documents/School/Design_and_synthesis/lab4/lab4c/lab4c.v Line: 40
Info (12127): Elaborating entity "lab4c" for the top level hierarchy
Warning (10230): Verilog HDL assignment warning at lab4c.v(28): truncated value with size 32 to match size of target (4) File: C:/Users/oars0/Documents/School/Design_and_synthesis/lab4/lab4c/lab4c.v Line: 28
Warning (10230): Verilog HDL assignment warning at lab4c.v(29): truncated value with size 32 to match size of target (4) File: C:/Users/oars0/Documents/School/Design_and_synthesis/lab4/lab4c/lab4c.v Line: 29
Warning (10230): Verilog HDL assignment warning at lab4c.v(30): truncated value with size 32 to match size of target (4) File: C:/Users/oars0/Documents/School/Design_and_synthesis/lab4/lab4c/lab4c.v Line: 30
Warning (10230): Verilog HDL assignment warning at lab4c.v(31): truncated value with size 32 to match size of target (4) File: C:/Users/oars0/Documents/School/Design_and_synthesis/lab4/lab4c/lab4c.v Line: 31
Warning (10230): Verilog HDL assignment warning at lab4c.v(32): truncated value with size 32 to match size of target (4) File: C:/Users/oars0/Documents/School/Design_and_synthesis/lab4/lab4c/lab4c.v Line: 32
Warning (10230): Verilog HDL assignment warning at lab4c.v(33): truncated value with size 32 to match size of target (4) File: C:/Users/oars0/Documents/School/Design_and_synthesis/lab4/lab4c/lab4c.v Line: 33
Warning (10230): Verilog HDL assignment warning at lab4c.v(34): truncated value with size 32 to match size of target (4) File: C:/Users/oars0/Documents/School/Design_and_synthesis/lab4/lab4c/lab4c.v Line: 34
Warning (10230): Verilog HDL assignment warning at lab4c.v(35): truncated value with size 32 to match size of target (4) File: C:/Users/oars0/Documents/School/Design_and_synthesis/lab4/lab4c/lab4c.v Line: 35
Warning (10034): Output port "LEDR[9..1]" at lab4c.v(9) has no driver File: C:/Users/oars0/Documents/School/Design_and_synthesis/lab4/lab4c/lab4c.v Line: 9
Info (12128): Elaborating entity "lab4a" for hierarchy "lab4a:letters" File: C:/Users/oars0/Documents/School/Design_and_synthesis/lab4/lab4c/lab4c.v Line: 39
Info (12128): Elaborating entity "button_debouncer" for hierarchy "button_debouncer:testdb" File: C:/Users/oars0/Documents/School/Design_and_synthesis/lab4/lab4c/lab4c.v Line: 40
Warning (10230): Verilog HDL assignment warning at Button_debouncer.v(37): truncated value with size 32 to match size of target (1) File: C:/Users/oars0/Documents/School/Design_and_synthesis/lab4/lab4c/Button_debouncer.v Line: 37
Warning (10230): Verilog HDL assignment warning at Button_debouncer.v(38): truncated value with size 32 to match size of target (21) File: C:/Users/oars0/Documents/School/Design_and_synthesis/lab4/lab4c/Button_debouncer.v Line: 38
Warning (10230): Verilog HDL assignment warning at Button_debouncer.v(47): truncated value with size 32 to match size of target (21) File: C:/Users/oars0/Documents/School/Design_and_synthesis/lab4/lab4c/Button_debouncer.v Line: 47
Warning (10230): Verilog HDL assignment warning at Button_debouncer.v(49): truncated value with size 32 to match size of target (21) File: C:/Users/oars0/Documents/School/Design_and_synthesis/lab4/lab4c/Button_debouncer.v Line: 49
Info (12128): Elaborating entity "timer" for hierarchy "timer:testtimer" File: C:/Users/oars0/Documents/School/Design_and_synthesis/lab4/lab4c/lab4c.v Line: 42
Warning (12125): Using design file pulsefsm.v, which is not specified as a design file for the current project, but contains definitions for 1 design units and 1 entities in project
    Info (12023): Found entity 1: pulseFSM File: C:/Users/oars0/Documents/School/Design_and_synthesis/lab4/lab4c/pulsefsm.v Line: 1
Info (12128): Elaborating entity "pulseFSM" for hierarchy "pulseFSM:test" File: C:/Users/oars0/Documents/School/Design_and_synthesis/lab4/lab4c/lab4c.v Line: 44
Warning (10230): Verilog HDL assignment warning at pulsefsm.v(30): truncated value with size 32 to match size of target (4) File: C:/Users/oars0/Documents/School/Design_and_synthesis/lab4/lab4c/pulsefsm.v Line: 30
Warning (10230): Verilog HDL assignment warning at pulsefsm.v(35): truncated value with size 32 to match size of target (4) File: C:/Users/oars0/Documents/School/Design_and_synthesis/lab4/lab4c/pulsefsm.v Line: 35
Warning (10230): Verilog HDL assignment warning at pulsefsm.v(44): truncated value with size 32 to match size of target (4) File: C:/Users/oars0/Documents/School/Design_and_synthesis/lab4/lab4c/pulsefsm.v Line: 44
Info (10264): Verilog HDL Case Statement information at pulsefsm.v(41): all case item expressions in this case statement are onehot File: C:/Users/oars0/Documents/School/Design_and_synthesis/lab4/lab4c/pulsefsm.v Line: 41
Warning (12241): 3 hierarchies have connectivity warnings - see the Connectivity Checks report folder
Warning (13024): Output pins are stuck at VCC or GND
    Warning (13410): Pin "LEDR[1]" is stuck at GND File: C:/Users/oars0/Documents/School/Design_and_synthesis/lab4/lab4c/lab4c.v Line: 9
    Warning (13410): Pin "LEDR[2]" is stuck at GND File: C:/Users/oars0/Documents/School/Design_and_synthesis/lab4/lab4c/lab4c.v Line: 9
    Warning (13410): Pin "LEDR[3]" is stuck at GND File: C:/Users/oars0/Documents/School/Design_and_synthesis/lab4/lab4c/lab4c.v Line: 9
    Warning (13410): Pin "LEDR[4]" is stuck at GND File: C:/Users/oars0/Documents/School/Design_and_synthesis/lab4/lab4c/lab4c.v Line: 9
    Warning (13410): Pin "LEDR[5]" is stuck at GND File: C:/Users/oars0/Documents/School/Design_and_synthesis/lab4/lab4c/lab4c.v Line: 9
    Warning (13410): Pin "LEDR[6]" is stuck at GND File: C:/Users/oars0/Documents/School/Design_and_synthesis/lab4/lab4c/lab4c.v Line: 9
    Warning (13410): Pin "LEDR[7]" is stuck at GND File: C:/Users/oars0/Documents/School/Design_and_synthesis/lab4/lab4c/lab4c.v Line: 9
    Warning (13410): Pin "LEDR[8]" is stuck at GND File: C:/Users/oars0/Documents/School/Design_and_synthesis/lab4/lab4c/lab4c.v Line: 9
    Warning (13410): Pin "LEDR[9]" is stuck at GND File: C:/Users/oars0/Documents/School/Design_and_synthesis/lab4/lab4c/lab4c.v Line: 9
Info (286030): Timing-Driven Synthesis is running
Info (17049): 3 registers lost all their fanouts during netlist optimizations.
Info (144001): Generated suppressed messages file C:/Users/oars0/Documents/School/Design_and_synthesis/lab4/lab4c/output_files/lab4c.map.smsg
Info (16010): Generating hard_block partition "hard_block:auto_generated_inst"
    Info (16011): Adding 0 node(s), including 0 DDIO, 0 PLL, 0 transceiver and 0 LCELL
Warning (21074): Design contains 7 input pin(s) that do not drive logic
    Warning (15610): No output dependent on input pin "SW[3]" File: C:/Users/oars0/Documents/School/Design_and_synthesis/lab4/lab4c/lab4c.v Line: 7
    Warning (15610): No output dependent on input pin "SW[4]" File: C:/Users/oars0/Documents/School/Design_and_synthesis/lab4/lab4c/lab4c.v Line: 7
    Warning (15610): No output dependent on input pin "SW[5]" File: C:/Users/oars0/Documents/School/Design_and_synthesis/lab4/lab4c/lab4c.v Line: 7
    Warning (15610): No output dependent on input pin "SW[6]" File: C:/Users/oars0/Documents/School/Design_and_synthesis/lab4/lab4c/lab4c.v Line: 7
    Warning (15610): No output dependent on input pin "SW[7]" File: C:/Users/oars0/Documents/School/Design_and_synthesis/lab4/lab4c/lab4c.v Line: 7
    Warning (15610): No output dependent on input pin "SW[8]" File: C:/Users/oars0/Documents/School/Design_and_synthesis/lab4/lab4c/lab4c.v Line: 7
    Warning (15610): No output dependent on input pin "SW[9]" File: C:/Users/oars0/Documents/School/Design_and_synthesis/lab4/lab4c/lab4c.v Line: 7
Info (21057): Implemented 182 device resources after synthesis - the final resource count might be different
    Info (21058): Implemented 13 input pins
    Info (21059): Implemented 17 output pins
    Info (21061): Implemented 152 logic cells
Info: Quartus Prime Analysis & Synthesis was successful. 0 errors, 39 warnings
    Info: Peak virtual memory: 4806 megabytes
    Info: Processing ended: Wed Mar  8 11:06:11 2023
    Info: Elapsed time: 00:00:08
    Info: Total CPU time (on all processors): 00:00:09


+------------------------------------------+
; Analysis & Synthesis Suppressed Messages ;
+------------------------------------------+
The suppressed messages can be found in C:/Users/oars0/Documents/School/Design_and_synthesis/lab4/lab4c/output_files/lab4c.map.smsg.


